{"/Users/jaredjbarnes/Documents/Queryablejs/lib/OperationExpression.js":{"path":"/Users/jaredjbarnes/Documents/Queryablejs/lib/OperationExpression.js","s":{"1":1,"2":1,"3":1,"4":1,"5":4,"6":4,"7":4,"8":4,"9":4,"10":4,"11":1,"12":1,"13":1,"14":1,"15":0,"16":1,"17":1,"18":1,"19":1,"20":1,"21":1,"22":268,"23":0,"24":1,"25":268,"26":0,"27":268,"28":1,"29":1,"30":0,"31":1,"32":1,"33":1,"34":1,"35":1,"36":1,"37":268,"38":268,"39":268,"40":268,"41":268,"42":1,"43":84,"44":84,"45":84,"46":63,"47":84,"48":0,"49":0,"50":0,"51":0,"52":0,"53":0,"54":0,"55":0,"56":0,"57":0,"58":0,"59":0,"60":0,"61":0,"62":0,"63":0,"64":0,"65":0,"66":0,"67":0,"68":0,"69":0,"70":0,"71":0,"72":0,"73":0,"74":0,"75":1,"76":1},"b":{"1":[4,4],"2":[4,0],"3":[1,0],"4":[0,1],"5":[1,0],"6":[1,1],"7":[0,268],"8":[0,268],"9":[0,268],"10":[268,0,0],"11":[0,1],"12":[1,0],"13":[1,1],"14":[1,0],"15":[1,0],"16":[268,0],"17":[0,0],"18":[0,0],"19":[0,0],"20":[0,0],"21":[0,0],"22":[0,0],"23":[0,0],"24":[0,0],"25":[0,0],"26":[0,0],"27":[0,0],"28":[0,0]},"f":{"1":1,"2":1,"3":1,"4":1,"5":268,"6":268,"7":1,"8":1,"9":268,"10":84,"11":63,"12":0,"13":0,"14":0,"15":0,"16":0,"17":0,"18":0,"19":0},"fnMap":{"1":{"name":"(anonymous_1)","line":7,"loc":{"start":{"line":7,"column":19},"end":{"line":7,"column":31}}},"2":{"name":"defineProperties","line":7,"loc":{"start":{"line":7,"column":33},"end":{"line":7,"column":74}}},"3":{"name":"(anonymous_3)","line":7,"loc":{"start":{"line":7,"column":357},"end":{"line":7,"column":405}}},"4":{"name":"_interopRequireDefault","line":13,"loc":{"start":{"line":13,"column":0},"end":{"line":13,"column":37}}},"5":{"name":"_classCallCheck","line":15,"loc":{"start":{"line":15,"column":0},"end":{"line":15,"column":48}}},"6":{"name":"_possibleConstructorReturn","line":17,"loc":{"start":{"line":17,"column":0},"end":{"line":17,"column":48}}},"7":{"name":"_inherits","line":19,"loc":{"start":{"line":19,"column":0},"end":{"line":19,"column":41}}},"8":{"name":"(anonymous_8)","line":21,"loc":{"start":{"line":21,"column":26},"end":{"line":21,"column":49}}},"9":{"name":"OperationExpression","line":24,"loc":{"start":{"line":24,"column":4},"end":{"line":24,"column":43}}},"10":{"name":"copy","line":36,"loc":{"start":{"line":36,"column":15},"end":{"line":36,"column":31}}},"11":{"name":"(anonymous_11)","line":40,"loc":{"start":{"line":40,"column":34},"end":{"line":40,"column":56}}},"12":{"name":"isEqualTo","line":48,"loc":{"start":{"line":48,"column":15},"end":{"line":48,"column":36}}},"13":{"name":"(anonymous_13)","line":57,"loc":{"start":{"line":57,"column":39},"end":{"line":57,"column":68}}},"14":{"name":"contains","line":63,"loc":{"start":{"line":63,"column":15},"end":{"line":63,"column":39}}},"15":{"name":"(anonymous_15)","line":67,"loc":{"start":{"line":67,"column":50},"end":{"line":67,"column":78}}},"16":{"name":"(anonymous_16)","line":76,"loc":{"start":{"line":76,"column":38},"end":{"line":76,"column":59}}},"17":{"name":"getMatchingNodes","line":82,"loc":{"start":{"line":82,"column":15},"end":{"line":82,"column":61}}},"18":{"name":"(anonymous_18)","line":88,"loc":{"start":{"line":88,"column":50},"end":{"line":88,"column":78}}},"19":{"name":"(anonymous_19)","line":97,"loc":{"start":{"line":97,"column":34},"end":{"line":97,"column":55}}}},"statementMap":{"1":{"start":{"line":3,"column":0},"end":{"line":5,"column":3}},"2":{"start":{"line":7,"column":0},"end":{"line":7,"column":564}},"3":{"start":{"line":7,"column":33},"end":{"line":7,"column":349}},"4":{"start":{"line":7,"column":76},"end":{"line":7,"column":347}},"5":{"start":{"line":7,"column":117},"end":{"line":7,"column":143}},"6":{"start":{"line":7,"column":144},"end":{"line":7,"column":199}},"7":{"start":{"line":7,"column":200},"end":{"line":7,"column":231}},"8":{"start":{"line":7,"column":232},"end":{"line":7,"column":286}},"9":{"start":{"line":7,"column":259},"end":{"line":7,"column":286}},"10":{"start":{"line":7,"column":287},"end":{"line":7,"column":345}},"11":{"start":{"line":7,"column":350},"end":{"line":7,"column":559}},"12":{"start":{"line":7,"column":407},"end":{"line":7,"column":475}},"13":{"start":{"line":7,"column":423},"end":{"line":7,"column":475}},"14":{"start":{"line":7,"column":476},"end":{"line":7,"column":536}},"15":{"start":{"line":7,"column":493},"end":{"line":7,"column":536}},"16":{"start":{"line":7,"column":537},"end":{"line":7,"column":556}},"17":{"start":{"line":9,"column":0},"end":{"line":9,"column":43}},"18":{"start":{"line":11,"column":0},"end":{"line":11,"column":56}},"19":{"start":{"line":13,"column":0},"end":{"line":13,"column":95}},"20":{"start":{"line":13,"column":39},"end":{"line":13,"column":93}},"21":{"start":{"line":15,"column":0},"end":{"line":15,"column":153}},"22":{"start":{"line":15,"column":50},"end":{"line":15,"column":151}},"23":{"start":{"line":15,"column":92},"end":{"line":15,"column":149}},"24":{"start":{"line":17,"column":0},"end":{"line":17,"column":240}},"25":{"start":{"line":17,"column":50},"end":{"line":17,"column":151}},"26":{"start":{"line":17,"column":63},"end":{"line":17,"column":149}},"27":{"start":{"line":17,"column":152},"end":{"line":17,"column":238}},"28":{"start":{"line":19,"column":0},"end":{"line":19,"column":494}},"29":{"start":{"line":19,"column":43},"end":{"line":19,"column":208}},"30":{"start":{"line":19,"column":106},"end":{"line":19,"column":206}},"31":{"start":{"line":19,"column":209},"end":{"line":19,"column":373}},"32":{"start":{"line":19,"column":374},"end":{"line":19,"column":492}},"33":{"start":{"line":19,"column":390},"end":{"line":19,"column":492}},"34":{"start":{"line":21,"column":0},"end":{"line":110,"column":24}},"35":{"start":{"line":22,"column":4},"end":{"line":22,"column":48}},"36":{"start":{"line":24,"column":4},"end":{"line":32,"column":5}},"37":{"start":{"line":25,"column":8},"end":{"line":25,"column":51}},"38":{"start":{"line":27,"column":8},"end":{"line":27,"column":156}},"39":{"start":{"line":29,"column":8},"end":{"line":29,"column":34}},"40":{"start":{"line":30,"column":8},"end":{"line":30,"column":28}},"41":{"start":{"line":31,"column":8},"end":{"line":31,"column":21}},"42":{"start":{"line":34,"column":4},"end":{"line":107,"column":8}},"43":{"start":{"line":37,"column":12},"end":{"line":37,"column":30}},"44":{"start":{"line":38,"column":12},"end":{"line":38,"column":62}},"45":{"start":{"line":40,"column":12},"end":{"line":42,"column":15}},"46":{"start":{"line":41,"column":16},"end":{"line":41,"column":54}},"47":{"start":{"line":44,"column":12},"end":{"line":44,"column":24}},"48":{"start":{"line":49,"column":12},"end":{"line":51,"column":13}},"49":{"start":{"line":50,"column":16},"end":{"line":50,"column":29}},"50":{"start":{"line":53,"column":12},"end":{"line":55,"column":13}},"51":{"start":{"line":54,"column":16},"end":{"line":54,"column":29}},"52":{"start":{"line":57,"column":12},"end":{"line":59,"column":15}},"53":{"start":{"line":58,"column":16},"end":{"line":58,"column":66}},"54":{"start":{"line":64,"column":12},"end":{"line":64,"column":30}},"55":{"start":{"line":66,"column":12},"end":{"line":74,"column":13}},"56":{"start":{"line":67,"column":16},"end":{"line":69,"column":19}},"57":{"start":{"line":68,"column":20},"end":{"line":68,"column":70}},"58":{"start":{"line":71,"column":16},"end":{"line":73,"column":17}},"59":{"start":{"line":72,"column":20},"end":{"line":72,"column":32}},"60":{"start":{"line":76,"column":12},"end":{"line":78,"column":15}},"61":{"start":{"line":77,"column":16},"end":{"line":77,"column":48}},"62":{"start":{"line":83,"column":12},"end":{"line":83,"column":30}},"63":{"start":{"line":85,"column":12},"end":{"line":85,"column":75}},"64":{"start":{"line":87,"column":12},"end":{"line":95,"column":13}},"65":{"start":{"line":88,"column":16},"end":{"line":90,"column":19}},"66":{"start":{"line":89,"column":20},"end":{"line":89,"column":84}},"67":{"start":{"line":92,"column":16},"end":{"line":94,"column":17}},"68":{"start":{"line":93,"column":20},"end":{"line":93,"column":44}},"69":{"start":{"line":97,"column":12},"end":{"line":103,"column":29}},"70":{"start":{"line":98,"column":16},"end":{"line":102,"column":17}},"71":{"start":{"line":99,"column":20},"end":{"line":99,"column":67}},"72":{"start":{"line":100,"column":23},"end":{"line":102,"column":17}},"73":{"start":{"line":101,"column":20},"end":{"line":101,"column":49}},"74":{"start":{"line":105,"column":12},"end":{"line":105,"column":32}},"75":{"start":{"line":109,"column":4},"end":{"line":109,"column":31}},"76":{"start":{"line":112,"column":0},"end":{"line":112,"column":38}}},"branchMap":{"1":{"line":7,"type":"binary-expr","locations":[{"start":{"line":7,"column":168},"end":{"line":7,"column":189}},{"start":{"line":7,"column":193},"end":{"line":7,"column":198}}]},"2":{"line":7,"type":"if","locations":[{"start":{"line":7,"column":232},"end":{"line":7,"column":232}},{"start":{"line":7,"column":232},"end":{"line":7,"column":232}}]},"3":{"line":7,"type":"if","locations":[{"start":{"line":7,"column":407},"end":{"line":7,"column":407}},{"start":{"line":7,"column":407},"end":{"line":7,"column":407}}]},"4":{"line":7,"type":"if","locations":[{"start":{"line":7,"column":476},"end":{"line":7,"column":476}},{"start":{"line":7,"column":476},"end":{"line":7,"column":476}}]},"5":{"line":13,"type":"cond-expr","locations":[{"start":{"line":13,"column":70},"end":{"line":13,"column":73}},{"start":{"line":13,"column":76},"end":{"line":13,"column":92}}]},"6":{"line":13,"type":"binary-expr","locations":[{"start":{"line":13,"column":46},"end":{"line":13,"column":49}},{"start":{"line":13,"column":53},"end":{"line":13,"column":67}}]},"7":{"line":15,"type":"if","locations":[{"start":{"line":15,"column":50},"end":{"line":15,"column":50}},{"start":{"line":15,"column":50},"end":{"line":15,"column":50}}]},"8":{"line":17,"type":"if","locations":[{"start":{"line":17,"column":50},"end":{"line":17,"column":50}},{"start":{"line":17,"column":50},"end":{"line":17,"column":50}}]},"9":{"line":17,"type":"cond-expr","locations":[{"start":{"line":17,"column":226},"end":{"line":17,"column":230}},{"start":{"line":17,"column":233},"end":{"line":17,"column":237}}]},"10":{"line":17,"type":"binary-expr","locations":[{"start":{"line":17,"column":159},"end":{"line":17,"column":163}},{"start":{"line":17,"column":168},"end":{"line":17,"column":192}},{"start":{"line":17,"column":196},"end":{"line":17,"column":222}}]},"11":{"line":19,"type":"if","locations":[{"start":{"line":19,"column":43},"end":{"line":19,"column":43}},{"start":{"line":19,"column":43},"end":{"line":19,"column":43}}]},"12":{"line":19,"type":"binary-expr","locations":[{"start":{"line":19,"column":47},"end":{"line":19,"column":79}},{"start":{"line":19,"column":83},"end":{"line":19,"column":102}}]},"13":{"line":19,"type":"binary-expr","locations":[{"start":{"line":19,"column":244},"end":{"line":19,"column":254}},{"start":{"line":19,"column":258},"end":{"line":19,"column":278}}]},"14":{"line":19,"type":"if","locations":[{"start":{"line":19,"column":374},"end":{"line":19,"column":374}},{"start":{"line":19,"column":374},"end":{"line":19,"column":374}}]},"15":{"line":19,"type":"cond-expr","locations":[{"start":{"line":19,"column":414},"end":{"line":19,"column":457}},{"start":{"line":19,"column":460},"end":{"line":19,"column":491}}]},"16":{"line":27,"type":"binary-expr","locations":[{"start":{"line":27,"column":54},"end":{"line":27,"column":83}},{"start":{"line":27,"column":87},"end":{"line":27,"column":129}}]},"17":{"line":49,"type":"if","locations":[{"start":{"line":49,"column":12},"end":{"line":49,"column":12}},{"start":{"line":49,"column":12},"end":{"line":49,"column":12}}]},"18":{"line":49,"type":"binary-expr","locations":[{"start":{"line":49,"column":16},"end":{"line":49,"column":45}},{"start":{"line":49,"column":49},"end":{"line":49,"column":80}}]},"19":{"line":53,"type":"if","locations":[{"start":{"line":53,"column":12},"end":{"line":53,"column":12}},{"start":{"line":53,"column":12},"end":{"line":53,"column":12}}]},"20":{"line":66,"type":"if","locations":[{"start":{"line":66,"column":12},"end":{"line":66,"column":12}},{"start":{"line":66,"column":12},"end":{"line":66,"column":12}}]},"21":{"line":66,"type":"binary-expr","locations":[{"start":{"line":66,"column":16},"end":{"line":66,"column":47}},{"start":{"line":66,"column":51},"end":{"line":66,"column":79}}]},"22":{"line":71,"type":"if","locations":[{"start":{"line":71,"column":16},"end":{"line":71,"column":16}},{"start":{"line":71,"column":16},"end":{"line":71,"column":16}}]},"23":{"line":85,"type":"cond-expr","locations":[{"start":{"line":85,"column":57},"end":{"line":85,"column":69}},{"start":{"line":85,"column":72},"end":{"line":85,"column":74}}]},"24":{"line":87,"type":"if","locations":[{"start":{"line":87,"column":12},"end":{"line":87,"column":12}},{"start":{"line":87,"column":12},"end":{"line":87,"column":12}}]},"25":{"line":87,"type":"binary-expr","locations":[{"start":{"line":87,"column":16},"end":{"line":87,"column":47}},{"start":{"line":87,"column":51},"end":{"line":87,"column":79}}]},"26":{"line":92,"type":"if","locations":[{"start":{"line":92,"column":16},"end":{"line":92,"column":16}},{"start":{"line":92,"column":16},"end":{"line":92,"column":16}}]},"27":{"line":98,"type":"if","locations":[{"start":{"line":98,"column":16},"end":{"line":98,"column":16}},{"start":{"line":98,"column":16},"end":{"line":98,"column":16}}]},"28":{"line":100,"type":"if","locations":[{"start":{"line":100,"column":23},"end":{"line":100,"column":23}},{"start":{"line":100,"column":23},"end":{"line":100,"column":23}}]}}},"/Users/jaredjbarnes/Documents/Queryablejs/lib/Expression.js":{"path":"/Users/jaredjbarnes/Documents/Queryablejs/lib/Expression.js","s":{"1":1,"2":1,"3":1,"4":1,"5":2,"6":2,"7":2,"8":2,"9":2,"10":2,"11":1,"12":1,"13":1,"14":1,"15":0,"16":1,"17":1,"18":428,"19":0,"20":1,"21":1,"22":428,"23":428,"24":428,"25":1,"26":0,"27":0,"28":1,"29":1},"b":{"1":[2,2],"2":[2,0],"3":[1,0],"4":[0,1],"5":[0,428]},"f":{"1":1,"2":1,"3":1,"4":428,"5":1,"6":428,"7":0,"8":0},"fnMap":{"1":{"name":"(anonymous_1)","line":7,"loc":{"start":{"line":7,"column":19},"end":{"line":7,"column":31}}},"2":{"name":"defineProperties","line":7,"loc":{"start":{"line":7,"column":33},"end":{"line":7,"column":74}}},"3":{"name":"(anonymous_3)","line":7,"loc":{"start":{"line":7,"column":357},"end":{"line":7,"column":405}}},"4":{"name":"_classCallCheck","line":9,"loc":{"start":{"line":9,"column":0},"end":{"line":9,"column":48}}},"5":{"name":"(anonymous_5)","line":11,"loc":{"start":{"line":11,"column":17},"end":{"line":11,"column":29}}},"6":{"name":"Expression","line":12,"loc":{"start":{"line":12,"column":4},"end":{"line":12,"column":30}}},"7":{"name":"copy","line":21,"loc":{"start":{"line":21,"column":15},"end":{"line":21,"column":31}}},"8":{"name":"isEqualTo","line":26,"loc":{"start":{"line":26,"column":15},"end":{"line":26,"column":36}}}},"statementMap":{"1":{"start":{"line":3,"column":0},"end":{"line":5,"column":3}},"2":{"start":{"line":7,"column":0},"end":{"line":7,"column":564}},"3":{"start":{"line":7,"column":33},"end":{"line":7,"column":349}},"4":{"start":{"line":7,"column":76},"end":{"line":7,"column":347}},"5":{"start":{"line":7,"column":117},"end":{"line":7,"column":143}},"6":{"start":{"line":7,"column":144},"end":{"line":7,"column":199}},"7":{"start":{"line":7,"column":200},"end":{"line":7,"column":231}},"8":{"start":{"line":7,"column":232},"end":{"line":7,"column":286}},"9":{"start":{"line":7,"column":259},"end":{"line":7,"column":286}},"10":{"start":{"line":7,"column":287},"end":{"line":7,"column":345}},"11":{"start":{"line":7,"column":350},"end":{"line":7,"column":559}},"12":{"start":{"line":7,"column":407},"end":{"line":7,"column":475}},"13":{"start":{"line":7,"column":423},"end":{"line":7,"column":475}},"14":{"start":{"line":7,"column":476},"end":{"line":7,"column":536}},"15":{"start":{"line":7,"column":493},"end":{"line":7,"column":536}},"16":{"start":{"line":7,"column":537},"end":{"line":7,"column":556}},"17":{"start":{"line":9,"column":0},"end":{"line":9,"column":153}},"18":{"start":{"line":9,"column":50},"end":{"line":9,"column":151}},"19":{"start":{"line":9,"column":92},"end":{"line":9,"column":149}},"20":{"start":{"line":11,"column":0},"end":{"line":32,"column":4}},"21":{"start":{"line":12,"column":4},"end":{"line":17,"column":5}},"22":{"start":{"line":13,"column":8},"end":{"line":13,"column":42}},"23":{"start":{"line":15,"column":8},"end":{"line":15,"column":25}},"24":{"start":{"line":16,"column":8},"end":{"line":16,"column":37}},"25":{"start":{"line":19,"column":4},"end":{"line":29,"column":8}},"26":{"start":{"line":22,"column":12},"end":{"line":22,"column":53}},"27":{"start":{"line":27,"column":12},"end":{"line":27,"column":53}},"28":{"start":{"line":31,"column":4},"end":{"line":31,"column":22}},"29":{"start":{"line":34,"column":0},"end":{"line":34,"column":29}}},"branchMap":{"1":{"line":7,"type":"binary-expr","locations":[{"start":{"line":7,"column":168},"end":{"line":7,"column":189}},{"start":{"line":7,"column":193},"end":{"line":7,"column":198}}]},"2":{"line":7,"type":"if","locations":[{"start":{"line":7,"column":232},"end":{"line":7,"column":232}},{"start":{"line":7,"column":232},"end":{"line":7,"column":232}}]},"3":{"line":7,"type":"if","locations":[{"start":{"line":7,"column":407},"end":{"line":7,"column":407}},{"start":{"line":7,"column":407},"end":{"line":7,"column":407}}]},"4":{"line":7,"type":"if","locations":[{"start":{"line":7,"column":476},"end":{"line":7,"column":476}},{"start":{"line":7,"column":476},"end":{"line":7,"column":476}}]},"5":{"line":9,"type":"if","locations":[{"start":{"line":9,"column":50},"end":{"line":9,"column":50}},{"start":{"line":9,"column":50},"end":{"line":9,"column":50}}]}}},"/Users/jaredjbarnes/Documents/Queryablejs/lib/ExpressionBuilder.js":{"path":"/Users/jaredjbarnes/Documents/Queryablejs/lib/ExpressionBuilder.js","s":{"1":1,"2":1,"3":1,"4":1,"5":4,"6":4,"7":4,"8":4,"9":4,"10":4,"11":1,"12":1,"13":1,"14":1,"15":0,"16":1,"17":1,"18":1,"19":1,"20":1,"21":1,"22":2,"23":1,"24":43,"25":0,"26":1,"27":1,"28":43,"29":43,"30":1,"31":38,"32":38,"33":2,"34":2,"35":2,"36":2,"37":2,"38":2,"39":2,"40":2,"41":1,"42":1,"43":1,"44":1},"b":{"1":[4,4],"2":[4,0],"3":[1,0],"4":[0,1],"5":[2,0],"6":[2,2],"7":[0,43],"8":[43,20]},"f":{"1":1,"2":1,"3":1,"4":2,"5":43,"6":1,"7":43,"8":38,"9":2,"10":2,"11":2,"12":2,"13":1},"fnMap":{"1":{"name":"(anonymous_1)","line":7,"loc":{"start":{"line":7,"column":19},"end":{"line":7,"column":31}}},"2":{"name":"defineProperties","line":7,"loc":{"start":{"line":7,"column":33},"end":{"line":7,"column":74}}},"3":{"name":"(anonymous_3)","line":7,"loc":{"start":{"line":7,"column":357},"end":{"line":7,"column":405}}},"4":{"name":"_interopRequireDefault","line":17,"loc":{"start":{"line":17,"column":0},"end":{"line":17,"column":37}}},"5":{"name":"_classCallCheck","line":19,"loc":{"start":{"line":19,"column":0},"end":{"line":19,"column":48}}},"6":{"name":"(anonymous_6)","line":21,"loc":{"start":{"line":21,"column":24},"end":{"line":21,"column":36}}},"7":{"name":"ExpressionBuilder","line":22,"loc":{"start":{"line":22,"column":4},"end":{"line":22,"column":37}}},"8":{"name":"property","line":30,"loc":{"start":{"line":30,"column":15},"end":{"line":30,"column":44}}},"9":{"name":"and","line":36,"loc":{"start":{"line":36,"column":15},"end":{"line":36,"column":30}}},"10":{"name":"(anonymous_10)","line":38,"loc":{"start":{"line":38,"column":63},"end":{"line":38,"column":90}}},"11":{"name":"or","line":46,"loc":{"start":{"line":46,"column":15},"end":{"line":46,"column":29}}},"12":{"name":"(anonymous_12)","line":48,"loc":{"start":{"line":48,"column":62},"end":{"line":48,"column":89}}},"13":{"name":"value","line":56,"loc":{"start":{"line":56,"column":15},"end":{"line":56,"column":32}}}},"statementMap":{"1":{"start":{"line":3,"column":0},"end":{"line":5,"column":3}},"2":{"start":{"line":7,"column":0},"end":{"line":7,"column":564}},"3":{"start":{"line":7,"column":33},"end":{"line":7,"column":349}},"4":{"start":{"line":7,"column":76},"end":{"line":7,"column":347}},"5":{"start":{"line":7,"column":117},"end":{"line":7,"column":143}},"6":{"start":{"line":7,"column":144},"end":{"line":7,"column":199}},"7":{"start":{"line":7,"column":200},"end":{"line":7,"column":231}},"8":{"start":{"line":7,"column":232},"end":{"line":7,"column":286}},"9":{"start":{"line":7,"column":259},"end":{"line":7,"column":286}},"10":{"start":{"line":7,"column":287},"end":{"line":7,"column":345}},"11":{"start":{"line":7,"column":350},"end":{"line":7,"column":559}},"12":{"start":{"line":7,"column":407},"end":{"line":7,"column":475}},"13":{"start":{"line":7,"column":423},"end":{"line":7,"column":475}},"14":{"start":{"line":7,"column":476},"end":{"line":7,"column":536}},"15":{"start":{"line":7,"column":493},"end":{"line":7,"column":536}},"16":{"start":{"line":7,"column":537},"end":{"line":7,"column":556}},"17":{"start":{"line":9,"column":0},"end":{"line":9,"column":74}},"18":{"start":{"line":11,"column":0},"end":{"line":11,"column":87}},"19":{"start":{"line":13,"column":0},"end":{"line":13,"column":60}},"20":{"start":{"line":15,"column":0},"end":{"line":15,"column":73}},"21":{"start":{"line":17,"column":0},"end":{"line":17,"column":95}},"22":{"start":{"line":17,"column":39},"end":{"line":17,"column":93}},"23":{"start":{"line":19,"column":0},"end":{"line":19,"column":153}},"24":{"start":{"line":19,"column":50},"end":{"line":19,"column":151}},"25":{"start":{"line":19,"column":92},"end":{"line":19,"column":149}},"26":{"start":{"line":21,"column":0},"end":{"line":63,"column":4}},"27":{"start":{"line":22,"column":4},"end":{"line":26,"column":5}},"28":{"start":{"line":23,"column":8},"end":{"line":23,"column":49}},"29":{"start":{"line":25,"column":8},"end":{"line":25,"column":37}},"30":{"start":{"line":28,"column":4},"end":{"line":60,"column":8}},"31":{"start":{"line":31,"column":12},"end":{"line":31,"column":77}},"32":{"start":{"line":32,"column":12},"end":{"line":32,"column":99}},"33":{"start":{"line":37,"column":12},"end":{"line":37,"column":73}},"34":{"start":{"line":38,"column":12},"end":{"line":40,"column":15}},"35":{"start":{"line":39,"column":16},"end":{"line":39,"column":51}},"36":{"start":{"line":42,"column":12},"end":{"line":42,"column":33}},"37":{"start":{"line":47,"column":12},"end":{"line":47,"column":71}},"38":{"start":{"line":48,"column":12},"end":{"line":50,"column":15}},"39":{"start":{"line":49,"column":16},"end":{"line":49,"column":51}},"40":{"start":{"line":52,"column":12},"end":{"line":52,"column":32}},"41":{"start":{"line":57,"column":12},"end":{"line":57,"column":77}},"42":{"start":{"line":58,"column":12},"end":{"line":58,"column":94}},"43":{"start":{"line":62,"column":4},"end":{"line":62,"column":29}},"44":{"start":{"line":65,"column":0},"end":{"line":65,"column":36}}},"branchMap":{"1":{"line":7,"type":"binary-expr","locations":[{"start":{"line":7,"column":168},"end":{"line":7,"column":189}},{"start":{"line":7,"column":193},"end":{"line":7,"column":198}}]},"2":{"line":7,"type":"if","locations":[{"start":{"line":7,"column":232},"end":{"line":7,"column":232}},{"start":{"line":7,"column":232},"end":{"line":7,"column":232}}]},"3":{"line":7,"type":"if","locations":[{"start":{"line":7,"column":407},"end":{"line":7,"column":407}},{"start":{"line":7,"column":407},"end":{"line":7,"column":407}}]},"4":{"line":7,"type":"if","locations":[{"start":{"line":7,"column":476},"end":{"line":7,"column":476}},{"start":{"line":7,"column":476},"end":{"line":7,"column":476}}]},"5":{"line":17,"type":"cond-expr","locations":[{"start":{"line":17,"column":70},"end":{"line":17,"column":73}},{"start":{"line":17,"column":76},"end":{"line":17,"column":92}}]},"6":{"line":17,"type":"binary-expr","locations":[{"start":{"line":17,"column":46},"end":{"line":17,"column":49}},{"start":{"line":17,"column":53},"end":{"line":17,"column":67}}]},"7":{"line":19,"type":"if","locations":[{"start":{"line":19,"column":50},"end":{"line":19,"column":50}},{"start":{"line":19,"column":50},"end":{"line":19,"column":50}}]},"8":{"line":25,"type":"binary-expr","locations":[{"start":{"line":25,"column":20},"end":{"line":25,"column":24}},{"start":{"line":25,"column":28},"end":{"line":25,"column":36}}]}}},"/Users/jaredjbarnes/Documents/Queryablejs/lib/OperationExpressionBuilder.js":{"path":"/Users/jaredjbarnes/Documents/Queryablejs/lib/OperationExpressionBuilder.js","s":{"1":1,"2":1,"3":1,"4":1,"5":19,"6":19,"7":19,"8":19,"9":19,"10":19,"11":1,"12":1,"13":1,"14":1,"15":0,"16":1,"17":1,"18":1,"19":1,"20":1,"21":1,"22":1,"23":1,"24":1,"25":1,"26":1,"27":1,"28":5,"29":1,"30":39,"31":0,"32":1,"33":1,"34":39,"35":39,"36":39,"37":39,"38":39,"39":39,"40":0,"41":39,"42":0,"43":1,"44":6,"45":6,"46":2,"47":2,"48":2,"49":2,"50":2,"51":4,"52":2,"53":2,"54":2,"55":2,"56":2,"57":2,"58":0,"59":0,"60":0,"61":0,"62":0,"63":0,"64":0,"65":0,"66":0,"67":0,"68":0,"69":32,"70":32,"71":32,"72":32,"73":32,"74":32,"75":38,"76":38,"77":38,"78":0,"79":0,"80":0,"81":34,"82":0,"83":34,"84":30,"85":4,"86":0,"87":4,"88":1,"89":3,"90":0,"91":3,"92":0,"93":3,"94":2,"95":1,"96":1,"97":0,"98":1,"99":24,"100":1,"101":4,"102":2,"103":1,"104":1,"105":1,"106":1,"107":1,"108":1,"109":0,"110":0,"111":0,"112":0,"113":0,"114":0,"115":1,"116":1},"b":{"1":[19,19],"2":[19,0],"3":[1,0],"4":[0,1],"5":[5,0],"6":[5,5],"7":[0,39],"8":[39,39],"9":[0,39],"10":[0,39],"11":[2,4],"12":[2,2],"13":[0,0],"14":[0,34],"15":[30,4],"16":[0,4],"17":[1,3],"18":[0,3],"19":[0,3],"20":[2,1],"21":[1,0]},"f":{"1":1,"2":1,"3":1,"4":5,"5":39,"6":1,"7":39,"8":6,"9":0,"10":32,"11":38,"12":0,"13":34,"14":1,"15":24,"16":1,"17":4,"18":2,"19":1,"20":1,"21":1,"22":1,"23":1,"24":1,"25":0,"26":0},"fnMap":{"1":{"name":"(anonymous_1)","line":7,"loc":{"start":{"line":7,"column":19},"end":{"line":7,"column":31}}},"2":{"name":"defineProperties","line":7,"loc":{"start":{"line":7,"column":33},"end":{"line":7,"column":74}}},"3":{"name":"(anonymous_3)","line":7,"loc":{"start":{"line":7,"column":357},"end":{"line":7,"column":405}}},"4":{"name":"_interopRequireDefault","line":29,"loc":{"start":{"line":29,"column":0},"end":{"line":29,"column":37}}},"5":{"name":"_classCallCheck","line":31,"loc":{"start":{"line":31,"column":0},"end":{"line":31,"column":48}}},"6":{"name":"(anonymous_6)","line":33,"loc":{"start":{"line":33,"column":33},"end":{"line":33,"column":45}}},"7":{"name":"OperationExpressionBuilder","line":34,"loc":{"start":{"line":34,"column":4},"end":{"line":34,"column":91}}},"8":{"name":"_createResultsOperationExpression","line":53,"loc":{"start":{"line":53,"column":15},"end":{"line":53,"column":73}}},"9":{"name":"_createLambdaOperationExpression","line":77,"loc":{"start":{"line":77,"column":15},"end":{"line":77,"column":71}}},"10":{"name":"_createOperationExpression","line":99,"loc":{"start":{"line":99,"column":15},"end":{"line":99,"column":64}}},"11":{"name":"_createPropertyAccessExpression","line":112,"loc":{"start":{"line":112,"column":15},"end":{"line":112,"column":58}}},"12":{"name":"_createPropertyNavigationExpression","line":120,"loc":{"start":{"line":120,"column":15},"end":{"line":120,"column":62}}},"13":{"name":"_getConstant","line":128,"loc":{"start":{"line":128,"column":15},"end":{"line":128,"column":44}}},"14":{"name":"contains","line":153,"loc":{"start":{"line":153,"column":15},"end":{"line":153,"column":40}}},"15":{"name":"isEqualTo","line":158,"loc":{"start":{"line":158,"column":15},"end":{"line":158,"column":41}}},"16":{"name":"isNotEqualTo","line":163,"loc":{"start":{"line":163,"column":15},"end":{"line":163,"column":44}}},"17":{"name":"isIn","line":168,"loc":{"start":{"line":168,"column":15},"end":{"line":168,"column":36}}},"18":{"name":"isNotIn","line":173,"loc":{"start":{"line":173,"column":15},"end":{"line":173,"column":39}}},"19":{"name":"isGreaterThan","line":178,"loc":{"start":{"line":178,"column":15},"end":{"line":178,"column":45}}},"20":{"name":"isGreaterThanOrEqualTo","line":183,"loc":{"start":{"line":183,"column":15},"end":{"line":183,"column":54}}},"21":{"name":"isLessThanOrEqualTo","line":188,"loc":{"start":{"line":188,"column":15},"end":{"line":188,"column":51}}},"22":{"name":"isLessThan","line":193,"loc":{"start":{"line":193,"column":15},"end":{"line":193,"column":42}}},"23":{"name":"endsWith","line":198,"loc":{"start":{"line":198,"column":15},"end":{"line":198,"column":40}}},"24":{"name":"startsWith","line":203,"loc":{"start":{"line":203,"column":15},"end":{"line":203,"column":42}}},"25":{"name":"property","line":208,"loc":{"start":{"line":208,"column":15},"end":{"line":208,"column":40}}},"26":{"name":"getExpression","line":215,"loc":{"start":{"line":215,"column":15},"end":{"line":215,"column":40}}}},"statementMap":{"1":{"start":{"line":3,"column":0},"end":{"line":5,"column":3}},"2":{"start":{"line":7,"column":0},"end":{"line":7,"column":564}},"3":{"start":{"line":7,"column":33},"end":{"line":7,"column":349}},"4":{"start":{"line":7,"column":76},"end":{"line":7,"column":347}},"5":{"start":{"line":7,"column":117},"end":{"line":7,"column":143}},"6":{"start":{"line":7,"column":144},"end":{"line":7,"column":199}},"7":{"start":{"line":7,"column":200},"end":{"line":7,"column":231}},"8":{"start":{"line":7,"column":232},"end":{"line":7,"column":286}},"9":{"start":{"line":7,"column":259},"end":{"line":7,"column":286}},"10":{"start":{"line":7,"column":287},"end":{"line":7,"column":345}},"11":{"start":{"line":7,"column":350},"end":{"line":7,"column":559}},"12":{"start":{"line":7,"column":407},"end":{"line":7,"column":475}},"13":{"start":{"line":7,"column":423},"end":{"line":7,"column":475}},"14":{"start":{"line":7,"column":476},"end":{"line":7,"column":536}},"15":{"start":{"line":7,"column":493},"end":{"line":7,"column":536}},"16":{"start":{"line":7,"column":537},"end":{"line":7,"column":556}},"17":{"start":{"line":9,"column":0},"end":{"line":9,"column":52}},"18":{"start":{"line":11,"column":0},"end":{"line":11,"column":65}},"19":{"start":{"line":13,"column":0},"end":{"line":13,"column":60}},"20":{"start":{"line":15,"column":0},"end":{"line":15,"column":73}},"21":{"start":{"line":17,"column":0},"end":{"line":17,"column":42}},"22":{"start":{"line":19,"column":0},"end":{"line":19,"column":55}},"23":{"start":{"line":21,"column":0},"end":{"line":21,"column":56}},"24":{"start":{"line":23,"column":0},"end":{"line":23,"column":69}},"25":{"start":{"line":25,"column":0},"end":{"line":25,"column":40}},"26":{"start":{"line":27,"column":0},"end":{"line":27,"column":53}},"27":{"start":{"line":29,"column":0},"end":{"line":29,"column":95}},"28":{"start":{"line":29,"column":39},"end":{"line":29,"column":93}},"29":{"start":{"line":31,"column":0},"end":{"line":31,"column":153}},"30":{"start":{"line":31,"column":50},"end":{"line":31,"column":151}},"31":{"start":{"line":31,"column":92},"end":{"line":31,"column":149}},"32":{"start":{"line":33,"column":0},"end":{"line":224,"column":4}},"33":{"start":{"line":34,"column":4},"end":{"line":49,"column":5}},"34":{"start":{"line":35,"column":8},"end":{"line":35,"column":58}},"35":{"start":{"line":37,"column":8},"end":{"line":37,"column":25}},"36":{"start":{"line":38,"column":8},"end":{"line":38,"column":37}},"37":{"start":{"line":39,"column":8},"end":{"line":39,"column":45}},"38":{"start":{"line":40,"column":8},"end":{"line":40,"column":69}},"39":{"start":{"line":42,"column":8},"end":{"line":44,"column":9}},"40":{"start":{"line":43,"column":12},"end":{"line":43,"column":77}},"41":{"start":{"line":46,"column":8},"end":{"line":48,"column":9}},"42":{"start":{"line":47,"column":12},"end":{"line":47,"column":87}},"43":{"start":{"line":51,"column":4},"end":{"line":221,"column":8}},"44":{"start":{"line":54,"column":12},"end":{"line":54,"column":82}},"45":{"start":{"line":56,"column":12},"end":{"line":73,"column":13}},"46":{"start":{"line":57,"column":16},"end":{"line":57,"column":58}},"47":{"start":{"line":58,"column":16},"end":{"line":58,"column":82}},"48":{"start":{"line":59,"column":16},"end":{"line":59,"column":86}},"49":{"start":{"line":61,"column":16},"end":{"line":61,"column":74}},"50":{"start":{"line":62,"column":16},"end":{"line":62,"column":43}},"51":{"start":{"line":63,"column":19},"end":{"line":73,"column":13}},"52":{"start":{"line":64,"column":16},"end":{"line":64,"column":83}},"53":{"start":{"line":65,"column":16},"end":{"line":65,"column":105}},"54":{"start":{"line":67,"column":16},"end":{"line":67,"column":98}},"55":{"start":{"line":69,"column":16},"end":{"line":69,"column":75}},"56":{"start":{"line":70,"column":16},"end":{"line":70,"column":43}},"57":{"start":{"line":72,"column":16},"end":{"line":72,"column":87}},"58":{"start":{"line":78,"column":12},"end":{"line":80,"column":13}},"59":{"start":{"line":79,"column":16},"end":{"line":79,"column":74}},"60":{"start":{"line":82,"column":12},"end":{"line":82,"column":90}},"61":{"start":{"line":84,"column":12},"end":{"line":84,"column":70}},"62":{"start":{"line":85,"column":12},"end":{"line":85,"column":55}},"63":{"start":{"line":86,"column":12},"end":{"line":86,"column":87}},"64":{"start":{"line":88,"column":12},"end":{"line":88,"column":59}},"65":{"start":{"line":90,"column":12},"end":{"line":90,"column":75}},"66":{"start":{"line":91,"column":12},"end":{"line":91,"column":95}},"67":{"start":{"line":93,"column":12},"end":{"line":93,"column":67}},"68":{"start":{"line":95,"column":12},"end":{"line":95,"column":39}},"69":{"start":{"line":100,"column":12},"end":{"line":100,"column":82}},"70":{"start":{"line":102,"column":12},"end":{"line":102,"column":52}},"71":{"start":{"line":103,"column":12},"end":{"line":103,"column":69}},"72":{"start":{"line":104,"column":12},"end":{"line":104,"column":73}},"73":{"start":{"line":106,"column":12},"end":{"line":106,"column":61}},"74":{"start":{"line":108,"column":12},"end":{"line":108,"column":39}},"75":{"start":{"line":113,"column":12},"end":{"line":113,"column":95}},"76":{"start":{"line":114,"column":12},"end":{"line":114,"column":163}},"77":{"start":{"line":116,"column":12},"end":{"line":116,"column":44}},"78":{"start":{"line":121,"column":12},"end":{"line":121,"column":103}},"79":{"start":{"line":122,"column":12},"end":{"line":122,"column":167}},"80":{"start":{"line":124,"column":12},"end":{"line":124,"column":48}},"81":{"start":{"line":129,"column":12},"end":{"line":131,"column":13}},"82":{"start":{"line":130,"column":16},"end":{"line":130,"column":29}},"83":{"start":{"line":133,"column":12},"end":{"line":149,"column":13}},"84":{"start":{"line":134,"column":16},"end":{"line":134,"column":70}},"85":{"start":{"line":135,"column":19},"end":{"line":149,"column":13}},"86":{"start":{"line":136,"column":16},"end":{"line":136,"column":72}},"87":{"start":{"line":137,"column":19},"end":{"line":149,"column":13}},"88":{"start":{"line":138,"column":16},"end":{"line":138,"column":70}},"89":{"start":{"line":139,"column":19},"end":{"line":149,"column":13}},"90":{"start":{"line":140,"column":16},"end":{"line":140,"column":71}},"91":{"start":{"line":141,"column":19},"end":{"line":149,"column":13}},"92":{"start":{"line":142,"column":16},"end":{"line":142,"column":68}},"93":{"start":{"line":143,"column":19},"end":{"line":149,"column":13}},"94":{"start":{"line":144,"column":16},"end":{"line":144,"column":69}},"95":{"start":{"line":145,"column":19},"end":{"line":149,"column":13}},"96":{"start":{"line":146,"column":16},"end":{"line":146,"column":68}},"97":{"start":{"line":148,"column":16},"end":{"line":148,"column":70}},"98":{"start":{"line":154,"column":12},"end":{"line":154,"column":70}},"99":{"start":{"line":159,"column":12},"end":{"line":159,"column":71}},"100":{"start":{"line":164,"column":12},"end":{"line":164,"column":74}},"101":{"start":{"line":169,"column":12},"end":{"line":169,"column":73}},"102":{"start":{"line":174,"column":12},"end":{"line":174,"column":76}},"103":{"start":{"line":179,"column":12},"end":{"line":179,"column":75}},"104":{"start":{"line":184,"column":12},"end":{"line":184,"column":84}},"105":{"start":{"line":189,"column":12},"end":{"line":189,"column":81}},"106":{"start":{"line":194,"column":12},"end":{"line":194,"column":72}},"107":{"start":{"line":199,"column":12},"end":{"line":199,"column":70}},"108":{"start":{"line":204,"column":12},"end":{"line":204,"column":72}},"109":{"start":{"line":209,"column":12},"end":{"line":209,"column":80}},"110":{"start":{"line":210,"column":12},"end":{"line":210,"column":69}},"111":{"start":{"line":211,"column":12},"end":{"line":211,"column":108}},"112":{"start":{"line":216,"column":12},"end":{"line":216,"column":82}},"113":{"start":{"line":217,"column":12},"end":{"line":217,"column":75}},"114":{"start":{"line":219,"column":12},"end":{"line":219,"column":39}},"115":{"start":{"line":223,"column":4},"end":{"line":223,"column":38}},"116":{"start":{"line":226,"column":0},"end":{"line":226,"column":45}}},"branchMap":{"1":{"line":7,"type":"binary-expr","locations":[{"start":{"line":7,"column":168},"end":{"line":7,"column":189}},{"start":{"line":7,"column":193},"end":{"line":7,"column":198}}]},"2":{"line":7,"type":"if","locations":[{"start":{"line":7,"column":232},"end":{"line":7,"column":232}},{"start":{"line":7,"column":232},"end":{"line":7,"column":232}}]},"3":{"line":7,"type":"if","locations":[{"start":{"line":7,"column":407},"end":{"line":7,"column":407}},{"start":{"line":7,"column":407},"end":{"line":7,"column":407}}]},"4":{"line":7,"type":"if","locations":[{"start":{"line":7,"column":476},"end":{"line":7,"column":476}},{"start":{"line":7,"column":476},"end":{"line":7,"column":476}}]},"5":{"line":29,"type":"cond-expr","locations":[{"start":{"line":29,"column":70},"end":{"line":29,"column":73}},{"start":{"line":29,"column":76},"end":{"line":29,"column":92}}]},"6":{"line":29,"type":"binary-expr","locations":[{"start":{"line":29,"column":46},"end":{"line":29,"column":49}},{"start":{"line":29,"column":53},"end":{"line":29,"column":67}}]},"7":{"line":31,"type":"if","locations":[{"start":{"line":31,"column":50},"end":{"line":31,"column":50}},{"start":{"line":31,"column":50},"end":{"line":31,"column":50}}]},"8":{"line":40,"type":"binary-expr","locations":[{"start":{"line":40,"column":33},"end":{"line":40,"column":50}},{"start":{"line":40,"column":54},"end":{"line":40,"column":68}}]},"9":{"line":42,"type":"if","locations":[{"start":{"line":42,"column":8},"end":{"line":42,"column":8}},{"start":{"line":42,"column":8},"end":{"line":42,"column":8}}]},"10":{"line":46,"type":"if","locations":[{"start":{"line":46,"column":8},"end":{"line":46,"column":8}},{"start":{"line":46,"column":8},"end":{"line":46,"column":8}}]},"11":{"line":56,"type":"if","locations":[{"start":{"line":56,"column":12},"end":{"line":56,"column":12}},{"start":{"line":56,"column":12},"end":{"line":56,"column":12}}]},"12":{"line":63,"type":"if","locations":[{"start":{"line":63,"column":19},"end":{"line":63,"column":19}},{"start":{"line":63,"column":19},"end":{"line":63,"column":19}}]},"13":{"line":78,"type":"if","locations":[{"start":{"line":78,"column":12},"end":{"line":78,"column":12}},{"start":{"line":78,"column":12},"end":{"line":78,"column":12}}]},"14":{"line":129,"type":"if","locations":[{"start":{"line":129,"column":12},"end":{"line":129,"column":12}},{"start":{"line":129,"column":12},"end":{"line":129,"column":12}}]},"15":{"line":133,"type":"if","locations":[{"start":{"line":133,"column":12},"end":{"line":133,"column":12}},{"start":{"line":133,"column":12},"end":{"line":133,"column":12}}]},"16":{"line":135,"type":"if","locations":[{"start":{"line":135,"column":19},"end":{"line":135,"column":19}},{"start":{"line":135,"column":19},"end":{"line":135,"column":19}}]},"17":{"line":137,"type":"if","locations":[{"start":{"line":137,"column":19},"end":{"line":137,"column":19}},{"start":{"line":137,"column":19},"end":{"line":137,"column":19}}]},"18":{"line":139,"type":"if","locations":[{"start":{"line":139,"column":19},"end":{"line":139,"column":19}},{"start":{"line":139,"column":19},"end":{"line":139,"column":19}}]},"19":{"line":141,"type":"if","locations":[{"start":{"line":141,"column":19},"end":{"line":141,"column":19}},{"start":{"line":141,"column":19},"end":{"line":141,"column":19}}]},"20":{"line":143,"type":"if","locations":[{"start":{"line":143,"column":19},"end":{"line":143,"column":19}},{"start":{"line":143,"column":19},"end":{"line":143,"column":19}}]},"21":{"line":145,"type":"if","locations":[{"start":{"line":145,"column":19},"end":{"line":145,"column":19}},{"start":{"line":145,"column":19},"end":{"line":145,"column":19}}]}}},"/Users/jaredjbarnes/Documents/Queryablejs/lib/ValueExpression.js":{"path":"/Users/jaredjbarnes/Documents/Queryablejs/lib/ValueExpression.js","s":{"1":1,"2":1,"3":128,"4":0,"5":1,"6":1,"7":1,"8":5,"9":5,"10":5,"11":5,"12":5,"13":5,"14":1,"15":1,"16":1,"17":1,"18":0,"19":1,"20":1,"21":1,"22":1,"23":1,"24":1,"25":160,"26":0,"27":1,"28":160,"29":0,"30":160,"31":1,"32":1,"33":0,"34":1,"35":1,"36":1,"37":1,"38":1,"39":1,"40":160,"41":160,"42":160,"43":160,"44":160,"45":1,"46":129,"47":129,"48":129,"49":1,"50":128,"51":24,"52":104,"53":12,"54":92,"55":36,"56":90,"57":36,"58":39,"59":39,"60":0,"61":0,"62":0,"63":128,"64":0,"65":1,"66":1},"b":{"1":[1,0],"2":[1,1],"3":[0,0],"4":[0,0,0,0],"5":[5,5],"6":[5,0],"7":[1,0],"8":[0,1],"9":[1,0],"10":[1,1],"11":[0,160],"12":[0,160],"13":[0,160],"14":[160,0,0],"15":[0,1],"16":[1,0],"17":[1,1],"18":[1,0],"19":[1,0],"20":[160,0],"21":[1,128],"22":[24,104],"23":[12,92],"24":[0,0],"25":[0,0,0],"26":[128,36,36],"27":[0,128]},"f":{"1":128,"2":0,"3":1,"4":1,"5":1,"6":1,"7":160,"8":160,"9":1,"10":1,"11":160,"12":129,"13":90,"14":39,"15":0,"16":128,"17":0},"fnMap":{"1":{"name":"(anonymous_1)","line":7,"loc":{"start":{"line":7,"column":84},"end":{"line":7,"column":99}}},"2":{"name":"(anonymous_2)","line":7,"loc":{"start":{"line":7,"column":124},"end":{"line":7,"column":139}}},"3":{"name":"(anonymous_3)","line":9,"loc":{"start":{"line":9,"column":19},"end":{"line":9,"column":31}}},"4":{"name":"defineProperties","line":9,"loc":{"start":{"line":9,"column":33},"end":{"line":9,"column":74}}},"5":{"name":"(anonymous_5)","line":9,"loc":{"start":{"line":9,"column":357},"end":{"line":9,"column":405}}},"6":{"name":"_interopRequireDefault","line":15,"loc":{"start":{"line":15,"column":0},"end":{"line":15,"column":37}}},"7":{"name":"_classCallCheck","line":17,"loc":{"start":{"line":17,"column":0},"end":{"line":17,"column":48}}},"8":{"name":"_possibleConstructorReturn","line":19,"loc":{"start":{"line":19,"column":0},"end":{"line":19,"column":48}}},"9":{"name":"_inherits","line":21,"loc":{"start":{"line":21,"column":0},"end":{"line":21,"column":41}}},"10":{"name":"(anonymous_10)","line":23,"loc":{"start":{"line":23,"column":22},"end":{"line":23,"column":45}}},"11":{"name":"ValueExpression","line":26,"loc":{"start":{"line":26,"column":4},"end":{"line":26,"column":46}}},"12":{"name":"_cloneObject","line":38,"loc":{"start":{"line":38,"column":15},"end":{"line":38,"column":42}}},"13":{"name":"(anonymous_13)","line":53,"loc":{"start":{"line":53,"column":37},"end":{"line":53,"column":52}}},"14":{"name":"copy","line":61,"loc":{"start":{"line":61,"column":15},"end":{"line":61,"column":31}}},"15":{"name":"isEqualTo","line":68,"loc":{"start":{"line":68,"column":15},"end":{"line":68,"column":40}}},"16":{"name":"_isObject","line":76,"loc":{"start":{"line":76,"column":15},"end":{"line":76,"column":39}}},"17":{"name":"contains","line":81,"loc":{"start":{"line":81,"column":15},"end":{"line":81,"column":39}}}},"statementMap":{"1":{"start":{"line":3,"column":0},"end":{"line":5,"column":3}},"2":{"start":{"line":7,"column":0},"end":{"line":7,"column":269}},"3":{"start":{"line":7,"column":101},"end":{"line":7,"column":119}},"4":{"start":{"line":7,"column":141},"end":{"line":7,"column":266}},"5":{"start":{"line":9,"column":0},"end":{"line":9,"column":564}},"6":{"start":{"line":9,"column":33},"end":{"line":9,"column":349}},"7":{"start":{"line":9,"column":76},"end":{"line":9,"column":347}},"8":{"start":{"line":9,"column":117},"end":{"line":9,"column":143}},"9":{"start":{"line":9,"column":144},"end":{"line":9,"column":199}},"10":{"start":{"line":9,"column":200},"end":{"line":9,"column":231}},"11":{"start":{"line":9,"column":232},"end":{"line":9,"column":286}},"12":{"start":{"line":9,"column":259},"end":{"line":9,"column":286}},"13":{"start":{"line":9,"column":287},"end":{"line":9,"column":345}},"14":{"start":{"line":9,"column":350},"end":{"line":9,"column":559}},"15":{"start":{"line":9,"column":407},"end":{"line":9,"column":475}},"16":{"start":{"line":9,"column":423},"end":{"line":9,"column":475}},"17":{"start":{"line":9,"column":476},"end":{"line":9,"column":536}},"18":{"start":{"line":9,"column":493},"end":{"line":9,"column":536}},"19":{"start":{"line":9,"column":537},"end":{"line":9,"column":556}},"20":{"start":{"line":11,"column":0},"end":{"line":11,"column":43}},"21":{"start":{"line":13,"column":0},"end":{"line":13,"column":56}},"22":{"start":{"line":15,"column":0},"end":{"line":15,"column":95}},"23":{"start":{"line":15,"column":39},"end":{"line":15,"column":93}},"24":{"start":{"line":17,"column":0},"end":{"line":17,"column":153}},"25":{"start":{"line":17,"column":50},"end":{"line":17,"column":151}},"26":{"start":{"line":17,"column":92},"end":{"line":17,"column":149}},"27":{"start":{"line":19,"column":0},"end":{"line":19,"column":240}},"28":{"start":{"line":19,"column":50},"end":{"line":19,"column":151}},"29":{"start":{"line":19,"column":63},"end":{"line":19,"column":149}},"30":{"start":{"line":19,"column":152},"end":{"line":19,"column":238}},"31":{"start":{"line":21,"column":0},"end":{"line":21,"column":494}},"32":{"start":{"line":21,"column":43},"end":{"line":21,"column":208}},"33":{"start":{"line":21,"column":106},"end":{"line":21,"column":206}},"34":{"start":{"line":21,"column":209},"end":{"line":21,"column":373}},"35":{"start":{"line":21,"column":374},"end":{"line":21,"column":492}},"36":{"start":{"line":21,"column":390},"end":{"line":21,"column":492}},"37":{"start":{"line":23,"column":0},"end":{"line":87,"column":24}},"38":{"start":{"line":24,"column":4},"end":{"line":24,"column":44}},"39":{"start":{"line":26,"column":4},"end":{"line":34,"column":5}},"40":{"start":{"line":27,"column":8},"end":{"line":27,"column":47}},"41":{"start":{"line":29,"column":8},"end":{"line":29,"column":144}},"42":{"start":{"line":31,"column":8},"end":{"line":31,"column":28}},"43":{"start":{"line":32,"column":8},"end":{"line":32,"column":34}},"44":{"start":{"line":33,"column":8},"end":{"line":33,"column":21}},"45":{"start":{"line":36,"column":4},"end":{"line":84,"column":8}},"46":{"start":{"line":39,"column":12},"end":{"line":39,"column":30}},"47":{"start":{"line":41,"column":12},"end":{"line":41,"column":31}},"48":{"start":{"line":43,"column":12},"end":{"line":51,"column":13}},"49":{"start":{"line":44,"column":16},"end":{"line":44,"column":37}},"50":{"start":{"line":45,"column":19},"end":{"line":51,"column":13}},"51":{"start":{"line":46,"column":16},"end":{"line":46,"column":27}},"52":{"start":{"line":47,"column":19},"end":{"line":51,"column":13}},"53":{"start":{"line":48,"column":16},"end":{"line":48,"column":27}},"54":{"start":{"line":50,"column":16},"end":{"line":50,"column":27}},"55":{"start":{"line":53,"column":12},"end":{"line":55,"column":15}},"56":{"start":{"line":54,"column":16},"end":{"line":54,"column":59}},"57":{"start":{"line":57,"column":12},"end":{"line":57,"column":25}},"58":{"start":{"line":62,"column":12},"end":{"line":62,"column":54}},"59":{"start":{"line":64,"column":12},"end":{"line":64,"column":61}},"60":{"start":{"line":69,"column":12},"end":{"line":71,"column":13}},"61":{"start":{"line":70,"column":16},"end":{"line":70,"column":28}},"62":{"start":{"line":72,"column":12},"end":{"line":72,"column":25}},"63":{"start":{"line":77,"column":12},"end":{"line":77,"column":128}},"64":{"start":{"line":82,"column":12},"end":{"line":82,"column":40}},"65":{"start":{"line":86,"column":4},"end":{"line":86,"column":27}},"66":{"start":{"line":89,"column":0},"end":{"line":89,"column":34}}},"branchMap":{"1":{"line":7,"type":"cond-expr","locations":[{"start":{"line":7,"column":84},"end":{"line":7,"column":121}},{"start":{"line":7,"column":124},"end":{"line":7,"column":268}}]},"2":{"line":7,"type":"binary-expr","locations":[{"start":{"line":7,"column":14},"end":{"line":7,"column":42}},{"start":{"line":7,"column":46},"end":{"line":7,"column":81}}]},"3":{"line":7,"type":"cond-expr","locations":[{"start":{"line":7,"column":244},"end":{"line":7,"column":252}},{"start":{"line":7,"column":255},"end":{"line":7,"column":265}}]},"4":{"line":7,"type":"binary-expr","locations":[{"start":{"line":7,"column":148},"end":{"line":7,"column":151}},{"start":{"line":7,"column":155},"end":{"line":7,"column":183}},{"start":{"line":7,"column":187},"end":{"line":7,"column":213}},{"start":{"line":7,"column":217},"end":{"line":7,"column":241}}]},"5":{"line":9,"type":"binary-expr","locations":[{"start":{"line":9,"column":168},"end":{"line":9,"column":189}},{"start":{"line":9,"column":193},"end":{"line":9,"column":198}}]},"6":{"line":9,"type":"if","locations":[{"start":{"line":9,"column":232},"end":{"line":9,"column":232}},{"start":{"line":9,"column":232},"end":{"line":9,"column":232}}]},"7":{"line":9,"type":"if","locations":[{"start":{"line":9,"column":407},"end":{"line":9,"column":407}},{"start":{"line":9,"column":407},"end":{"line":9,"column":407}}]},"8":{"line":9,"type":"if","locations":[{"start":{"line":9,"column":476},"end":{"line":9,"column":476}},{"start":{"line":9,"column":476},"end":{"line":9,"column":476}}]},"9":{"line":15,"type":"cond-expr","locations":[{"start":{"line":15,"column":70},"end":{"line":15,"column":73}},{"start":{"line":15,"column":76},"end":{"line":15,"column":92}}]},"10":{"line":15,"type":"binary-expr","locations":[{"start":{"line":15,"column":46},"end":{"line":15,"column":49}},{"start":{"line":15,"column":53},"end":{"line":15,"column":67}}]},"11":{"line":17,"type":"if","locations":[{"start":{"line":17,"column":50},"end":{"line":17,"column":50}},{"start":{"line":17,"column":50},"end":{"line":17,"column":50}}]},"12":{"line":19,"type":"if","locations":[{"start":{"line":19,"column":50},"end":{"line":19,"column":50}},{"start":{"line":19,"column":50},"end":{"line":19,"column":50}}]},"13":{"line":19,"type":"cond-expr","locations":[{"start":{"line":19,"column":226},"end":{"line":19,"column":230}},{"start":{"line":19,"column":233},"end":{"line":19,"column":237}}]},"14":{"line":19,"type":"binary-expr","locations":[{"start":{"line":19,"column":159},"end":{"line":19,"column":163}},{"start":{"line":19,"column":168},"end":{"line":19,"column":192}},{"start":{"line":19,"column":196},"end":{"line":19,"column":222}}]},"15":{"line":21,"type":"if","locations":[{"start":{"line":21,"column":43},"end":{"line":21,"column":43}},{"start":{"line":21,"column":43},"end":{"line":21,"column":43}}]},"16":{"line":21,"type":"binary-expr","locations":[{"start":{"line":21,"column":47},"end":{"line":21,"column":79}},{"start":{"line":21,"column":83},"end":{"line":21,"column":102}}]},"17":{"line":21,"type":"binary-expr","locations":[{"start":{"line":21,"column":244},"end":{"line":21,"column":254}},{"start":{"line":21,"column":258},"end":{"line":21,"column":278}}]},"18":{"line":21,"type":"if","locations":[{"start":{"line":21,"column":374},"end":{"line":21,"column":374}},{"start":{"line":21,"column":374},"end":{"line":21,"column":374}}]},"19":{"line":21,"type":"cond-expr","locations":[{"start":{"line":21,"column":414},"end":{"line":21,"column":457}},{"start":{"line":21,"column":460},"end":{"line":21,"column":491}}]},"20":{"line":29,"type":"binary-expr","locations":[{"start":{"line":29,"column":54},"end":{"line":29,"column":79}},{"start":{"line":29,"column":83},"end":{"line":29,"column":121}}]},"21":{"line":43,"type":"if","locations":[{"start":{"line":43,"column":12},"end":{"line":43,"column":12}},{"start":{"line":43,"column":12},"end":{"line":43,"column":12}}]},"22":{"line":45,"type":"if","locations":[{"start":{"line":45,"column":19},"end":{"line":45,"column":19}},{"start":{"line":45,"column":19},"end":{"line":45,"column":19}}]},"23":{"line":47,"type":"if","locations":[{"start":{"line":47,"column":19},"end":{"line":47,"column":19}},{"start":{"line":47,"column":19},"end":{"line":47,"column":19}}]},"24":{"line":69,"type":"if","locations":[{"start":{"line":69,"column":12},"end":{"line":69,"column":12}},{"start":{"line":69,"column":12},"end":{"line":69,"column":12}}]},"25":{"line":69,"type":"binary-expr","locations":[{"start":{"line":69,"column":16},"end":{"line":69,"column":20}},{"start":{"line":69,"column":24},"end":{"line":69,"column":55}},{"start":{"line":69,"column":59},"end":{"line":69,"column":84}}]},"26":{"line":77,"type":"binary-expr","locations":[{"start":{"line":77,"column":19},"end":{"line":77,"column":89}},{"start":{"line":77,"column":93},"end":{"line":77,"column":104}},{"start":{"line":77,"column":108},"end":{"line":77,"column":127}}]},"27":{"line":77,"type":"cond-expr","locations":[{"start":{"line":77,"column":49},"end":{"line":77,"column":60}},{"start":{"line":77,"column":63},"end":{"line":77,"column":75}}]}}},"/Users/jaredjbarnes/Documents/Queryablejs/lib/Queryable.js":{"path":"/Users/jaredjbarnes/Documents/Queryablejs/lib/Queryable.js","s":{"1":1,"2":1,"3":144,"4":0,"5":1,"6":1,"7":2,"8":28,"9":28,"10":28,"11":28,"12":28,"13":28,"14":1,"15":1,"16":1,"17":1,"18":1,"19":1,"20":1,"21":1,"22":1,"23":1,"24":1,"25":1,"26":1,"27":1,"28":1,"29":1,"30":1,"31":1,"32":1,"33":6,"34":1,"35":109,"36":0,"37":1,"38":1,"39":1,"40":109,"41":109,"42":109,"43":109,"44":109,"45":109,"46":1,"47":109,"48":109,"49":57,"50":52,"51":109,"52":57,"53":52,"54":109,"55":56,"56":53,"57":109,"58":57,"59":23,"60":52,"61":109,"62":57,"63":52,"64":109,"65":4,"66":1,"67":144,"68":144,"69":144,"70":0,"71":144,"72":65,"73":79,"74":57,"75":22,"76":122,"77":29,"78":122,"79":57,"80":57,"81":57,"82":57,"83":57,"84":57,"85":57,"86":57,"87":25,"88":25,"89":25,"90":25,"91":23,"92":2,"93":2,"94":0,"95":25,"96":2,"97":23,"98":2,"99":2,"100":2,"101":23,"102":20,"103":3,"104":3,"105":3,"106":3,"107":3,"108":23,"109":144,"110":109,"111":52,"112":57,"113":13,"114":23,"115":23,"116":0,"117":23,"118":0,"119":23,"120":0,"121":23,"122":10,"123":3,"124":3,"125":3,"126":3,"127":0,"128":3,"129":3,"130":3,"131":3,"132":3,"133":3,"134":3,"135":3,"136":4,"137":3,"138":1,"139":2,"140":2,"141":2,"142":3,"143":2,"144":1,"145":55,"146":55,"147":55,"148":1,"149":1,"150":0,"151":94,"152":7,"153":7,"154":1,"155":6,"156":6,"157":6,"158":6,"159":3,"160":1,"161":2,"162":1,"163":1,"164":1,"165":1,"166":1,"167":6,"168":0,"169":6,"170":2,"171":1,"172":2,"173":1,"174":6,"175":6,"176":6,"177":6,"178":5,"179":11,"180":1,"181":10,"182":10,"183":2,"184":10,"185":9,"186":10,"187":7,"188":1,"189":6,"190":6,"191":2,"192":6,"193":5,"194":6,"195":6,"196":3,"197":3,"198":3,"199":1,"200":2,"201":2,"202":2,"203":3,"204":1,"205":2,"206":2,"207":2,"208":2,"209":1,"210":1,"211":1,"212":4,"213":19,"214":2,"215":2,"216":1,"217":1},"b":{"1":[1,0],"2":[1,1],"3":[0,0],"4":[0,0,0,0],"5":[28,28],"6":[28,0],"7":[1,0],"8":[1,0],"9":[6,0],"10":[6,6],"11":[0,109],"12":[57,52],"13":[109,57],"14":[109,46],"15":[57,52],"16":[109,57],"17":[57,52],"18":[56,53],"19":[57,52],"20":[57,52],"21":[1,3],"22":[0,144],"23":[65,79],"24":[57,22],"25":[23,2],"26":[25,25],"27":[23,2],"28":[2,0],"29":[2,23],"30":[2,21],"31":[20,3],"32":[144,122,122],"33":[0,144],"34":[52,57],"35":[13,13],"36":[0,23],"37":[0,23],"38":[23,7],"39":[0,23],"40":[10,10,10],"41":[0,3],"42":[4,3],"43":[1,2],"44":[55,1],"45":[1,6],"46":[3,3],"47":[1,2],"48":[1,1],"49":[2,2],"50":[1,1],"51":[1,10],"52":[9,1],"53":[1,6],"54":[5,1],"55":[3,3],"56":[1,2],"57":[1,2]},"f":{"1":144,"2":0,"3":1,"4":2,"5":1,"6":6,"7":109,"8":1,"9":109,"10":109,"11":23,"12":4,"13":144,"14":29,"15":57,"16":25,"17":2,"18":144,"19":109,"20":13,"21":23,"22":10,"23":3,"24":3,"25":3,"26":3,"27":4,"28":3,"29":1,"30":55,"31":1,"32":0,"33":94,"34":7,"35":0,"36":2,"37":1,"38":5,"39":11,"40":2,"41":7,"42":2,"43":6,"44":3,"45":3,"46":2,"47":1,"48":4,"49":19,"50":2},"fnMap":{"1":{"name":"(anonymous_1)","line":7,"loc":{"start":{"line":7,"column":84},"end":{"line":7,"column":99}}},"2":{"name":"(anonymous_2)","line":7,"loc":{"start":{"line":7,"column":124},"end":{"line":7,"column":139}}},"3":{"name":"(anonymous_3)","line":9,"loc":{"start":{"line":9,"column":19},"end":{"line":9,"column":31}}},"4":{"name":"defineProperties","line":9,"loc":{"start":{"line":9,"column":33},"end":{"line":9,"column":74}}},"5":{"name":"(anonymous_5)","line":9,"loc":{"start":{"line":9,"column":357},"end":{"line":9,"column":405}}},"6":{"name":"_interopRequireDefault","line":35,"loc":{"start":{"line":35,"column":0},"end":{"line":35,"column":37}}},"7":{"name":"_classCallCheck","line":37,"loc":{"start":{"line":37,"column":0},"end":{"line":37,"column":48}}},"8":{"name":"(anonymous_8)","line":41,"loc":{"start":{"line":41,"column":16},"end":{"line":41,"column":28}}},"9":{"name":"Queryable","line":42,"loc":{"start":{"line":42,"column":4},"end":{"line":42,"column":29}}},"10":{"name":"_applyQuery","line":55,"loc":{"start":{"line":55,"column":15},"end":{"line":55,"column":43}}},"11":{"name":"(anonymous_11)","line":77,"loc":{"start":{"line":77,"column":58},"end":{"line":77,"column":77}}},"12":{"name":"_assertHasProvider","line":94,"loc":{"start":{"line":94,"column":15},"end":{"line":94,"column":45}}},"13":{"name":"_cloneObject","line":106,"loc":{"start":{"line":106,"column":15},"end":{"line":106,"column":42}}},"14":{"name":"(anonymous_14)","line":121,"loc":{"start":{"line":121,"column":37},"end":{"line":121,"column":52}}},"15":{"name":"_copyQuery","line":129,"loc":{"start":{"line":129,"column":15},"end":{"line":129,"column":42}}},"16":{"name":"_createQueryableFromLambda","line":143,"loc":{"start":{"line":143,"column":15},"end":{"line":143,"column":57}}},"17":{"name":"(anonymous_17)","line":144,"loc":{"start":{"line":144,"column":93},"end":{"line":144,"column":105}}},"18":{"name":"_isObject","line":184,"loc":{"start":{"line":184,"column":15},"end":{"line":184,"column":39}}},"19":{"name":"_isValidMapping","line":189,"loc":{"start":{"line":189,"column":15},"end":{"line":189,"column":49}}},"20":{"name":"(anonymous_20)","line":194,"loc":{"start":{"line":194,"column":46},"end":{"line":194,"column":61}}},"21":{"name":"_isValidOrderBy","line":200,"loc":{"start":{"line":200,"column":15},"end":{"line":200,"column":49}}},"22":{"name":"_validatePropertyName","line":219,"loc":{"start":{"line":219,"column":15},"end":{"line":219,"column":52}}},"23":{"name":"_selectArray","line":224,"loc":{"start":{"line":224,"column":15},"end":{"line":224,"column":49}}},"24":{"name":"(anonymous_24)","line":227,"loc":{"start":{"line":227,"column":51},"end":{"line":227,"column":71}}},"25":{"name":"(anonymous_25)","line":238,"loc":{"start":{"line":238,"column":31},"end":{"line":238,"column":51}}},"26":{"name":"_selectObject","line":246,"loc":{"start":{"line":246,"column":15},"end":{"line":246,"column":47}}},"27":{"name":"(anonymous_27)","line":250,"loc":{"start":{"line":250,"column":52},"end":{"line":250,"column":67}}},"28":{"name":"(anonymous_28)","line":261,"loc":{"start":{"line":261,"column":32},"end":{"line":261,"column":47}}},"29":{"name":"and","line":269,"loc":{"start":{"line":269,"column":15},"end":{"line":269,"column":36}}},"30":{"name":"copy","line":274,"loc":{"start":{"line":274,"column":15},"end":{"line":274,"column":36}}},"31":{"name":"countAsync","line":281,"loc":{"start":{"line":281,"column":15},"end":{"line":281,"column":37}}},"32":{"name":"getExpression","line":287,"loc":{"start":{"line":287,"column":15},"end":{"line":287,"column":40}}},"33":{"name":"getQuery","line":292,"loc":{"start":{"line":292,"column":15},"end":{"line":292,"column":35}}},"34":{"name":"merge","line":297,"loc":{"start":{"line":297,"column":15},"end":{"line":297,"column":41}}},"35":{"name":"(anonymous_35)","line":325,"loc":{"start":{"line":325,"column":46},"end":{"line":325,"column":61}}},"36":{"name":"(anonymous_36)","line":329,"loc":{"start":{"line":329,"column":34},"end":{"line":329,"column":53}}},"37":{"name":"(anonymous_37)","line":330,"loc":{"start":{"line":330,"column":57},"end":{"line":330,"column":81}}},"38":{"name":"or","line":347,"loc":{"start":{"line":347,"column":15},"end":{"line":347,"column":35}}},"39":{"name":"orderBy","line":352,"loc":{"start":{"line":352,"column":15},"end":{"line":352,"column":42}}},"40":{"name":"(anonymous_40)","line":359,"loc":{"start":{"line":359,"column":48},"end":{"line":359,"column":67}}},"41":{"name":"orderByDesc","line":374,"loc":{"start":{"line":374,"column":15},"end":{"line":374,"column":46}}},"42":{"name":"(anonymous_42)","line":381,"loc":{"start":{"line":381,"column":48},"end":{"line":381,"column":67}}},"43":{"name":"select","line":396,"loc":{"start":{"line":396,"column":15},"end":{"line":396,"column":40}}},"44":{"name":"skip","line":405,"loc":{"start":{"line":405,"column":15},"end":{"line":405,"column":36}}},"45":{"name":"take","line":417,"loc":{"start":{"line":417,"column":15},"end":{"line":417,"column":36}}},"46":{"name":"toArrayAsync","line":429,"loc":{"start":{"line":429,"column":15},"end":{"line":429,"column":39}}},"47":{"name":"toArrayWithCountAsync","line":435,"loc":{"start":{"line":435,"column":15},"end":{"line":435,"column":48}}},"48":{"name":"toJson","line":441,"loc":{"start":{"line":441,"column":15},"end":{"line":441,"column":33}}},"49":{"name":"where","line":446,"loc":{"start":{"line":446,"column":15},"end":{"line":446,"column":38}}},"50":{"name":"fromJson","line":451,"loc":{"start":{"line":451,"column":15},"end":{"line":451,"column":44}}}},"statementMap":{"1":{"start":{"line":3,"column":0},"end":{"line":5,"column":3}},"2":{"start":{"line":7,"column":0},"end":{"line":7,"column":269}},"3":{"start":{"line":7,"column":101},"end":{"line":7,"column":119}},"4":{"start":{"line":7,"column":141},"end":{"line":7,"column":266}},"5":{"start":{"line":9,"column":0},"end":{"line":9,"column":564}},"6":{"start":{"line":9,"column":33},"end":{"line":9,"column":349}},"7":{"start":{"line":9,"column":76},"end":{"line":9,"column":347}},"8":{"start":{"line":9,"column":117},"end":{"line":9,"column":143}},"9":{"start":{"line":9,"column":144},"end":{"line":9,"column":199}},"10":{"start":{"line":9,"column":200},"end":{"line":9,"column":231}},"11":{"start":{"line":9,"column":232},"end":{"line":9,"column":286}},"12":{"start":{"line":9,"column":259},"end":{"line":9,"column":286}},"13":{"start":{"line":9,"column":287},"end":{"line":9,"column":345}},"14":{"start":{"line":9,"column":350},"end":{"line":9,"column":559}},"15":{"start":{"line":9,"column":407},"end":{"line":9,"column":475}},"16":{"start":{"line":9,"column":423},"end":{"line":9,"column":475}},"17":{"start":{"line":9,"column":476},"end":{"line":9,"column":536}},"18":{"start":{"line":9,"column":493},"end":{"line":9,"column":536}},"19":{"start":{"line":9,"column":537},"end":{"line":9,"column":556}},"20":{"start":{"line":11,"column":0},"end":{"line":11,"column":42}},"21":{"start":{"line":13,"column":0},"end":{"line":13,"column":55}},"22":{"start":{"line":15,"column":0},"end":{"line":15,"column":56}},"23":{"start":{"line":17,"column":0},"end":{"line":17,"column":69}},"24":{"start":{"line":19,"column":0},"end":{"line":19,"column":60}},"25":{"start":{"line":21,"column":0},"end":{"line":21,"column":73}},"26":{"start":{"line":23,"column":0},"end":{"line":23,"column":74}},"27":{"start":{"line":25,"column":0},"end":{"line":25,"column":87}},"28":{"start":{"line":27,"column":0},"end":{"line":27,"column":52}},"29":{"start":{"line":29,"column":0},"end":{"line":29,"column":65}},"30":{"start":{"line":31,"column":0},"end":{"line":31,"column":50}},"31":{"start":{"line":33,"column":0},"end":{"line":33,"column":63}},"32":{"start":{"line":35,"column":0},"end":{"line":35,"column":95}},"33":{"start":{"line":35,"column":39},"end":{"line":35,"column":93}},"34":{"start":{"line":37,"column":0},"end":{"line":37,"column":153}},"35":{"start":{"line":37,"column":50},"end":{"line":37,"column":151}},"36":{"start":{"line":37,"column":92},"end":{"line":37,"column":149}},"37":{"start":{"line":39,"column":0},"end":{"line":39,"column":52}},"38":{"start":{"line":41,"column":0},"end":{"line":458,"column":4}},"39":{"start":{"line":42,"column":4},"end":{"line":51,"column":5}},"40":{"start":{"line":43,"column":8},"end":{"line":43,"column":91}},"41":{"start":{"line":45,"column":8},"end":{"line":45,"column":41}},"42":{"start":{"line":47,"column":8},"end":{"line":47,"column":37}},"43":{"start":{"line":48,"column":8},"end":{"line":48,"column":29}},"44":{"start":{"line":49,"column":8},"end":{"line":49,"column":27}},"45":{"start":{"line":50,"column":8},"end":{"line":50,"column":32}},"46":{"start":{"line":53,"column":4},"end":{"line":455,"column":8}},"47":{"start":{"line":56,"column":12},"end":{"line":56,"column":29}},"48":{"start":{"line":58,"column":12},"end":{"line":62,"column":13}},"49":{"start":{"line":59,"column":16},"end":{"line":59,"column":47}},"50":{"start":{"line":61,"column":16},"end":{"line":61,"column":78}},"51":{"start":{"line":64,"column":12},"end":{"line":68,"column":13}},"52":{"start":{"line":65,"column":16},"end":{"line":65,"column":45}},"53":{"start":{"line":67,"column":16},"end":{"line":67,"column":36}},"54":{"start":{"line":70,"column":12},"end":{"line":74,"column":13}},"55":{"start":{"line":71,"column":16},"end":{"line":71,"column":45}},"56":{"start":{"line":73,"column":16},"end":{"line":73,"column":43}},"57":{"start":{"line":76,"column":12},"end":{"line":82,"column":13}},"58":{"start":{"line":77,"column":16},"end":{"line":79,"column":19}},"59":{"start":{"line":78,"column":20},"end":{"line":78,"column":58}},"60":{"start":{"line":81,"column":16},"end":{"line":81,"column":40}},"61":{"start":{"line":84,"column":12},"end":{"line":88,"column":13}},"62":{"start":{"line":85,"column":16},"end":{"line":85,"column":49}},"63":{"start":{"line":87,"column":16},"end":{"line":87,"column":39}},"64":{"start":{"line":90,"column":12},"end":{"line":90,"column":40}},"65":{"start":{"line":95,"column":12},"end":{"line":97,"column":13}},"66":{"start":{"line":96,"column":16},"end":{"line":96,"column":54}},"67":{"start":{"line":107,"column":12},"end":{"line":107,"column":30}},"68":{"start":{"line":109,"column":12},"end":{"line":109,"column":31}},"69":{"start":{"line":111,"column":12},"end":{"line":119,"column":13}},"70":{"start":{"line":112,"column":16},"end":{"line":112,"column":37}},"71":{"start":{"line":113,"column":19},"end":{"line":119,"column":13}},"72":{"start":{"line":114,"column":16},"end":{"line":114,"column":27}},"73":{"start":{"line":115,"column":19},"end":{"line":119,"column":13}},"74":{"start":{"line":116,"column":16},"end":{"line":116,"column":27}},"75":{"start":{"line":118,"column":16},"end":{"line":118,"column":27}},"76":{"start":{"line":121,"column":12},"end":{"line":123,"column":15}},"77":{"start":{"line":122,"column":16},"end":{"line":122,"column":59}},"78":{"start":{"line":125,"column":12},"end":{"line":125,"column":25}},"79":{"start":{"line":130,"column":12},"end":{"line":130,"column":26}},"80":{"start":{"line":132,"column":12},"end":{"line":132,"column":44}},"81":{"start":{"line":133,"column":12},"end":{"line":133,"column":60}},"82":{"start":{"line":134,"column":12},"end":{"line":134,"column":58}},"83":{"start":{"line":135,"column":12},"end":{"line":135,"column":35}},"84":{"start":{"line":136,"column":12},"end":{"line":136,"column":35}},"85":{"start":{"line":137,"column":12},"end":{"line":137,"column":35}},"86":{"start":{"line":139,"column":12},"end":{"line":139,"column":24}},"87":{"start":{"line":144,"column":12},"end":{"line":144,"column":108}},"88":{"start":{"line":146,"column":12},"end":{"line":146,"column":57}},"89":{"start":{"line":147,"column":12},"end":{"line":147,"column":41}},"90":{"start":{"line":149,"column":12},"end":{"line":155,"column":13}},"91":{"start":{"line":150,"column":16},"end":{"line":150,"column":85}},"92":{"start":{"line":151,"column":19},"end":{"line":155,"column":13}},"93":{"start":{"line":152,"column":16},"end":{"line":152,"column":41}},"94":{"start":{"line":154,"column":16},"end":{"line":154,"column":90}},"95":{"start":{"line":157,"column":12},"end":{"line":159,"column":13}},"96":{"start":{"line":158,"column":16},"end":{"line":158,"column":84}},"97":{"start":{"line":161,"column":12},"end":{"line":165,"column":13}},"98":{"start":{"line":162,"column":16},"end":{"line":162,"column":73}},"99":{"start":{"line":163,"column":16},"end":{"line":163,"column":55}},"100":{"start":{"line":164,"column":16},"end":{"line":164,"column":42}},"101":{"start":{"line":167,"column":12},"end":{"line":178,"column":13}},"102":{"start":{"line":168,"column":16},"end":{"line":168,"column":46}},"103":{"start":{"line":171,"column":16},"end":{"line":171,"column":66}},"104":{"start":{"line":172,"column":16},"end":{"line":172,"column":64}},"105":{"start":{"line":173,"column":16},"end":{"line":173,"column":73}},"106":{"start":{"line":175,"column":16},"end":{"line":175,"column":74}},"107":{"start":{"line":177,"column":16},"end":{"line":177,"column":54}},"108":{"start":{"line":180,"column":12},"end":{"line":180,"column":36}},"109":{"start":{"line":185,"column":12},"end":{"line":185,"column":128}},"110":{"start":{"line":190,"column":12},"end":{"line":192,"column":13}},"111":{"start":{"line":191,"column":16},"end":{"line":191,"column":29}},"112":{"start":{"line":194,"column":12},"end":{"line":196,"column":15}},"113":{"start":{"line":195,"column":16},"end":{"line":195,"column":83}},"114":{"start":{"line":201,"column":12},"end":{"line":201,"column":44}},"115":{"start":{"line":203,"column":12},"end":{"line":205,"column":13}},"116":{"start":{"line":204,"column":16},"end":{"line":204,"column":29}},"117":{"start":{"line":207,"column":12},"end":{"line":209,"column":13}},"118":{"start":{"line":208,"column":16},"end":{"line":208,"column":29}},"119":{"start":{"line":211,"column":12},"end":{"line":213,"column":13}},"120":{"start":{"line":212,"column":16},"end":{"line":212,"column":29}},"121":{"start":{"line":215,"column":12},"end":{"line":215,"column":24}},"122":{"start":{"line":220,"column":12},"end":{"line":220,"column":102}},"123":{"start":{"line":225,"column":12},"end":{"line":225,"column":30}},"124":{"start":{"line":227,"column":12},"end":{"line":229,"column":15}},"125":{"start":{"line":228,"column":16},"end":{"line":228,"column":62}},"126":{"start":{"line":231,"column":12},"end":{"line":233,"column":13}},"127":{"start":{"line":232,"column":16},"end":{"line":232,"column":154}},"128":{"start":{"line":235,"column":12},"end":{"line":235,"column":57}},"129":{"start":{"line":236,"column":12},"end":{"line":236,"column":47}},"130":{"start":{"line":238,"column":12},"end":{"line":240,"column":15}},"131":{"start":{"line":239,"column":16},"end":{"line":239,"column":53}},"132":{"start":{"line":242,"column":12},"end":{"line":242,"column":36}},"133":{"start":{"line":247,"column":12},"end":{"line":247,"column":30}},"134":{"start":{"line":249,"column":12},"end":{"line":249,"column":51}},"135":{"start":{"line":250,"column":12},"end":{"line":252,"column":15}},"136":{"start":{"line":251,"column":16},"end":{"line":251,"column":103}},"137":{"start":{"line":254,"column":12},"end":{"line":256,"column":13}},"138":{"start":{"line":255,"column":16},"end":{"line":255,"column":154}},"139":{"start":{"line":258,"column":12},"end":{"line":258,"column":57}},"140":{"start":{"line":259,"column":12},"end":{"line":259,"column":47}},"141":{"start":{"line":261,"column":12},"end":{"line":263,"column":15}},"142":{"start":{"line":262,"column":16},"end":{"line":262,"column":52}},"143":{"start":{"line":265,"column":12},"end":{"line":265,"column":36}},"144":{"start":{"line":270,"column":12},"end":{"line":270,"column":66}},"145":{"start":{"line":275,"column":12},"end":{"line":275,"column":91}},"146":{"start":{"line":276,"column":12},"end":{"line":276,"column":47}},"147":{"start":{"line":277,"column":12},"end":{"line":277,"column":29}},"148":{"start":{"line":282,"column":12},"end":{"line":282,"column":42}},"149":{"start":{"line":283,"column":12},"end":{"line":283,"column":50}},"150":{"start":{"line":288,"column":12},"end":{"line":288,"column":30}},"151":{"start":{"line":293,"column":12},"end":{"line":293,"column":30}},"152":{"start":{"line":298,"column":12},"end":{"line":298,"column":30}},"153":{"start":{"line":300,"column":12},"end":{"line":302,"column":13}},"154":{"start":{"line":301,"column":16},"end":{"line":301,"column":73}},"155":{"start":{"line":304,"column":12},"end":{"line":304,"column":62}},"156":{"start":{"line":305,"column":12},"end":{"line":305,"column":45}},"157":{"start":{"line":307,"column":12},"end":{"line":307,"column":58}},"158":{"start":{"line":309,"column":12},"end":{"line":323,"column":13}},"159":{"start":{"line":311,"column":16},"end":{"line":322,"column":17}},"160":{"start":{"line":312,"column":20},"end":{"line":312,"column":75}},"161":{"start":{"line":313,"column":23},"end":{"line":322,"column":17}},"162":{"start":{"line":314,"column":20},"end":{"line":314,"column":87}},"163":{"start":{"line":316,"column":20},"end":{"line":316,"column":73}},"164":{"start":{"line":317,"column":20},"end":{"line":317,"column":81}},"165":{"start":{"line":319,"column":20},"end":{"line":319,"column":88}},"166":{"start":{"line":321,"column":20},"end":{"line":321,"column":66}},"167":{"start":{"line":325,"column":12},"end":{"line":327,"column":15}},"168":{"start":{"line":326,"column":16},"end":{"line":326,"column":80}},"169":{"start":{"line":329,"column":12},"end":{"line":337,"column":15}},"170":{"start":{"line":330,"column":16},"end":{"line":332,"column":19}},"171":{"start":{"line":331,"column":20},"end":{"line":331,"column":66}},"172":{"start":{"line":334,"column":16},"end":{"line":336,"column":17}},"173":{"start":{"line":335,"column":20},"end":{"line":335,"column":74}},"174":{"start":{"line":339,"column":12},"end":{"line":339,"column":41}},"175":{"start":{"line":340,"column":12},"end":{"line":340,"column":41}},"176":{"start":{"line":341,"column":12},"end":{"line":341,"column":41}},"177":{"start":{"line":343,"column":12},"end":{"line":343,"column":41}},"178":{"start":{"line":348,"column":12},"end":{"line":348,"column":65}},"179":{"start":{"line":353,"column":12},"end":{"line":355,"column":13}},"180":{"start":{"line":354,"column":16},"end":{"line":354,"column":90}},"181":{"start":{"line":357,"column":12},"end":{"line":357,"column":57}},"182":{"start":{"line":359,"column":12},"end":{"line":361,"column":15}},"183":{"start":{"line":360,"column":16},"end":{"line":360,"column":51}},"184":{"start":{"line":363,"column":12},"end":{"line":368,"column":13}},"185":{"start":{"line":364,"column":16},"end":{"line":367,"column":19}},"186":{"start":{"line":370,"column":12},"end":{"line":370,"column":36}},"187":{"start":{"line":375,"column":12},"end":{"line":377,"column":13}},"188":{"start":{"line":376,"column":16},"end":{"line":376,"column":90}},"189":{"start":{"line":379,"column":12},"end":{"line":379,"column":57}},"190":{"start":{"line":381,"column":12},"end":{"line":383,"column":15}},"191":{"start":{"line":382,"column":16},"end":{"line":382,"column":51}},"192":{"start":{"line":385,"column":12},"end":{"line":390,"column":13}},"193":{"start":{"line":386,"column":16},"end":{"line":389,"column":19}},"194":{"start":{"line":392,"column":12},"end":{"line":392,"column":36}},"195":{"start":{"line":397,"column":12},"end":{"line":401,"column":13}},"196":{"start":{"line":398,"column":16},"end":{"line":398,"column":50}},"197":{"start":{"line":400,"column":16},"end":{"line":400,"column":51}},"198":{"start":{"line":406,"column":12},"end":{"line":408,"column":13}},"199":{"start":{"line":407,"column":16},"end":{"line":407,"column":80}},"200":{"start":{"line":410,"column":12},"end":{"line":410,"column":57}},"201":{"start":{"line":411,"column":12},"end":{"line":411,"column":31}},"202":{"start":{"line":413,"column":12},"end":{"line":413,"column":36}},"203":{"start":{"line":418,"column":12},"end":{"line":420,"column":13}},"204":{"start":{"line":419,"column":16},"end":{"line":419,"column":80}},"205":{"start":{"line":422,"column":12},"end":{"line":422,"column":57}},"206":{"start":{"line":423,"column":12},"end":{"line":423,"column":31}},"207":{"start":{"line":425,"column":12},"end":{"line":425,"column":36}},"208":{"start":{"line":430,"column":12},"end":{"line":430,"column":42}},"209":{"start":{"line":431,"column":12},"end":{"line":431,"column":52}},"210":{"start":{"line":436,"column":12},"end":{"line":436,"column":42}},"211":{"start":{"line":437,"column":12},"end":{"line":437,"column":61}},"212":{"start":{"line":442,"column":12},"end":{"line":442,"column":51}},"213":{"start":{"line":447,"column":12},"end":{"line":447,"column":66}},"214":{"start":{"line":452,"column":12},"end":{"line":452,"column":58}},"215":{"start":{"line":453,"column":12},"end":{"line":453,"column":52}},"216":{"start":{"line":457,"column":4},"end":{"line":457,"column":21}},"217":{"start":{"line":460,"column":0},"end":{"line":460,"column":28}}},"branchMap":{"1":{"line":7,"type":"cond-expr","locations":[{"start":{"line":7,"column":84},"end":{"line":7,"column":121}},{"start":{"line":7,"column":124},"end":{"line":7,"column":268}}]},"2":{"line":7,"type":"binary-expr","locations":[{"start":{"line":7,"column":14},"end":{"line":7,"column":42}},{"start":{"line":7,"column":46},"end":{"line":7,"column":81}}]},"3":{"line":7,"type":"cond-expr","locations":[{"start":{"line":7,"column":244},"end":{"line":7,"column":252}},{"start":{"line":7,"column":255},"end":{"line":7,"column":265}}]},"4":{"line":7,"type":"binary-expr","locations":[{"start":{"line":7,"column":148},"end":{"line":7,"column":151}},{"start":{"line":7,"column":155},"end":{"line":7,"column":183}},{"start":{"line":7,"column":187},"end":{"line":7,"column":213}},{"start":{"line":7,"column":217},"end":{"line":7,"column":241}}]},"5":{"line":9,"type":"binary-expr","locations":[{"start":{"line":9,"column":168},"end":{"line":9,"column":189}},{"start":{"line":9,"column":193},"end":{"line":9,"column":198}}]},"6":{"line":9,"type":"if","locations":[{"start":{"line":9,"column":232},"end":{"line":9,"column":232}},{"start":{"line":9,"column":232},"end":{"line":9,"column":232}}]},"7":{"line":9,"type":"if","locations":[{"start":{"line":9,"column":407},"end":{"line":9,"column":407}},{"start":{"line":9,"column":407},"end":{"line":9,"column":407}}]},"8":{"line":9,"type":"if","locations":[{"start":{"line":9,"column":476},"end":{"line":9,"column":476}},{"start":{"line":9,"column":476},"end":{"line":9,"column":476}}]},"9":{"line":35,"type":"cond-expr","locations":[{"start":{"line":35,"column":70},"end":{"line":35,"column":73}},{"start":{"line":35,"column":76},"end":{"line":35,"column":92}}]},"10":{"line":35,"type":"binary-expr","locations":[{"start":{"line":35,"column":46},"end":{"line":35,"column":49}},{"start":{"line":35,"column":53},"end":{"line":35,"column":67}}]},"11":{"line":37,"type":"if","locations":[{"start":{"line":37,"column":50},"end":{"line":37,"column":50}},{"start":{"line":37,"column":50},"end":{"line":37,"column":50}}]},"12":{"line":43,"type":"cond-expr","locations":[{"start":{"line":43,"column":73},"end":{"line":43,"column":85}},{"start":{"line":43,"column":88},"end":{"line":43,"column":90}}]},"13":{"line":43,"type":"binary-expr","locations":[{"start":{"line":43,"column":20},"end":{"line":43,"column":40}},{"start":{"line":43,"column":44},"end":{"line":43,"column":70}}]},"14":{"line":47,"type":"binary-expr","locations":[{"start":{"line":47,"column":20},"end":{"line":47,"column":24}},{"start":{"line":47,"column":28},"end":{"line":47,"column":36}}]},"15":{"line":58,"type":"if","locations":[{"start":{"line":58,"column":12},"end":{"line":58,"column":12}},{"start":{"line":58,"column":12},"end":{"line":58,"column":12}}]},"16":{"line":58,"type":"binary-expr","locations":[{"start":{"line":58,"column":16},"end":{"line":58,"column":35}},{"start":{"line":58,"column":39},"end":{"line":58,"column":71}}]},"17":{"line":64,"type":"if","locations":[{"start":{"line":64,"column":12},"end":{"line":64,"column":12}},{"start":{"line":64,"column":12},"end":{"line":64,"column":12}}]},"18":{"line":70,"type":"if","locations":[{"start":{"line":70,"column":12},"end":{"line":70,"column":12}},{"start":{"line":70,"column":12},"end":{"line":70,"column":12}}]},"19":{"line":76,"type":"if","locations":[{"start":{"line":76,"column":12},"end":{"line":76,"column":12}},{"start":{"line":76,"column":12},"end":{"line":76,"column":12}}]},"20":{"line":84,"type":"if","locations":[{"start":{"line":84,"column":12},"end":{"line":84,"column":12}},{"start":{"line":84,"column":12},"end":{"line":84,"column":12}}]},"21":{"line":95,"type":"if","locations":[{"start":{"line":95,"column":12},"end":{"line":95,"column":12}},{"start":{"line":95,"column":12},"end":{"line":95,"column":12}}]},"22":{"line":111,"type":"if","locations":[{"start":{"line":111,"column":12},"end":{"line":111,"column":12}},{"start":{"line":111,"column":12},"end":{"line":111,"column":12}}]},"23":{"line":113,"type":"if","locations":[{"start":{"line":113,"column":19},"end":{"line":113,"column":19}},{"start":{"line":113,"column":19},"end":{"line":113,"column":19}}]},"24":{"line":115,"type":"if","locations":[{"start":{"line":115,"column":19},"end":{"line":115,"column":19}},{"start":{"line":115,"column":19},"end":{"line":115,"column":19}}]},"25":{"line":144,"type":"cond-expr","locations":[{"start":{"line":144,"column":78},"end":{"line":144,"column":90}},{"start":{"line":144,"column":93},"end":{"line":144,"column":107}}]},"26":{"line":144,"type":"binary-expr","locations":[{"start":{"line":144,"column":25},"end":{"line":144,"column":45}},{"start":{"line":144,"column":49},"end":{"line":144,"column":75}}]},"27":{"line":149,"type":"if","locations":[{"start":{"line":149,"column":12},"end":{"line":149,"column":12}},{"start":{"line":149,"column":12},"end":{"line":149,"column":12}}]},"28":{"line":151,"type":"if","locations":[{"start":{"line":151,"column":19},"end":{"line":151,"column":19}},{"start":{"line":151,"column":19},"end":{"line":151,"column":19}}]},"29":{"line":157,"type":"if","locations":[{"start":{"line":157,"column":12},"end":{"line":157,"column":12}},{"start":{"line":157,"column":12},"end":{"line":157,"column":12}}]},"30":{"line":161,"type":"if","locations":[{"start":{"line":161,"column":12},"end":{"line":161,"column":12}},{"start":{"line":161,"column":12},"end":{"line":161,"column":12}}]},"31":{"line":167,"type":"if","locations":[{"start":{"line":167,"column":12},"end":{"line":167,"column":12}},{"start":{"line":167,"column":12},"end":{"line":167,"column":12}}]},"32":{"line":185,"type":"binary-expr","locations":[{"start":{"line":185,"column":19},"end":{"line":185,"column":89}},{"start":{"line":185,"column":93},"end":{"line":185,"column":104}},{"start":{"line":185,"column":108},"end":{"line":185,"column":127}}]},"33":{"line":185,"type":"cond-expr","locations":[{"start":{"line":185,"column":49},"end":{"line":185,"column":60}},{"start":{"line":185,"column":63},"end":{"line":185,"column":75}}]},"34":{"line":190,"type":"if","locations":[{"start":{"line":190,"column":12},"end":{"line":190,"column":12}},{"start":{"line":190,"column":12},"end":{"line":190,"column":12}}]},"35":{"line":195,"type":"binary-expr","locations":[{"start":{"line":195,"column":23},"end":{"line":195,"column":46}},{"start":{"line":195,"column":50},"end":{"line":195,"column":82}}]},"36":{"line":203,"type":"if","locations":[{"start":{"line":203,"column":12},"end":{"line":203,"column":12}},{"start":{"line":203,"column":12},"end":{"line":203,"column":12}}]},"37":{"line":207,"type":"if","locations":[{"start":{"line":207,"column":12},"end":{"line":207,"column":12}},{"start":{"line":207,"column":12},"end":{"line":207,"column":12}}]},"38":{"line":207,"type":"binary-expr","locations":[{"start":{"line":207,"column":16},"end":{"line":207,"column":38}},{"start":{"line":207,"column":42},"end":{"line":207,"column":65}}]},"39":{"line":211,"type":"if","locations":[{"start":{"line":211,"column":12},"end":{"line":211,"column":12}},{"start":{"line":211,"column":12},"end":{"line":211,"column":12}}]},"40":{"line":220,"type":"binary-expr","locations":[{"start":{"line":220,"column":19},"end":{"line":220,"column":43}},{"start":{"line":220,"column":47},"end":{"line":220,"column":62}},{"start":{"line":220,"column":66},"end":{"line":220,"column":101}}]},"41":{"line":231,"type":"if","locations":[{"start":{"line":231,"column":12},"end":{"line":231,"column":12}},{"start":{"line":231,"column":12},"end":{"line":231,"column":12}}]},"42":{"line":251,"type":"binary-expr","locations":[{"start":{"line":251,"column":23},"end":{"line":251,"column":56}},{"start":{"line":251,"column":60},"end":{"line":251,"column":102}}]},"43":{"line":254,"type":"if","locations":[{"start":{"line":254,"column":12},"end":{"line":254,"column":12}},{"start":{"line":254,"column":12},"end":{"line":254,"column":12}}]},"44":{"line":275,"type":"binary-expr","locations":[{"start":{"line":275,"column":53},"end":{"line":275,"column":58}},{"start":{"line":275,"column":62},"end":{"line":275,"column":89}}]},"45":{"line":300,"type":"if","locations":[{"start":{"line":300,"column":12},"end":{"line":300,"column":12}},{"start":{"line":300,"column":12},"end":{"line":300,"column":12}}]},"46":{"line":309,"type":"if","locations":[{"start":{"line":309,"column":12},"end":{"line":309,"column":12}},{"start":{"line":309,"column":12},"end":{"line":309,"column":12}}]},"47":{"line":311,"type":"if","locations":[{"start":{"line":311,"column":16},"end":{"line":311,"column":16}},{"start":{"line":311,"column":16},"end":{"line":311,"column":16}}]},"48":{"line":313,"type":"if","locations":[{"start":{"line":313,"column":23},"end":{"line":313,"column":23}},{"start":{"line":313,"column":23},"end":{"line":313,"column":23}}]},"49":{"line":313,"type":"binary-expr","locations":[{"start":{"line":313,"column":27},"end":{"line":313,"column":65}},{"start":{"line":313,"column":69},"end":{"line":313,"column":116}}]},"50":{"line":334,"type":"if","locations":[{"start":{"line":334,"column":16},"end":{"line":334,"column":16}},{"start":{"line":334,"column":16},"end":{"line":334,"column":16}}]},"51":{"line":353,"type":"if","locations":[{"start":{"line":353,"column":12},"end":{"line":353,"column":12}},{"start":{"line":353,"column":12},"end":{"line":353,"column":12}}]},"52":{"line":363,"type":"if","locations":[{"start":{"line":363,"column":12},"end":{"line":363,"column":12}},{"start":{"line":363,"column":12},"end":{"line":363,"column":12}}]},"53":{"line":375,"type":"if","locations":[{"start":{"line":375,"column":12},"end":{"line":375,"column":12}},{"start":{"line":375,"column":12},"end":{"line":375,"column":12}}]},"54":{"line":385,"type":"if","locations":[{"start":{"line":385,"column":12},"end":{"line":385,"column":12}},{"start":{"line":385,"column":12},"end":{"line":385,"column":12}}]},"55":{"line":397,"type":"if","locations":[{"start":{"line":397,"column":12},"end":{"line":397,"column":12}},{"start":{"line":397,"column":12},"end":{"line":397,"column":12}}]},"56":{"line":406,"type":"if","locations":[{"start":{"line":406,"column":12},"end":{"line":406,"column":12}},{"start":{"line":406,"column":12},"end":{"line":406,"column":12}}]},"57":{"line":418,"type":"if","locations":[{"start":{"line":418,"column":12},"end":{"line":418,"column":12}},{"start":{"line":418,"column":12},"end":{"line":418,"column":12}}]}}},"/Users/jaredjbarnes/Documents/Queryablejs/lib/QueryConverter.js":{"path":"/Users/jaredjbarnes/Documents/Queryablejs/lib/QueryConverter.js","s":{"1":1,"2":1,"3":1,"4":1,"5":4,"6":4,"7":4,"8":4,"9":4,"10":4,"11":1,"12":1,"13":1,"14":1,"15":0,"16":1,"17":1,"18":1,"19":1,"20":1,"21":1,"22":2,"23":1,"24":1,"25":0,"26":1,"27":1,"28":1,"29":1,"30":28,"31":28,"32":1,"33":27,"34":9,"35":1,"36":1,"37":8,"38":18,"39":9,"40":9,"41":0,"42":9,"43":15,"44":15,"45":9,"46":9,"47":9,"48":2,"49":2,"50":2,"51":2,"52":12,"53":12,"54":2,"55":1,"56":1},"b":{"1":[4,4],"2":[4,0],"3":[1,0],"4":[0,1],"5":[2,0],"6":[2,2],"7":[0,1],"8":[1,27],"9":[9,18],"10":[1,8],"11":[9,9],"12":[0,9],"13":[9,0]},"f":{"1":1,"2":1,"3":1,"4":2,"5":1,"6":1,"7":1,"8":28,"9":15,"10":2,"11":2,"12":12,"13":2},"fnMap":{"1":{"name":"(anonymous_1)","line":7,"loc":{"start":{"line":7,"column":19},"end":{"line":7,"column":31}}},"2":{"name":"defineProperties","line":7,"loc":{"start":{"line":7,"column":33},"end":{"line":7,"column":74}}},"3":{"name":"(anonymous_3)","line":7,"loc":{"start":{"line":7,"column":357},"end":{"line":7,"column":405}}},"4":{"name":"_interopRequireDefault","line":17,"loc":{"start":{"line":17,"column":0},"end":{"line":17,"column":37}}},"5":{"name":"_classCallCheck","line":19,"loc":{"start":{"line":19,"column":0},"end":{"line":19,"column":48}}},"6":{"name":"(anonymous_6)","line":21,"loc":{"start":{"line":21,"column":19},"end":{"line":21,"column":31}}},"7":{"name":"QueryBuilder","line":22,"loc":{"start":{"line":22,"column":4},"end":{"line":22,"column":28}}},"8":{"name":"_convertNode","line":28,"loc":{"start":{"line":28,"column":15},"end":{"line":28,"column":43}}},"9":{"name":"(anonymous_9)","line":50,"loc":{"start":{"line":50,"column":38},"end":{"line":50,"column":59}}},"10":{"name":"convertJson","line":62,"loc":{"start":{"line":62,"column":15},"end":{"line":62,"column":42}}},"11":{"name":"convertObject","line":68,"loc":{"start":{"line":68,"column":15},"end":{"line":68,"column":46}}},"12":{"name":"(anonymous_12)","line":71,"loc":{"start":{"line":71,"column":46},"end":{"line":71,"column":68}}},"13":{"name":"convert","line":78,"loc":{"start":{"line":78,"column":15},"end":{"line":78,"column":38}}}},"statementMap":{"1":{"start":{"line":3,"column":0},"end":{"line":5,"column":3}},"2":{"start":{"line":7,"column":0},"end":{"line":7,"column":564}},"3":{"start":{"line":7,"column":33},"end":{"line":7,"column":349}},"4":{"start":{"line":7,"column":76},"end":{"line":7,"column":347}},"5":{"start":{"line":7,"column":117},"end":{"line":7,"column":143}},"6":{"start":{"line":7,"column":144},"end":{"line":7,"column":199}},"7":{"start":{"line":7,"column":200},"end":{"line":7,"column":231}},"8":{"start":{"line":7,"column":232},"end":{"line":7,"column":286}},"9":{"start":{"line":7,"column":259},"end":{"line":7,"column":286}},"10":{"start":{"line":7,"column":287},"end":{"line":7,"column":345}},"11":{"start":{"line":7,"column":350},"end":{"line":7,"column":559}},"12":{"start":{"line":7,"column":407},"end":{"line":7,"column":475}},"13":{"start":{"line":7,"column":423},"end":{"line":7,"column":475}},"14":{"start":{"line":7,"column":476},"end":{"line":7,"column":536}},"15":{"start":{"line":7,"column":493},"end":{"line":7,"column":536}},"16":{"start":{"line":7,"column":537},"end":{"line":7,"column":556}},"17":{"start":{"line":9,"column":0},"end":{"line":9,"column":60}},"18":{"start":{"line":11,"column":0},"end":{"line":11,"column":73}},"19":{"start":{"line":13,"column":0},"end":{"line":13,"column":52}},"20":{"start":{"line":15,"column":0},"end":{"line":15,"column":65}},"21":{"start":{"line":17,"column":0},"end":{"line":17,"column":95}},"22":{"start":{"line":17,"column":39},"end":{"line":17,"column":93}},"23":{"start":{"line":19,"column":0},"end":{"line":19,"column":153}},"24":{"start":{"line":19,"column":50},"end":{"line":19,"column":151}},"25":{"start":{"line":19,"column":92},"end":{"line":19,"column":149}},"26":{"start":{"line":21,"column":0},"end":{"line":84,"column":4}},"27":{"start":{"line":22,"column":4},"end":{"line":24,"column":5}},"28":{"start":{"line":23,"column":8},"end":{"line":23,"column":44}},"29":{"start":{"line":26,"column":4},"end":{"line":81,"column":8}},"30":{"start":{"line":29,"column":12},"end":{"line":29,"column":29}},"31":{"start":{"line":31,"column":12},"end":{"line":33,"column":13}},"32":{"start":{"line":32,"column":16},"end":{"line":32,"column":28}},"33":{"start":{"line":35,"column":12},"end":{"line":58,"column":13}},"34":{"start":{"line":37,"column":16},"end":{"line":42,"column":17}},"35":{"start":{"line":38,"column":20},"end":{"line":38,"column":75}},"36":{"start":{"line":39,"column":20},"end":{"line":39,"column":84}},"37":{"start":{"line":41,"column":20},"end":{"line":41,"column":84}},"38":{"start":{"line":43,"column":19},"end":{"line":58,"column":13}},"39":{"start":{"line":44,"column":16},"end":{"line":44,"column":91}},"40":{"start":{"line":46,"column":16},"end":{"line":48,"column":17}},"41":{"start":{"line":47,"column":20},"end":{"line":47,"column":116}},"42":{"start":{"line":50,"column":16},"end":{"line":53,"column":19}},"43":{"start":{"line":51,"column":20},"end":{"line":51,"column":67}},"44":{"start":{"line":52,"column":20},"end":{"line":52,"column":66}},"45":{"start":{"line":55,"column":16},"end":{"line":55,"column":43}},"46":{"start":{"line":56,"column":19},"end":{"line":58,"column":13}},"47":{"start":{"line":57,"column":16},"end":{"line":57,"column":28}},"48":{"start":{"line":63,"column":12},"end":{"line":63,"column":42}},"49":{"start":{"line":64,"column":12},"end":{"line":64,"column":46}},"50":{"start":{"line":69,"column":12},"end":{"line":69,"column":30}},"51":{"start":{"line":71,"column":12},"end":{"line":74,"column":19}},"52":{"start":{"line":72,"column":16},"end":{"line":72,"column":62}},"53":{"start":{"line":73,"column":16},"end":{"line":73,"column":29}},"54":{"start":{"line":79,"column":12},"end":{"line":79,"column":42}},"55":{"start":{"line":83,"column":4},"end":{"line":83,"column":24}},"56":{"start":{"line":86,"column":0},"end":{"line":86,"column":31}}},"branchMap":{"1":{"line":7,"type":"binary-expr","locations":[{"start":{"line":7,"column":168},"end":{"line":7,"column":189}},{"start":{"line":7,"column":193},"end":{"line":7,"column":198}}]},"2":{"line":7,"type":"if","locations":[{"start":{"line":7,"column":232},"end":{"line":7,"column":232}},{"start":{"line":7,"column":232},"end":{"line":7,"column":232}}]},"3":{"line":7,"type":"if","locations":[{"start":{"line":7,"column":407},"end":{"line":7,"column":407}},{"start":{"line":7,"column":407},"end":{"line":7,"column":407}}]},"4":{"line":7,"type":"if","locations":[{"start":{"line":7,"column":476},"end":{"line":7,"column":476}},{"start":{"line":7,"column":476},"end":{"line":7,"column":476}}]},"5":{"line":17,"type":"cond-expr","locations":[{"start":{"line":17,"column":70},"end":{"line":17,"column":73}},{"start":{"line":17,"column":76},"end":{"line":17,"column":92}}]},"6":{"line":17,"type":"binary-expr","locations":[{"start":{"line":17,"column":46},"end":{"line":17,"column":49}},{"start":{"line":17,"column":53},"end":{"line":17,"column":67}}]},"7":{"line":19,"type":"if","locations":[{"start":{"line":19,"column":50},"end":{"line":19,"column":50}},{"start":{"line":19,"column":50},"end":{"line":19,"column":50}}]},"8":{"line":31,"type":"if","locations":[{"start":{"line":31,"column":12},"end":{"line":31,"column":12}},{"start":{"line":31,"column":12},"end":{"line":31,"column":12}}]},"9":{"line":35,"type":"if","locations":[{"start":{"line":35,"column":12},"end":{"line":35,"column":12}},{"start":{"line":35,"column":12},"end":{"line":35,"column":12}}]},"10":{"line":37,"type":"if","locations":[{"start":{"line":37,"column":16},"end":{"line":37,"column":16}},{"start":{"line":37,"column":16},"end":{"line":37,"column":16}}]},"11":{"line":43,"type":"if","locations":[{"start":{"line":43,"column":19},"end":{"line":43,"column":19}},{"start":{"line":43,"column":19},"end":{"line":43,"column":19}}]},"12":{"line":46,"type":"if","locations":[{"start":{"line":46,"column":16},"end":{"line":46,"column":16}},{"start":{"line":46,"column":16},"end":{"line":46,"column":16}}]},"13":{"line":56,"type":"if","locations":[{"start":{"line":56,"column":19},"end":{"line":56,"column":19}},{"start":{"line":56,"column":19},"end":{"line":56,"column":19}}]}}}}