{"/Users/jaredbarnes/LSS/Queryable/lib/OperationExpression.js":{"path":"/Users/jaredbarnes/LSS/Queryable/lib/OperationExpression.js","s":{"1":1,"2":1,"3":1,"4":1,"5":4,"6":4,"7":4,"8":4,"9":4,"10":4,"11":1,"12":1,"13":1,"14":1,"15":0,"16":1,"17":1,"18":1,"19":1,"20":1,"21":1,"22":365,"23":0,"24":1,"25":365,"26":0,"27":365,"28":1,"29":1,"30":0,"31":1,"32":1,"33":1,"34":1,"35":1,"36":1,"37":365,"38":365,"39":365,"40":365,"41":365,"42":1,"43":125,"44":125,"45":125,"46":66,"47":125,"48":0,"49":0,"50":0,"51":0,"52":0,"53":0,"54":27,"55":27,"56":6,"57":11,"58":6,"59":4,"60":23,"61":13,"62":0,"63":0,"64":0,"65":0,"66":0,"67":0,"68":0,"69":0,"70":0,"71":0,"72":0,"73":1,"74":1},"b":{"1":[4,4],"2":[4,0],"3":[1,0],"4":[0,1],"5":[1,0],"6":[1,1],"7":[0,365],"8":[0,365],"9":[0,365],"10":[365,0,0],"11":[0,1],"12":[1,0],"13":[1,1],"14":[1,0],"15":[1,0],"16":[365,0],"17":[0,0],"18":[0,0],"19":[0,0],"20":[6,21],"21":[27,6],"22":[4,2],"23":[0,0],"24":[0,0],"25":[0,0],"26":[0,0],"27":[0,0]},"f":{"1":1,"2":1,"3":1,"4":1,"5":365,"6":365,"7":1,"8":1,"9":365,"10":125,"11":66,"12":0,"13":0,"14":27,"15":11,"16":13,"17":0,"18":0,"19":0},"fnMap":{"1":{"name":"(anonymous_1)","line":7,"loc":{"start":{"line":7,"column":19},"end":{"line":7,"column":31}}},"2":{"name":"defineProperties","line":7,"loc":{"start":{"line":7,"column":33},"end":{"line":7,"column":74}}},"3":{"name":"(anonymous_3)","line":7,"loc":{"start":{"line":7,"column":357},"end":{"line":7,"column":405}}},"4":{"name":"_interopRequireDefault","line":13,"loc":{"start":{"line":13,"column":0},"end":{"line":13,"column":37}}},"5":{"name":"_classCallCheck","line":15,"loc":{"start":{"line":15,"column":0},"end":{"line":15,"column":48}}},"6":{"name":"_possibleConstructorReturn","line":17,"loc":{"start":{"line":17,"column":0},"end":{"line":17,"column":48}}},"7":{"name":"_inherits","line":19,"loc":{"start":{"line":19,"column":0},"end":{"line":19,"column":41}}},"8":{"name":"(anonymous_8)","line":21,"loc":{"start":{"line":21,"column":26},"end":{"line":21,"column":49}}},"9":{"name":"OperationExpression","line":24,"loc":{"start":{"line":24,"column":4},"end":{"line":24,"column":43}}},"10":{"name":"copy","line":36,"loc":{"start":{"line":36,"column":15},"end":{"line":36,"column":31}}},"11":{"name":"(anonymous_11)","line":40,"loc":{"start":{"line":40,"column":34},"end":{"line":40,"column":56}}},"12":{"name":"isEqualTo","line":48,"loc":{"start":{"line":48,"column":15},"end":{"line":48,"column":36}}},"13":{"name":"(anonymous_13)","line":57,"loc":{"start":{"line":57,"column":39},"end":{"line":57,"column":68}}},"14":{"name":"contains","line":63,"loc":{"start":{"line":63,"column":15},"end":{"line":63,"column":39}}},"15":{"name":"(anonymous_15)","line":67,"loc":{"start":{"line":67,"column":50},"end":{"line":67,"column":78}}},"16":{"name":"(anonymous_16)","line":76,"loc":{"start":{"line":76,"column":38},"end":{"line":76,"column":59}}},"17":{"name":"getMatchingNodes","line":82,"loc":{"start":{"line":82,"column":15},"end":{"line":82,"column":61}}},"18":{"name":"(anonymous_18)","line":88,"loc":{"start":{"line":88,"column":50},"end":{"line":88,"column":78}}},"19":{"name":"(anonymous_19)","line":97,"loc":{"start":{"line":97,"column":34},"end":{"line":97,"column":55}}}},"statementMap":{"1":{"start":{"line":3,"column":0},"end":{"line":5,"column":3}},"2":{"start":{"line":7,"column":0},"end":{"line":7,"column":564}},"3":{"start":{"line":7,"column":33},"end":{"line":7,"column":349}},"4":{"start":{"line":7,"column":76},"end":{"line":7,"column":347}},"5":{"start":{"line":7,"column":117},"end":{"line":7,"column":143}},"6":{"start":{"line":7,"column":144},"end":{"line":7,"column":199}},"7":{"start":{"line":7,"column":200},"end":{"line":7,"column":231}},"8":{"start":{"line":7,"column":232},"end":{"line":7,"column":286}},"9":{"start":{"line":7,"column":259},"end":{"line":7,"column":286}},"10":{"start":{"line":7,"column":287},"end":{"line":7,"column":345}},"11":{"start":{"line":7,"column":350},"end":{"line":7,"column":559}},"12":{"start":{"line":7,"column":407},"end":{"line":7,"column":475}},"13":{"start":{"line":7,"column":423},"end":{"line":7,"column":475}},"14":{"start":{"line":7,"column":476},"end":{"line":7,"column":536}},"15":{"start":{"line":7,"column":493},"end":{"line":7,"column":536}},"16":{"start":{"line":7,"column":537},"end":{"line":7,"column":556}},"17":{"start":{"line":9,"column":0},"end":{"line":9,"column":43}},"18":{"start":{"line":11,"column":0},"end":{"line":11,"column":56}},"19":{"start":{"line":13,"column":0},"end":{"line":13,"column":95}},"20":{"start":{"line":13,"column":39},"end":{"line":13,"column":93}},"21":{"start":{"line":15,"column":0},"end":{"line":15,"column":153}},"22":{"start":{"line":15,"column":50},"end":{"line":15,"column":151}},"23":{"start":{"line":15,"column":92},"end":{"line":15,"column":149}},"24":{"start":{"line":17,"column":0},"end":{"line":17,"column":240}},"25":{"start":{"line":17,"column":50},"end":{"line":17,"column":151}},"26":{"start":{"line":17,"column":63},"end":{"line":17,"column":149}},"27":{"start":{"line":17,"column":152},"end":{"line":17,"column":238}},"28":{"start":{"line":19,"column":0},"end":{"line":19,"column":494}},"29":{"start":{"line":19,"column":43},"end":{"line":19,"column":208}},"30":{"start":{"line":19,"column":106},"end":{"line":19,"column":206}},"31":{"start":{"line":19,"column":209},"end":{"line":19,"column":373}},"32":{"start":{"line":19,"column":374},"end":{"line":19,"column":492}},"33":{"start":{"line":19,"column":390},"end":{"line":19,"column":492}},"34":{"start":{"line":21,"column":0},"end":{"line":108,"column":24}},"35":{"start":{"line":22,"column":4},"end":{"line":22,"column":48}},"36":{"start":{"line":24,"column":4},"end":{"line":32,"column":5}},"37":{"start":{"line":25,"column":8},"end":{"line":25,"column":51}},"38":{"start":{"line":27,"column":8},"end":{"line":27,"column":143}},"39":{"start":{"line":29,"column":8},"end":{"line":29,"column":34}},"40":{"start":{"line":30,"column":8},"end":{"line":30,"column":28}},"41":{"start":{"line":31,"column":8},"end":{"line":31,"column":21}},"42":{"start":{"line":34,"column":4},"end":{"line":105,"column":8}},"43":{"start":{"line":37,"column":12},"end":{"line":37,"column":30}},"44":{"start":{"line":38,"column":12},"end":{"line":38,"column":62}},"45":{"start":{"line":40,"column":12},"end":{"line":42,"column":15}},"46":{"start":{"line":41,"column":16},"end":{"line":41,"column":54}},"47":{"start":{"line":44,"column":12},"end":{"line":44,"column":24}},"48":{"start":{"line":49,"column":12},"end":{"line":51,"column":13}},"49":{"start":{"line":50,"column":16},"end":{"line":50,"column":29}},"50":{"start":{"line":53,"column":12},"end":{"line":55,"column":13}},"51":{"start":{"line":54,"column":16},"end":{"line":54,"column":29}},"52":{"start":{"line":57,"column":12},"end":{"line":59,"column":15}},"53":{"start":{"line":58,"column":16},"end":{"line":58,"column":66}},"54":{"start":{"line":64,"column":12},"end":{"line":64,"column":30}},"55":{"start":{"line":66,"column":12},"end":{"line":74,"column":13}},"56":{"start":{"line":67,"column":16},"end":{"line":69,"column":19}},"57":{"start":{"line":68,"column":20},"end":{"line":68,"column":70}},"58":{"start":{"line":71,"column":16},"end":{"line":73,"column":17}},"59":{"start":{"line":72,"column":20},"end":{"line":72,"column":32}},"60":{"start":{"line":76,"column":12},"end":{"line":78,"column":15}},"61":{"start":{"line":77,"column":16},"end":{"line":77,"column":48}},"62":{"start":{"line":83,"column":12},"end":{"line":83,"column":30}},"63":{"start":{"line":85,"column":12},"end":{"line":85,"column":75}},"64":{"start":{"line":87,"column":12},"end":{"line":95,"column":13}},"65":{"start":{"line":88,"column":16},"end":{"line":90,"column":19}},"66":{"start":{"line":89,"column":20},"end":{"line":89,"column":84}},"67":{"start":{"line":92,"column":16},"end":{"line":94,"column":17}},"68":{"start":{"line":93,"column":20},"end":{"line":93,"column":44}},"69":{"start":{"line":97,"column":12},"end":{"line":101,"column":29}},"70":{"start":{"line":98,"column":16},"end":{"line":100,"column":17}},"71":{"start":{"line":99,"column":20},"end":{"line":99,"column":67}},"72":{"start":{"line":103,"column":12},"end":{"line":103,"column":32}},"73":{"start":{"line":107,"column":4},"end":{"line":107,"column":31}},"74":{"start":{"line":110,"column":0},"end":{"line":110,"column":38}}},"branchMap":{"1":{"line":7,"type":"binary-expr","locations":[{"start":{"line":7,"column":168},"end":{"line":7,"column":189}},{"start":{"line":7,"column":193},"end":{"line":7,"column":198}}]},"2":{"line":7,"type":"if","locations":[{"start":{"line":7,"column":232},"end":{"line":7,"column":232}},{"start":{"line":7,"column":232},"end":{"line":7,"column":232}}]},"3":{"line":7,"type":"if","locations":[{"start":{"line":7,"column":407},"end":{"line":7,"column":407}},{"start":{"line":7,"column":407},"end":{"line":7,"column":407}}]},"4":{"line":7,"type":"if","locations":[{"start":{"line":7,"column":476},"end":{"line":7,"column":476}},{"start":{"line":7,"column":476},"end":{"line":7,"column":476}}]},"5":{"line":13,"type":"cond-expr","locations":[{"start":{"line":13,"column":70},"end":{"line":13,"column":73}},{"start":{"line":13,"column":76},"end":{"line":13,"column":92}}]},"6":{"line":13,"type":"binary-expr","locations":[{"start":{"line":13,"column":46},"end":{"line":13,"column":49}},{"start":{"line":13,"column":53},"end":{"line":13,"column":67}}]},"7":{"line":15,"type":"if","locations":[{"start":{"line":15,"column":50},"end":{"line":15,"column":50}},{"start":{"line":15,"column":50},"end":{"line":15,"column":50}}]},"8":{"line":17,"type":"if","locations":[{"start":{"line":17,"column":50},"end":{"line":17,"column":50}},{"start":{"line":17,"column":50},"end":{"line":17,"column":50}}]},"9":{"line":17,"type":"cond-expr","locations":[{"start":{"line":17,"column":226},"end":{"line":17,"column":230}},{"start":{"line":17,"column":233},"end":{"line":17,"column":237}}]},"10":{"line":17,"type":"binary-expr","locations":[{"start":{"line":17,"column":159},"end":{"line":17,"column":163}},{"start":{"line":17,"column":168},"end":{"line":17,"column":192}},{"start":{"line":17,"column":196},"end":{"line":17,"column":222}}]},"11":{"line":19,"type":"if","locations":[{"start":{"line":19,"column":43},"end":{"line":19,"column":43}},{"start":{"line":19,"column":43},"end":{"line":19,"column":43}}]},"12":{"line":19,"type":"binary-expr","locations":[{"start":{"line":19,"column":47},"end":{"line":19,"column":79}},{"start":{"line":19,"column":83},"end":{"line":19,"column":102}}]},"13":{"line":19,"type":"binary-expr","locations":[{"start":{"line":19,"column":244},"end":{"line":19,"column":254}},{"start":{"line":19,"column":258},"end":{"line":19,"column":278}}]},"14":{"line":19,"type":"if","locations":[{"start":{"line":19,"column":374},"end":{"line":19,"column":374}},{"start":{"line":19,"column":374},"end":{"line":19,"column":374}}]},"15":{"line":19,"type":"cond-expr","locations":[{"start":{"line":19,"column":414},"end":{"line":19,"column":457}},{"start":{"line":19,"column":460},"end":{"line":19,"column":491}}]},"16":{"line":27,"type":"binary-expr","locations":[{"start":{"line":27,"column":54},"end":{"line":27,"column":83}},{"start":{"line":27,"column":87},"end":{"line":27,"column":129}}]},"17":{"line":49,"type":"if","locations":[{"start":{"line":49,"column":12},"end":{"line":49,"column":12}},{"start":{"line":49,"column":12},"end":{"line":49,"column":12}}]},"18":{"line":49,"type":"binary-expr","locations":[{"start":{"line":49,"column":16},"end":{"line":49,"column":45}},{"start":{"line":49,"column":49},"end":{"line":49,"column":80}}]},"19":{"line":53,"type":"if","locations":[{"start":{"line":53,"column":12},"end":{"line":53,"column":12}},{"start":{"line":53,"column":12},"end":{"line":53,"column":12}}]},"20":{"line":66,"type":"if","locations":[{"start":{"line":66,"column":12},"end":{"line":66,"column":12}},{"start":{"line":66,"column":12},"end":{"line":66,"column":12}}]},"21":{"line":66,"type":"binary-expr","locations":[{"start":{"line":66,"column":16},"end":{"line":66,"column":47}},{"start":{"line":66,"column":51},"end":{"line":66,"column":79}}]},"22":{"line":71,"type":"if","locations":[{"start":{"line":71,"column":16},"end":{"line":71,"column":16}},{"start":{"line":71,"column":16},"end":{"line":71,"column":16}}]},"23":{"line":85,"type":"cond-expr","locations":[{"start":{"line":85,"column":57},"end":{"line":85,"column":69}},{"start":{"line":85,"column":72},"end":{"line":85,"column":74}}]},"24":{"line":87,"type":"if","locations":[{"start":{"line":87,"column":12},"end":{"line":87,"column":12}},{"start":{"line":87,"column":12},"end":{"line":87,"column":12}}]},"25":{"line":87,"type":"binary-expr","locations":[{"start":{"line":87,"column":16},"end":{"line":87,"column":47}},{"start":{"line":87,"column":51},"end":{"line":87,"column":79}}]},"26":{"line":92,"type":"if","locations":[{"start":{"line":92,"column":16},"end":{"line":92,"column":16}},{"start":{"line":92,"column":16},"end":{"line":92,"column":16}}]},"27":{"line":98,"type":"if","locations":[{"start":{"line":98,"column":16},"end":{"line":98,"column":16}},{"start":{"line":98,"column":16},"end":{"line":98,"column":16}}]}}},"/Users/jaredbarnes/LSS/Queryable/lib/Expression.js":{"path":"/Users/jaredbarnes/LSS/Queryable/lib/Expression.js","s":{"1":1,"2":1,"3":1,"4":1,"5":2,"6":2,"7":2,"8":2,"9":2,"10":2,"11":1,"12":1,"13":1,"14":1,"15":0,"16":1,"17":1,"18":815,"19":0,"20":1,"21":1,"22":815,"23":815,"24":1,"25":0,"26":0,"27":1,"28":1},"b":{"1":[2,2],"2":[2,0],"3":[1,0],"4":[0,1],"5":[0,815]},"f":{"1":1,"2":1,"3":1,"4":815,"5":1,"6":815,"7":0,"8":0},"fnMap":{"1":{"name":"(anonymous_1)","line":7,"loc":{"start":{"line":7,"column":19},"end":{"line":7,"column":31}}},"2":{"name":"defineProperties","line":7,"loc":{"start":{"line":7,"column":33},"end":{"line":7,"column":74}}},"3":{"name":"(anonymous_3)","line":7,"loc":{"start":{"line":7,"column":357},"end":{"line":7,"column":405}}},"4":{"name":"_classCallCheck","line":9,"loc":{"start":{"line":9,"column":0},"end":{"line":9,"column":48}}},"5":{"name":"(anonymous_5)","line":11,"loc":{"start":{"line":11,"column":17},"end":{"line":11,"column":29}}},"6":{"name":"Expression","line":12,"loc":{"start":{"line":12,"column":4},"end":{"line":12,"column":26}}},"7":{"name":"copy","line":20,"loc":{"start":{"line":20,"column":15},"end":{"line":20,"column":31}}},"8":{"name":"isEqualTo","line":25,"loc":{"start":{"line":25,"column":15},"end":{"line":25,"column":36}}}},"statementMap":{"1":{"start":{"line":3,"column":0},"end":{"line":5,"column":3}},"2":{"start":{"line":7,"column":0},"end":{"line":7,"column":564}},"3":{"start":{"line":7,"column":33},"end":{"line":7,"column":349}},"4":{"start":{"line":7,"column":76},"end":{"line":7,"column":347}},"5":{"start":{"line":7,"column":117},"end":{"line":7,"column":143}},"6":{"start":{"line":7,"column":144},"end":{"line":7,"column":199}},"7":{"start":{"line":7,"column":200},"end":{"line":7,"column":231}},"8":{"start":{"line":7,"column":232},"end":{"line":7,"column":286}},"9":{"start":{"line":7,"column":259},"end":{"line":7,"column":286}},"10":{"start":{"line":7,"column":287},"end":{"line":7,"column":345}},"11":{"start":{"line":7,"column":350},"end":{"line":7,"column":559}},"12":{"start":{"line":7,"column":407},"end":{"line":7,"column":475}},"13":{"start":{"line":7,"column":423},"end":{"line":7,"column":475}},"14":{"start":{"line":7,"column":476},"end":{"line":7,"column":536}},"15":{"start":{"line":7,"column":493},"end":{"line":7,"column":536}},"16":{"start":{"line":7,"column":537},"end":{"line":7,"column":556}},"17":{"start":{"line":9,"column":0},"end":{"line":9,"column":153}},"18":{"start":{"line":9,"column":50},"end":{"line":9,"column":151}},"19":{"start":{"line":9,"column":92},"end":{"line":9,"column":149}},"20":{"start":{"line":11,"column":0},"end":{"line":31,"column":4}},"21":{"start":{"line":12,"column":4},"end":{"line":16,"column":5}},"22":{"start":{"line":13,"column":8},"end":{"line":13,"column":42}},"23":{"start":{"line":15,"column":8},"end":{"line":15,"column":37}},"24":{"start":{"line":18,"column":4},"end":{"line":28,"column":8}},"25":{"start":{"line":21,"column":12},"end":{"line":21,"column":53}},"26":{"start":{"line":26,"column":12},"end":{"line":26,"column":53}},"27":{"start":{"line":30,"column":4},"end":{"line":30,"column":22}},"28":{"start":{"line":33,"column":0},"end":{"line":33,"column":29}}},"branchMap":{"1":{"line":7,"type":"binary-expr","locations":[{"start":{"line":7,"column":168},"end":{"line":7,"column":189}},{"start":{"line":7,"column":193},"end":{"line":7,"column":198}}]},"2":{"line":7,"type":"if","locations":[{"start":{"line":7,"column":232},"end":{"line":7,"column":232}},{"start":{"line":7,"column":232},"end":{"line":7,"column":232}}]},"3":{"line":7,"type":"if","locations":[{"start":{"line":7,"column":407},"end":{"line":7,"column":407}},{"start":{"line":7,"column":407},"end":{"line":7,"column":407}}]},"4":{"line":7,"type":"if","locations":[{"start":{"line":7,"column":476},"end":{"line":7,"column":476}},{"start":{"line":7,"column":476},"end":{"line":7,"column":476}}]},"5":{"line":9,"type":"if","locations":[{"start":{"line":9,"column":50},"end":{"line":9,"column":50}},{"start":{"line":9,"column":50},"end":{"line":9,"column":50}}]}}},"/Users/jaredbarnes/LSS/Queryable/lib/ExpressionBuilder.js":{"path":"/Users/jaredbarnes/LSS/Queryable/lib/ExpressionBuilder.js","s":{"1":1,"2":1,"3":1,"4":1,"5":4,"6":4,"7":4,"8":4,"9":4,"10":4,"11":1,"12":1,"13":1,"14":1,"15":0,"16":1,"17":1,"18":1,"19":1,"20":1,"21":1,"22":2,"23":1,"24":53,"25":0,"26":1,"27":1,"28":53,"29":53,"30":1,"31":45,"32":45,"33":1,"34":1,"35":1,"36":1,"37":1,"38":1,"39":1,"40":1,"41":1,"42":1},"b":{"1":[4,4],"2":[4,0],"3":[1,0],"4":[0,1],"5":[2,0],"6":[2,2],"7":[0,53],"8":[53,21]},"f":{"1":1,"2":1,"3":1,"4":2,"5":53,"6":1,"7":53,"8":45,"9":1,"10":1,"11":1},"fnMap":{"1":{"name":"(anonymous_1)","line":7,"loc":{"start":{"line":7,"column":19},"end":{"line":7,"column":31}}},"2":{"name":"defineProperties","line":7,"loc":{"start":{"line":7,"column":33},"end":{"line":7,"column":74}}},"3":{"name":"(anonymous_3)","line":7,"loc":{"start":{"line":7,"column":357},"end":{"line":7,"column":405}}},"4":{"name":"_interopRequireDefault","line":17,"loc":{"start":{"line":17,"column":0},"end":{"line":17,"column":37}}},"5":{"name":"_classCallCheck","line":19,"loc":{"start":{"line":19,"column":0},"end":{"line":19,"column":48}}},"6":{"name":"(anonymous_6)","line":21,"loc":{"start":{"line":21,"column":24},"end":{"line":21,"column":36}}},"7":{"name":"ExpressionBuilder","line":22,"loc":{"start":{"line":22,"column":4},"end":{"line":22,"column":37}}},"8":{"name":"property","line":30,"loc":{"start":{"line":30,"column":15},"end":{"line":30,"column":44}}},"9":{"name":"and","line":36,"loc":{"start":{"line":36,"column":15},"end":{"line":36,"column":30}}},"10":{"name":"or","line":44,"loc":{"start":{"line":44,"column":15},"end":{"line":44,"column":29}}},"11":{"name":"value","line":52,"loc":{"start":{"line":52,"column":15},"end":{"line":52,"column":32}}}},"statementMap":{"1":{"start":{"line":3,"column":0},"end":{"line":5,"column":3}},"2":{"start":{"line":7,"column":0},"end":{"line":7,"column":564}},"3":{"start":{"line":7,"column":33},"end":{"line":7,"column":349}},"4":{"start":{"line":7,"column":76},"end":{"line":7,"column":347}},"5":{"start":{"line":7,"column":117},"end":{"line":7,"column":143}},"6":{"start":{"line":7,"column":144},"end":{"line":7,"column":199}},"7":{"start":{"line":7,"column":200},"end":{"line":7,"column":231}},"8":{"start":{"line":7,"column":232},"end":{"line":7,"column":286}},"9":{"start":{"line":7,"column":259},"end":{"line":7,"column":286}},"10":{"start":{"line":7,"column":287},"end":{"line":7,"column":345}},"11":{"start":{"line":7,"column":350},"end":{"line":7,"column":559}},"12":{"start":{"line":7,"column":407},"end":{"line":7,"column":475}},"13":{"start":{"line":7,"column":423},"end":{"line":7,"column":475}},"14":{"start":{"line":7,"column":476},"end":{"line":7,"column":536}},"15":{"start":{"line":7,"column":493},"end":{"line":7,"column":536}},"16":{"start":{"line":7,"column":537},"end":{"line":7,"column":556}},"17":{"start":{"line":9,"column":0},"end":{"line":9,"column":74}},"18":{"start":{"line":11,"column":0},"end":{"line":11,"column":87}},"19":{"start":{"line":13,"column":0},"end":{"line":13,"column":60}},"20":{"start":{"line":15,"column":0},"end":{"line":15,"column":73}},"21":{"start":{"line":17,"column":0},"end":{"line":17,"column":95}},"22":{"start":{"line":17,"column":39},"end":{"line":17,"column":93}},"23":{"start":{"line":19,"column":0},"end":{"line":19,"column":153}},"24":{"start":{"line":19,"column":50},"end":{"line":19,"column":151}},"25":{"start":{"line":19,"column":92},"end":{"line":19,"column":149}},"26":{"start":{"line":21,"column":0},"end":{"line":59,"column":4}},"27":{"start":{"line":22,"column":4},"end":{"line":26,"column":5}},"28":{"start":{"line":23,"column":8},"end":{"line":23,"column":49}},"29":{"start":{"line":25,"column":8},"end":{"line":25,"column":37}},"30":{"start":{"line":28,"column":4},"end":{"line":56,"column":8}},"31":{"start":{"line":31,"column":12},"end":{"line":31,"column":77}},"32":{"start":{"line":32,"column":12},"end":{"line":32,"column":99}},"33":{"start":{"line":37,"column":12},"end":{"line":37,"column":73}},"34":{"start":{"line":38,"column":12},"end":{"line":38,"column":59}},"35":{"start":{"line":40,"column":12},"end":{"line":40,"column":33}},"36":{"start":{"line":45,"column":12},"end":{"line":45,"column":71}},"37":{"start":{"line":46,"column":12},"end":{"line":46,"column":58}},"38":{"start":{"line":48,"column":12},"end":{"line":48,"column":32}},"39":{"start":{"line":53,"column":12},"end":{"line":53,"column":77}},"40":{"start":{"line":54,"column":12},"end":{"line":54,"column":94}},"41":{"start":{"line":58,"column":4},"end":{"line":58,"column":29}},"42":{"start":{"line":61,"column":0},"end":{"line":61,"column":36}}},"branchMap":{"1":{"line":7,"type":"binary-expr","locations":[{"start":{"line":7,"column":168},"end":{"line":7,"column":189}},{"start":{"line":7,"column":193},"end":{"line":7,"column":198}}]},"2":{"line":7,"type":"if","locations":[{"start":{"line":7,"column":232},"end":{"line":7,"column":232}},{"start":{"line":7,"column":232},"end":{"line":7,"column":232}}]},"3":{"line":7,"type":"if","locations":[{"start":{"line":7,"column":407},"end":{"line":7,"column":407}},{"start":{"line":7,"column":407},"end":{"line":7,"column":407}}]},"4":{"line":7,"type":"if","locations":[{"start":{"line":7,"column":476},"end":{"line":7,"column":476}},{"start":{"line":7,"column":476},"end":{"line":7,"column":476}}]},"5":{"line":17,"type":"cond-expr","locations":[{"start":{"line":17,"column":70},"end":{"line":17,"column":73}},{"start":{"line":17,"column":76},"end":{"line":17,"column":92}}]},"6":{"line":17,"type":"binary-expr","locations":[{"start":{"line":17,"column":46},"end":{"line":17,"column":49}},{"start":{"line":17,"column":53},"end":{"line":17,"column":67}}]},"7":{"line":19,"type":"if","locations":[{"start":{"line":19,"column":50},"end":{"line":19,"column":50}},{"start":{"line":19,"column":50},"end":{"line":19,"column":50}}]},"8":{"line":25,"type":"binary-expr","locations":[{"start":{"line":25,"column":20},"end":{"line":25,"column":24}},{"start":{"line":25,"column":28},"end":{"line":25,"column":36}}]}}},"/Users/jaredbarnes/LSS/Queryable/lib/OperationExpressionBuilder.js":{"path":"/Users/jaredbarnes/LSS/Queryable/lib/OperationExpressionBuilder.js","s":{"1":1,"2":1,"3":1,"4":1,"5":19,"6":19,"7":19,"8":19,"9":19,"10":19,"11":1,"12":1,"13":1,"14":1,"15":0,"16":1,"17":1,"18":1,"19":1,"20":1,"21":1,"22":1,"23":1,"24":1,"25":1,"26":1,"27":1,"28":5,"29":1,"30":46,"31":0,"32":1,"33":1,"34":46,"35":46,"36":46,"37":46,"38":46,"39":46,"40":0,"41":46,"42":0,"43":1,"44":5,"45":5,"46":2,"47":2,"48":2,"49":2,"50":2,"51":3,"52":1,"53":1,"54":1,"55":1,"56":1,"57":2,"58":0,"59":0,"60":0,"61":0,"62":0,"63":0,"64":0,"65":0,"66":0,"67":0,"68":0,"69":25,"70":25,"71":25,"72":25,"73":25,"74":25,"75":45,"76":45,"77":45,"78":0,"79":0,"80":0,"81":27,"82":0,"83":27,"84":24,"85":3,"86":0,"87":3,"88":1,"89":2,"90":0,"91":2,"92":0,"93":2,"94":2,"95":0,"96":0,"97":0,"98":1,"99":17,"100":1,"101":3,"102":2,"103":1,"104":1,"105":1,"106":1,"107":1,"108":1,"109":0,"110":0,"111":0,"112":15,"113":15,"114":15,"115":1,"116":1},"b":{"1":[19,19],"2":[19,0],"3":[1,0],"4":[0,1],"5":[5,0],"6":[5,5],"7":[0,46],"8":[46,46],"9":[0,46],"10":[0,46],"11":[2,3],"12":[1,2],"13":[0,0],"14":[0,27],"15":[24,3],"16":[0,3],"17":[1,2],"18":[0,2],"19":[0,2],"20":[2,0],"21":[0,0]},"f":{"1":1,"2":1,"3":1,"4":5,"5":46,"6":1,"7":46,"8":5,"9":0,"10":25,"11":45,"12":0,"13":27,"14":1,"15":17,"16":1,"17":3,"18":2,"19":1,"20":1,"21":1,"22":1,"23":1,"24":1,"25":0,"26":15},"fnMap":{"1":{"name":"(anonymous_1)","line":7,"loc":{"start":{"line":7,"column":19},"end":{"line":7,"column":31}}},"2":{"name":"defineProperties","line":7,"loc":{"start":{"line":7,"column":33},"end":{"line":7,"column":74}}},"3":{"name":"(anonymous_3)","line":7,"loc":{"start":{"line":7,"column":357},"end":{"line":7,"column":405}}},"4":{"name":"_interopRequireDefault","line":29,"loc":{"start":{"line":29,"column":0},"end":{"line":29,"column":37}}},"5":{"name":"_classCallCheck","line":31,"loc":{"start":{"line":31,"column":0},"end":{"line":31,"column":48}}},"6":{"name":"(anonymous_6)","line":33,"loc":{"start":{"line":33,"column":33},"end":{"line":33,"column":45}}},"7":{"name":"OperationExpressionBuilder","line":34,"loc":{"start":{"line":34,"column":4},"end":{"line":34,"column":91}}},"8":{"name":"_createResultsOperationExpression","line":53,"loc":{"start":{"line":53,"column":15},"end":{"line":53,"column":73}}},"9":{"name":"_createLambdaOperationExpression","line":77,"loc":{"start":{"line":77,"column":15},"end":{"line":77,"column":71}}},"10":{"name":"_createOperationExpression","line":99,"loc":{"start":{"line":99,"column":15},"end":{"line":99,"column":64}}},"11":{"name":"_createPropertyAccessExpression","line":112,"loc":{"start":{"line":112,"column":15},"end":{"line":112,"column":58}}},"12":{"name":"_createPropertyNavigationExpression","line":120,"loc":{"start":{"line":120,"column":15},"end":{"line":120,"column":62}}},"13":{"name":"_getConstant","line":128,"loc":{"start":{"line":128,"column":15},"end":{"line":128,"column":44}}},"14":{"name":"contains","line":153,"loc":{"start":{"line":153,"column":15},"end":{"line":153,"column":40}}},"15":{"name":"isEqualTo","line":158,"loc":{"start":{"line":158,"column":15},"end":{"line":158,"column":41}}},"16":{"name":"isNotEqualTo","line":163,"loc":{"start":{"line":163,"column":15},"end":{"line":163,"column":44}}},"17":{"name":"isIn","line":168,"loc":{"start":{"line":168,"column":15},"end":{"line":168,"column":36}}},"18":{"name":"isNotIn","line":173,"loc":{"start":{"line":173,"column":15},"end":{"line":173,"column":39}}},"19":{"name":"isGreaterThan","line":178,"loc":{"start":{"line":178,"column":15},"end":{"line":178,"column":45}}},"20":{"name":"isGreaterThanOrEqualTo","line":183,"loc":{"start":{"line":183,"column":15},"end":{"line":183,"column":54}}},"21":{"name":"isLessThanOrEqualTo","line":188,"loc":{"start":{"line":188,"column":15},"end":{"line":188,"column":51}}},"22":{"name":"isLessThan","line":193,"loc":{"start":{"line":193,"column":15},"end":{"line":193,"column":42}}},"23":{"name":"endsWith","line":198,"loc":{"start":{"line":198,"column":15},"end":{"line":198,"column":40}}},"24":{"name":"startsWith","line":203,"loc":{"start":{"line":203,"column":15},"end":{"line":203,"column":42}}},"25":{"name":"property","line":208,"loc":{"start":{"line":208,"column":15},"end":{"line":208,"column":40}}},"26":{"name":"getExpression","line":215,"loc":{"start":{"line":215,"column":15},"end":{"line":215,"column":40}}}},"statementMap":{"1":{"start":{"line":3,"column":0},"end":{"line":5,"column":3}},"2":{"start":{"line":7,"column":0},"end":{"line":7,"column":564}},"3":{"start":{"line":7,"column":33},"end":{"line":7,"column":349}},"4":{"start":{"line":7,"column":76},"end":{"line":7,"column":347}},"5":{"start":{"line":7,"column":117},"end":{"line":7,"column":143}},"6":{"start":{"line":7,"column":144},"end":{"line":7,"column":199}},"7":{"start":{"line":7,"column":200},"end":{"line":7,"column":231}},"8":{"start":{"line":7,"column":232},"end":{"line":7,"column":286}},"9":{"start":{"line":7,"column":259},"end":{"line":7,"column":286}},"10":{"start":{"line":7,"column":287},"end":{"line":7,"column":345}},"11":{"start":{"line":7,"column":350},"end":{"line":7,"column":559}},"12":{"start":{"line":7,"column":407},"end":{"line":7,"column":475}},"13":{"start":{"line":7,"column":423},"end":{"line":7,"column":475}},"14":{"start":{"line":7,"column":476},"end":{"line":7,"column":536}},"15":{"start":{"line":7,"column":493},"end":{"line":7,"column":536}},"16":{"start":{"line":7,"column":537},"end":{"line":7,"column":556}},"17":{"start":{"line":9,"column":0},"end":{"line":9,"column":52}},"18":{"start":{"line":11,"column":0},"end":{"line":11,"column":65}},"19":{"start":{"line":13,"column":0},"end":{"line":13,"column":60}},"20":{"start":{"line":15,"column":0},"end":{"line":15,"column":73}},"21":{"start":{"line":17,"column":0},"end":{"line":17,"column":42}},"22":{"start":{"line":19,"column":0},"end":{"line":19,"column":55}},"23":{"start":{"line":21,"column":0},"end":{"line":21,"column":56}},"24":{"start":{"line":23,"column":0},"end":{"line":23,"column":69}},"25":{"start":{"line":25,"column":0},"end":{"line":25,"column":40}},"26":{"start":{"line":27,"column":0},"end":{"line":27,"column":53}},"27":{"start":{"line":29,"column":0},"end":{"line":29,"column":95}},"28":{"start":{"line":29,"column":39},"end":{"line":29,"column":93}},"29":{"start":{"line":31,"column":0},"end":{"line":31,"column":153}},"30":{"start":{"line":31,"column":50},"end":{"line":31,"column":151}},"31":{"start":{"line":31,"column":92},"end":{"line":31,"column":149}},"32":{"start":{"line":33,"column":0},"end":{"line":224,"column":4}},"33":{"start":{"line":34,"column":4},"end":{"line":49,"column":5}},"34":{"start":{"line":35,"column":8},"end":{"line":35,"column":58}},"35":{"start":{"line":37,"column":8},"end":{"line":37,"column":25}},"36":{"start":{"line":38,"column":8},"end":{"line":38,"column":37}},"37":{"start":{"line":39,"column":8},"end":{"line":39,"column":45}},"38":{"start":{"line":40,"column":8},"end":{"line":40,"column":69}},"39":{"start":{"line":42,"column":8},"end":{"line":44,"column":9}},"40":{"start":{"line":43,"column":12},"end":{"line":43,"column":77}},"41":{"start":{"line":46,"column":8},"end":{"line":48,"column":9}},"42":{"start":{"line":47,"column":12},"end":{"line":47,"column":87}},"43":{"start":{"line":51,"column":4},"end":{"line":221,"column":8}},"44":{"start":{"line":54,"column":12},"end":{"line":54,"column":82}},"45":{"start":{"line":56,"column":12},"end":{"line":73,"column":13}},"46":{"start":{"line":57,"column":16},"end":{"line":57,"column":58}},"47":{"start":{"line":58,"column":16},"end":{"line":58,"column":82}},"48":{"start":{"line":59,"column":16},"end":{"line":59,"column":86}},"49":{"start":{"line":61,"column":16},"end":{"line":61,"column":74}},"50":{"start":{"line":62,"column":16},"end":{"line":62,"column":43}},"51":{"start":{"line":63,"column":19},"end":{"line":73,"column":13}},"52":{"start":{"line":64,"column":16},"end":{"line":64,"column":83}},"53":{"start":{"line":65,"column":16},"end":{"line":65,"column":94}},"54":{"start":{"line":67,"column":16},"end":{"line":67,"column":98}},"55":{"start":{"line":69,"column":16},"end":{"line":69,"column":75}},"56":{"start":{"line":70,"column":16},"end":{"line":70,"column":43}},"57":{"start":{"line":72,"column":16},"end":{"line":72,"column":87}},"58":{"start":{"line":78,"column":12},"end":{"line":80,"column":13}},"59":{"start":{"line":79,"column":16},"end":{"line":79,"column":74}},"60":{"start":{"line":82,"column":12},"end":{"line":82,"column":90}},"61":{"start":{"line":84,"column":12},"end":{"line":84,"column":70}},"62":{"start":{"line":85,"column":12},"end":{"line":85,"column":55}},"63":{"start":{"line":86,"column":12},"end":{"line":86,"column":87}},"64":{"start":{"line":88,"column":12},"end":{"line":88,"column":59}},"65":{"start":{"line":90,"column":12},"end":{"line":90,"column":75}},"66":{"start":{"line":91,"column":12},"end":{"line":91,"column":95}},"67":{"start":{"line":93,"column":12},"end":{"line":93,"column":67}},"68":{"start":{"line":95,"column":12},"end":{"line":95,"column":39}},"69":{"start":{"line":100,"column":12},"end":{"line":100,"column":82}},"70":{"start":{"line":102,"column":12},"end":{"line":102,"column":52}},"71":{"start":{"line":103,"column":12},"end":{"line":103,"column":69}},"72":{"start":{"line":104,"column":12},"end":{"line":104,"column":73}},"73":{"start":{"line":106,"column":12},"end":{"line":106,"column":61}},"74":{"start":{"line":108,"column":12},"end":{"line":108,"column":39}},"75":{"start":{"line":113,"column":12},"end":{"line":113,"column":95}},"76":{"start":{"line":114,"column":12},"end":{"line":114,"column":163}},"77":{"start":{"line":116,"column":12},"end":{"line":116,"column":44}},"78":{"start":{"line":121,"column":12},"end":{"line":121,"column":103}},"79":{"start":{"line":122,"column":12},"end":{"line":122,"column":167}},"80":{"start":{"line":124,"column":12},"end":{"line":124,"column":48}},"81":{"start":{"line":129,"column":12},"end":{"line":131,"column":13}},"82":{"start":{"line":130,"column":16},"end":{"line":130,"column":29}},"83":{"start":{"line":133,"column":12},"end":{"line":149,"column":13}},"84":{"start":{"line":134,"column":16},"end":{"line":134,"column":70}},"85":{"start":{"line":135,"column":19},"end":{"line":149,"column":13}},"86":{"start":{"line":136,"column":16},"end":{"line":136,"column":72}},"87":{"start":{"line":137,"column":19},"end":{"line":149,"column":13}},"88":{"start":{"line":138,"column":16},"end":{"line":138,"column":70}},"89":{"start":{"line":139,"column":19},"end":{"line":149,"column":13}},"90":{"start":{"line":140,"column":16},"end":{"line":140,"column":71}},"91":{"start":{"line":141,"column":19},"end":{"line":149,"column":13}},"92":{"start":{"line":142,"column":16},"end":{"line":142,"column":68}},"93":{"start":{"line":143,"column":19},"end":{"line":149,"column":13}},"94":{"start":{"line":144,"column":16},"end":{"line":144,"column":69}},"95":{"start":{"line":145,"column":19},"end":{"line":149,"column":13}},"96":{"start":{"line":146,"column":16},"end":{"line":146,"column":68}},"97":{"start":{"line":148,"column":16},"end":{"line":148,"column":70}},"98":{"start":{"line":154,"column":12},"end":{"line":154,"column":70}},"99":{"start":{"line":159,"column":12},"end":{"line":159,"column":71}},"100":{"start":{"line":164,"column":12},"end":{"line":164,"column":74}},"101":{"start":{"line":169,"column":12},"end":{"line":169,"column":73}},"102":{"start":{"line":174,"column":12},"end":{"line":174,"column":76}},"103":{"start":{"line":179,"column":12},"end":{"line":179,"column":75}},"104":{"start":{"line":184,"column":12},"end":{"line":184,"column":84}},"105":{"start":{"line":189,"column":12},"end":{"line":189,"column":81}},"106":{"start":{"line":194,"column":12},"end":{"line":194,"column":72}},"107":{"start":{"line":199,"column":12},"end":{"line":199,"column":70}},"108":{"start":{"line":204,"column":12},"end":{"line":204,"column":72}},"109":{"start":{"line":209,"column":12},"end":{"line":209,"column":80}},"110":{"start":{"line":210,"column":12},"end":{"line":210,"column":69}},"111":{"start":{"line":211,"column":12},"end":{"line":211,"column":108}},"112":{"start":{"line":216,"column":12},"end":{"line":216,"column":82}},"113":{"start":{"line":217,"column":12},"end":{"line":217,"column":75}},"114":{"start":{"line":219,"column":12},"end":{"line":219,"column":39}},"115":{"start":{"line":223,"column":4},"end":{"line":223,"column":38}},"116":{"start":{"line":226,"column":0},"end":{"line":226,"column":45}}},"branchMap":{"1":{"line":7,"type":"binary-expr","locations":[{"start":{"line":7,"column":168},"end":{"line":7,"column":189}},{"start":{"line":7,"column":193},"end":{"line":7,"column":198}}]},"2":{"line":7,"type":"if","locations":[{"start":{"line":7,"column":232},"end":{"line":7,"column":232}},{"start":{"line":7,"column":232},"end":{"line":7,"column":232}}]},"3":{"line":7,"type":"if","locations":[{"start":{"line":7,"column":407},"end":{"line":7,"column":407}},{"start":{"line":7,"column":407},"end":{"line":7,"column":407}}]},"4":{"line":7,"type":"if","locations":[{"start":{"line":7,"column":476},"end":{"line":7,"column":476}},{"start":{"line":7,"column":476},"end":{"line":7,"column":476}}]},"5":{"line":29,"type":"cond-expr","locations":[{"start":{"line":29,"column":70},"end":{"line":29,"column":73}},{"start":{"line":29,"column":76},"end":{"line":29,"column":92}}]},"6":{"line":29,"type":"binary-expr","locations":[{"start":{"line":29,"column":46},"end":{"line":29,"column":49}},{"start":{"line":29,"column":53},"end":{"line":29,"column":67}}]},"7":{"line":31,"type":"if","locations":[{"start":{"line":31,"column":50},"end":{"line":31,"column":50}},{"start":{"line":31,"column":50},"end":{"line":31,"column":50}}]},"8":{"line":40,"type":"binary-expr","locations":[{"start":{"line":40,"column":33},"end":{"line":40,"column":50}},{"start":{"line":40,"column":54},"end":{"line":40,"column":68}}]},"9":{"line":42,"type":"if","locations":[{"start":{"line":42,"column":8},"end":{"line":42,"column":8}},{"start":{"line":42,"column":8},"end":{"line":42,"column":8}}]},"10":{"line":46,"type":"if","locations":[{"start":{"line":46,"column":8},"end":{"line":46,"column":8}},{"start":{"line":46,"column":8},"end":{"line":46,"column":8}}]},"11":{"line":56,"type":"if","locations":[{"start":{"line":56,"column":12},"end":{"line":56,"column":12}},{"start":{"line":56,"column":12},"end":{"line":56,"column":12}}]},"12":{"line":63,"type":"if","locations":[{"start":{"line":63,"column":19},"end":{"line":63,"column":19}},{"start":{"line":63,"column":19},"end":{"line":63,"column":19}}]},"13":{"line":78,"type":"if","locations":[{"start":{"line":78,"column":12},"end":{"line":78,"column":12}},{"start":{"line":78,"column":12},"end":{"line":78,"column":12}}]},"14":{"line":129,"type":"if","locations":[{"start":{"line":129,"column":12},"end":{"line":129,"column":12}},{"start":{"line":129,"column":12},"end":{"line":129,"column":12}}]},"15":{"line":133,"type":"if","locations":[{"start":{"line":133,"column":12},"end":{"line":133,"column":12}},{"start":{"line":133,"column":12},"end":{"line":133,"column":12}}]},"16":{"line":135,"type":"if","locations":[{"start":{"line":135,"column":19},"end":{"line":135,"column":19}},{"start":{"line":135,"column":19},"end":{"line":135,"column":19}}]},"17":{"line":137,"type":"if","locations":[{"start":{"line":137,"column":19},"end":{"line":137,"column":19}},{"start":{"line":137,"column":19},"end":{"line":137,"column":19}}]},"18":{"line":139,"type":"if","locations":[{"start":{"line":139,"column":19},"end":{"line":139,"column":19}},{"start":{"line":139,"column":19},"end":{"line":139,"column":19}}]},"19":{"line":141,"type":"if","locations":[{"start":{"line":141,"column":19},"end":{"line":141,"column":19}},{"start":{"line":141,"column":19},"end":{"line":141,"column":19}}]},"20":{"line":143,"type":"if","locations":[{"start":{"line":143,"column":19},"end":{"line":143,"column":19}},{"start":{"line":143,"column":19},"end":{"line":143,"column":19}}]},"21":{"line":145,"type":"if","locations":[{"start":{"line":145,"column":19},"end":{"line":145,"column":19}},{"start":{"line":145,"column":19},"end":{"line":145,"column":19}}]}}},"/Users/jaredbarnes/LSS/Queryable/lib/ValueExpression.js":{"path":"/Users/jaredbarnes/LSS/Queryable/lib/ValueExpression.js","s":{"1":1,"2":1,"3":180,"4":0,"5":1,"6":1,"7":1,"8":3,"9":3,"10":3,"11":3,"12":3,"13":3,"14":1,"15":1,"16":1,"17":1,"18":0,"19":1,"20":1,"21":1,"22":1,"23":1,"24":1,"25":450,"26":0,"27":1,"28":450,"29":0,"30":450,"31":1,"32":1,"33":0,"34":1,"35":1,"36":1,"37":1,"38":1,"39":1,"40":450,"41":450,"42":450,"43":450,"44":450,"45":1,"46":180,"47":180,"48":47,"49":180,"50":14,"51":8,"52":6,"53":14,"54":1,"55":1},"b":{"1":[1,0],"2":[1,1],"3":[0,0],"4":[0,0,0,0],"5":[3,3],"6":[3,0],"7":[1,0],"8":[0,1],"9":[1,0],"10":[1,1],"11":[0,450],"12":[0,450],"13":[0,450],"14":[450,0,0],"15":[0,1],"16":[1,0],"17":[1,1],"18":[1,0],"19":[1,0],"20":[450,0],"21":[47,133],"22":[180,47],"23":[0,180],"24":[8,6],"25":[14,14,10]},"f":{"1":180,"2":0,"3":1,"4":1,"5":1,"6":1,"7":450,"8":450,"9":1,"10":1,"11":450,"12":180,"13":14,"14":14},"fnMap":{"1":{"name":"(anonymous_1)","line":7,"loc":{"start":{"line":7,"column":84},"end":{"line":7,"column":99}}},"2":{"name":"(anonymous_2)","line":7,"loc":{"start":{"line":7,"column":124},"end":{"line":7,"column":139}}},"3":{"name":"(anonymous_3)","line":9,"loc":{"start":{"line":9,"column":19},"end":{"line":9,"column":31}}},"4":{"name":"defineProperties","line":9,"loc":{"start":{"line":9,"column":33},"end":{"line":9,"column":74}}},"5":{"name":"(anonymous_5)","line":9,"loc":{"start":{"line":9,"column":357},"end":{"line":9,"column":405}}},"6":{"name":"_interopRequireDefault","line":15,"loc":{"start":{"line":15,"column":0},"end":{"line":15,"column":37}}},"7":{"name":"_classCallCheck","line":17,"loc":{"start":{"line":17,"column":0},"end":{"line":17,"column":48}}},"8":{"name":"_possibleConstructorReturn","line":19,"loc":{"start":{"line":19,"column":0},"end":{"line":19,"column":48}}},"9":{"name":"_inherits","line":21,"loc":{"start":{"line":21,"column":0},"end":{"line":21,"column":41}}},"10":{"name":"(anonymous_10)","line":23,"loc":{"start":{"line":23,"column":22},"end":{"line":23,"column":45}}},"11":{"name":"ValueExpression","line":26,"loc":{"start":{"line":26,"column":4},"end":{"line":26,"column":46}}},"12":{"name":"copy","line":38,"loc":{"start":{"line":38,"column":15},"end":{"line":38,"column":31}}},"13":{"name":"isEqualTo","line":49,"loc":{"start":{"line":49,"column":15},"end":{"line":49,"column":40}}},"14":{"name":"contains","line":57,"loc":{"start":{"line":57,"column":15},"end":{"line":57,"column":39}}}},"statementMap":{"1":{"start":{"line":3,"column":0},"end":{"line":5,"column":3}},"2":{"start":{"line":7,"column":0},"end":{"line":7,"column":269}},"3":{"start":{"line":7,"column":101},"end":{"line":7,"column":119}},"4":{"start":{"line":7,"column":141},"end":{"line":7,"column":266}},"5":{"start":{"line":9,"column":0},"end":{"line":9,"column":564}},"6":{"start":{"line":9,"column":33},"end":{"line":9,"column":349}},"7":{"start":{"line":9,"column":76},"end":{"line":9,"column":347}},"8":{"start":{"line":9,"column":117},"end":{"line":9,"column":143}},"9":{"start":{"line":9,"column":144},"end":{"line":9,"column":199}},"10":{"start":{"line":9,"column":200},"end":{"line":9,"column":231}},"11":{"start":{"line":9,"column":232},"end":{"line":9,"column":286}},"12":{"start":{"line":9,"column":259},"end":{"line":9,"column":286}},"13":{"start":{"line":9,"column":287},"end":{"line":9,"column":345}},"14":{"start":{"line":9,"column":350},"end":{"line":9,"column":559}},"15":{"start":{"line":9,"column":407},"end":{"line":9,"column":475}},"16":{"start":{"line":9,"column":423},"end":{"line":9,"column":475}},"17":{"start":{"line":9,"column":476},"end":{"line":9,"column":536}},"18":{"start":{"line":9,"column":493},"end":{"line":9,"column":536}},"19":{"start":{"line":9,"column":537},"end":{"line":9,"column":556}},"20":{"start":{"line":11,"column":0},"end":{"line":11,"column":43}},"21":{"start":{"line":13,"column":0},"end":{"line":13,"column":56}},"22":{"start":{"line":15,"column":0},"end":{"line":15,"column":95}},"23":{"start":{"line":15,"column":39},"end":{"line":15,"column":93}},"24":{"start":{"line":17,"column":0},"end":{"line":17,"column":153}},"25":{"start":{"line":17,"column":50},"end":{"line":17,"column":151}},"26":{"start":{"line":17,"column":92},"end":{"line":17,"column":149}},"27":{"start":{"line":19,"column":0},"end":{"line":19,"column":240}},"28":{"start":{"line":19,"column":50},"end":{"line":19,"column":151}},"29":{"start":{"line":19,"column":63},"end":{"line":19,"column":149}},"30":{"start":{"line":19,"column":152},"end":{"line":19,"column":238}},"31":{"start":{"line":21,"column":0},"end":{"line":21,"column":494}},"32":{"start":{"line":21,"column":43},"end":{"line":21,"column":208}},"33":{"start":{"line":21,"column":106},"end":{"line":21,"column":206}},"34":{"start":{"line":21,"column":209},"end":{"line":21,"column":373}},"35":{"start":{"line":21,"column":374},"end":{"line":21,"column":492}},"36":{"start":{"line":21,"column":390},"end":{"line":21,"column":492}},"37":{"start":{"line":23,"column":0},"end":{"line":63,"column":24}},"38":{"start":{"line":24,"column":4},"end":{"line":24,"column":44}},"39":{"start":{"line":26,"column":4},"end":{"line":34,"column":5}},"40":{"start":{"line":27,"column":8},"end":{"line":27,"column":47}},"41":{"start":{"line":29,"column":8},"end":{"line":29,"column":135}},"42":{"start":{"line":31,"column":8},"end":{"line":31,"column":28}},"43":{"start":{"line":32,"column":8},"end":{"line":32,"column":34}},"44":{"start":{"line":33,"column":8},"end":{"line":33,"column":21}},"45":{"start":{"line":36,"column":4},"end":{"line":60,"column":8}},"46":{"start":{"line":39,"column":12},"end":{"line":39,"column":35}},"47":{"start":{"line":41,"column":12},"end":{"line":43,"column":13}},"48":{"start":{"line":42,"column":16},"end":{"line":42,"column":58}},"49":{"start":{"line":45,"column":12},"end":{"line":45,"column":61}},"50":{"start":{"line":50,"column":12},"end":{"line":52,"column":13}},"51":{"start":{"line":51,"column":16},"end":{"line":51,"column":28}},"52":{"start":{"line":53,"column":12},"end":{"line":53,"column":25}},"53":{"start":{"line":58,"column":12},"end":{"line":58,"column":40}},"54":{"start":{"line":62,"column":4},"end":{"line":62,"column":27}},"55":{"start":{"line":65,"column":0},"end":{"line":65,"column":34}}},"branchMap":{"1":{"line":7,"type":"cond-expr","locations":[{"start":{"line":7,"column":84},"end":{"line":7,"column":121}},{"start":{"line":7,"column":124},"end":{"line":7,"column":268}}]},"2":{"line":7,"type":"binary-expr","locations":[{"start":{"line":7,"column":14},"end":{"line":7,"column":42}},{"start":{"line":7,"column":46},"end":{"line":7,"column":81}}]},"3":{"line":7,"type":"cond-expr","locations":[{"start":{"line":7,"column":244},"end":{"line":7,"column":252}},{"start":{"line":7,"column":255},"end":{"line":7,"column":265}}]},"4":{"line":7,"type":"binary-expr","locations":[{"start":{"line":7,"column":148},"end":{"line":7,"column":151}},{"start":{"line":7,"column":155},"end":{"line":7,"column":183}},{"start":{"line":7,"column":187},"end":{"line":7,"column":213}},{"start":{"line":7,"column":217},"end":{"line":7,"column":241}}]},"5":{"line":9,"type":"binary-expr","locations":[{"start":{"line":9,"column":168},"end":{"line":9,"column":189}},{"start":{"line":9,"column":193},"end":{"line":9,"column":198}}]},"6":{"line":9,"type":"if","locations":[{"start":{"line":9,"column":232},"end":{"line":9,"column":232}},{"start":{"line":9,"column":232},"end":{"line":9,"column":232}}]},"7":{"line":9,"type":"if","locations":[{"start":{"line":9,"column":407},"end":{"line":9,"column":407}},{"start":{"line":9,"column":407},"end":{"line":9,"column":407}}]},"8":{"line":9,"type":"if","locations":[{"start":{"line":9,"column":476},"end":{"line":9,"column":476}},{"start":{"line":9,"column":476},"end":{"line":9,"column":476}}]},"9":{"line":15,"type":"cond-expr","locations":[{"start":{"line":15,"column":70},"end":{"line":15,"column":73}},{"start":{"line":15,"column":76},"end":{"line":15,"column":92}}]},"10":{"line":15,"type":"binary-expr","locations":[{"start":{"line":15,"column":46},"end":{"line":15,"column":49}},{"start":{"line":15,"column":53},"end":{"line":15,"column":67}}]},"11":{"line":17,"type":"if","locations":[{"start":{"line":17,"column":50},"end":{"line":17,"column":50}},{"start":{"line":17,"column":50},"end":{"line":17,"column":50}}]},"12":{"line":19,"type":"if","locations":[{"start":{"line":19,"column":50},"end":{"line":19,"column":50}},{"start":{"line":19,"column":50},"end":{"line":19,"column":50}}]},"13":{"line":19,"type":"cond-expr","locations":[{"start":{"line":19,"column":226},"end":{"line":19,"column":230}},{"start":{"line":19,"column":233},"end":{"line":19,"column":237}}]},"14":{"line":19,"type":"binary-expr","locations":[{"start":{"line":19,"column":159},"end":{"line":19,"column":163}},{"start":{"line":19,"column":168},"end":{"line":19,"column":192}},{"start":{"line":19,"column":196},"end":{"line":19,"column":222}}]},"15":{"line":21,"type":"if","locations":[{"start":{"line":21,"column":43},"end":{"line":21,"column":43}},{"start":{"line":21,"column":43},"end":{"line":21,"column":43}}]},"16":{"line":21,"type":"binary-expr","locations":[{"start":{"line":21,"column":47},"end":{"line":21,"column":79}},{"start":{"line":21,"column":83},"end":{"line":21,"column":102}}]},"17":{"line":21,"type":"binary-expr","locations":[{"start":{"line":21,"column":244},"end":{"line":21,"column":254}},{"start":{"line":21,"column":258},"end":{"line":21,"column":278}}]},"18":{"line":21,"type":"if","locations":[{"start":{"line":21,"column":374},"end":{"line":21,"column":374}},{"start":{"line":21,"column":374},"end":{"line":21,"column":374}}]},"19":{"line":21,"type":"cond-expr","locations":[{"start":{"line":21,"column":414},"end":{"line":21,"column":457}},{"start":{"line":21,"column":460},"end":{"line":21,"column":491}}]},"20":{"line":29,"type":"binary-expr","locations":[{"start":{"line":29,"column":54},"end":{"line":29,"column":79}},{"start":{"line":29,"column":83},"end":{"line":29,"column":121}}]},"21":{"line":41,"type":"if","locations":[{"start":{"line":41,"column":12},"end":{"line":41,"column":12}},{"start":{"line":41,"column":12},"end":{"line":41,"column":12}}]},"22":{"line":41,"type":"binary-expr","locations":[{"start":{"line":41,"column":16},"end":{"line":41,"column":90}},{"start":{"line":41,"column":94},"end":{"line":41,"column":107}}]},"23":{"line":41,"type":"cond-expr","locations":[{"start":{"line":41,"column":48},"end":{"line":41,"column":59}},{"start":{"line":41,"column":62},"end":{"line":41,"column":76}}]},"24":{"line":50,"type":"if","locations":[{"start":{"line":50,"column":12},"end":{"line":50,"column":12}},{"start":{"line":50,"column":12},"end":{"line":50,"column":12}}]},"25":{"line":50,"type":"binary-expr","locations":[{"start":{"line":50,"column":16},"end":{"line":50,"column":20}},{"start":{"line":50,"column":24},"end":{"line":50,"column":55}},{"start":{"line":50,"column":59},"end":{"line":50,"column":84}}]}}},"/Users/jaredbarnes/LSS/Queryable/lib/Queryable.js":{"path":"/Users/jaredbarnes/LSS/Queryable/lib/Queryable.js","s":{"1":1,"2":1,"3":1,"4":1,"5":27,"6":27,"7":27,"8":27,"9":27,"10":27,"11":1,"12":1,"13":1,"14":1,"15":0,"16":1,"17":1,"18":1,"19":1,"20":1,"21":1,"22":1,"23":1,"24":1,"25":1,"26":1,"27":1,"28":5,"29":1,"30":91,"31":0,"32":1,"33":1,"34":91,"35":91,"36":91,"37":91,"38":91,"39":91,"40":91,"41":1,"42":91,"43":41,"44":50,"45":91,"46":41,"47":50,"48":91,"49":41,"50":50,"51":91,"52":41,"53":50,"54":91,"55":41,"56":50,"57":4,"58":1,"59":47,"60":47,"61":47,"62":47,"63":47,"64":47,"65":47,"66":47,"67":19,"68":19,"69":19,"70":19,"71":17,"72":2,"73":2,"74":0,"75":19,"76":2,"77":17,"78":14,"79":3,"80":3,"81":3,"82":3,"83":3,"84":17,"85":4,"86":2,"87":2,"88":2,"89":2,"90":17,"91":17,"92":17,"93":17,"94":17,"95":15,"96":2,"97":2,"98":0,"99":15,"100":0,"101":15,"102":15,"103":15,"104":15,"105":13,"106":13,"107":2,"108":6,"109":1,"110":1,"111":1,"112":1,"113":0,"114":1,"115":1,"116":1,"117":1,"118":1,"119":2,"120":2,"121":2,"122":3,"123":2,"124":1,"125":1,"126":1,"127":1,"128":2,"129":1,"130":1,"131":41,"132":41,"133":41,"134":1,"135":1,"136":0,"137":77,"138":7,"139":1,"140":6,"141":6,"142":6,"143":6,"144":3,"145":1,"146":2,"147":1,"148":1,"149":1,"150":1,"151":1,"152":6,"153":0,"154":6,"155":2,"156":1,"157":6,"158":5,"159":0,"160":10,"161":7,"162":2,"163":2,"164":1,"165":1,"166":1,"167":2,"168":1,"169":1,"170":1,"171":2,"172":1,"173":3,"174":1,"175":2,"176":2,"177":13,"178":2,"179":1,"180":1,"181":1,"182":2,"183":1,"184":1,"185":1},"b":{"1":[27,27],"2":[27,0],"3":[1,0],"4":[0,1],"5":[5,0],"6":[5,5],"7":[0,91],"8":[41,50],"9":[91,41],"10":[91,48],"11":[91,91,50],"12":[41,50],"13":[91,41],"14":[41,50],"15":[91,41],"16":[41,50],"17":[91,41],"18":[41,50],"19":[91,41],"20":[41,50],"21":[91,41],"22":[1,3],"23":[17,2],"24":[19,19],"25":[17,2],"26":[2,0],"27":[2,17],"28":[14,3],"29":[2,2],"30":[15,2],"31":[17,17],"32":[15,2],"33":[2,0],"34":[0,15],"35":[13,2],"36":[6,6,6],"37":[0,1],"38":[3,2],"39":[1,1],"40":[41,1],"41":[1,6],"42":[3,3],"43":[1,2],"44":[1,1],"45":[2,2],"46":[1,1],"47":[1,1],"48":[1,2],"49":[1,1]},"f":{"1":1,"2":1,"3":1,"4":5,"5":91,"6":1,"7":91,"8":91,"9":4,"10":47,"11":19,"12":2,"13":4,"14":17,"15":2,"16":6,"17":1,"18":1,"19":1,"20":2,"21":3,"22":2,"23":1,"24":41,"25":1,"26":0,"27":77,"28":7,"29":0,"30":2,"31":5,"32":0,"33":10,"34":7,"35":2,"36":2,"37":1,"38":2,"39":2,"40":3,"41":2,"42":13,"43":2,"44":2},"fnMap":{"1":{"name":"(anonymous_1)","line":7,"loc":{"start":{"line":7,"column":19},"end":{"line":7,"column":31}}},"2":{"name":"defineProperties","line":7,"loc":{"start":{"line":7,"column":33},"end":{"line":7,"column":74}}},"3":{"name":"(anonymous_3)","line":7,"loc":{"start":{"line":7,"column":357},"end":{"line":7,"column":405}}},"4":{"name":"_interopRequireDefault","line":29,"loc":{"start":{"line":29,"column":0},"end":{"line":29,"column":37}}},"5":{"name":"_classCallCheck","line":31,"loc":{"start":{"line":31,"column":0},"end":{"line":31,"column":48}}},"6":{"name":"(anonymous_6)","line":33,"loc":{"start":{"line":33,"column":16},"end":{"line":33,"column":28}}},"7":{"name":"Queryable","line":34,"loc":{"start":{"line":34,"column":4},"end":{"line":34,"column":29}}},"8":{"name":"_applyQuery","line":48,"loc":{"start":{"line":48,"column":15},"end":{"line":48,"column":43}}},"9":{"name":"_assertHasProvider","line":81,"loc":{"start":{"line":81,"column":15},"end":{"line":81,"column":45}}},"10":{"name":"_copyQuery","line":88,"loc":{"start":{"line":88,"column":15},"end":{"line":88,"column":42}}},"11":{"name":"_createQueryableFromLambda","line":103,"loc":{"start":{"line":103,"column":15},"end":{"line":103,"column":57}}},"12":{"name":"(anonymous_12)","line":104,"loc":{"start":{"line":104,"column":93},"end":{"line":104,"column":105}}},"13":{"name":"_createQueryableFromNumber","line":138,"loc":{"start":{"line":138,"column":15},"end":{"line":138,"column":64}}},"14":{"name":"_createQueryableFromOrderBy","line":150,"loc":{"start":{"line":150,"column":15},"end":{"line":150,"column":58}}},"15":{"name":"(anonymous_15)","line":151,"loc":{"start":{"line":151,"column":93},"end":{"line":151,"column":105}}},"16":{"name":"_validatePropertyName","line":182,"loc":{"start":{"line":182,"column":15},"end":{"line":182,"column":52}}},"17":{"name":"_selectArray","line":187,"loc":{"start":{"line":187,"column":15},"end":{"line":187,"column":49}}},"18":{"name":"(anonymous_18)","line":190,"loc":{"start":{"line":190,"column":51},"end":{"line":190,"column":71}}},"19":{"name":"(anonymous_19)","line":201,"loc":{"start":{"line":201,"column":31},"end":{"line":201,"column":51}}},"20":{"name":"_selectObject","line":209,"loc":{"start":{"line":209,"column":15},"end":{"line":209,"column":47}}},"21":{"name":"(anonymous_21)","line":213,"loc":{"start":{"line":213,"column":52},"end":{"line":213,"column":67}}},"22":{"name":"(anonymous_22)","line":224,"loc":{"start":{"line":224,"column":32},"end":{"line":224,"column":47}}},"23":{"name":"and","line":232,"loc":{"start":{"line":232,"column":15},"end":{"line":232,"column":36}}},"24":{"name":"copy","line":237,"loc":{"start":{"line":237,"column":15},"end":{"line":237,"column":36}}},"25":{"name":"countAsync","line":244,"loc":{"start":{"line":244,"column":15},"end":{"line":244,"column":37}}},"26":{"name":"getExpression","line":250,"loc":{"start":{"line":250,"column":15},"end":{"line":250,"column":40}}},"27":{"name":"getQuery","line":255,"loc":{"start":{"line":255,"column":15},"end":{"line":255,"column":35}}},"28":{"name":"merge","line":260,"loc":{"start":{"line":260,"column":15},"end":{"line":260,"column":41}}},"29":{"name":"(anonymous_29)","line":286,"loc":{"start":{"line":286,"column":52},"end":{"line":286,"column":67}}},"30":{"name":"(anonymous_30)","line":290,"loc":{"start":{"line":290,"column":43},"end":{"line":290,"column":65}}},"31":{"name":"or","line":300,"loc":{"start":{"line":300,"column":15},"end":{"line":300,"column":35}}},"32":{"name":"orderBy","line":305,"loc":{"start":{"line":305,"column":15},"end":{"line":305,"column":40}}},"33":{"name":"orderBy","line":310,"loc":{"start":{"line":310,"column":15},"end":{"line":310,"column":40}}},"34":{"name":"orderByDesc","line":315,"loc":{"start":{"line":315,"column":15},"end":{"line":315,"column":44}}},"35":{"name":"take","line":320,"loc":{"start":{"line":320,"column":15},"end":{"line":320,"column":36}}},"36":{"name":"toArrayAsync","line":325,"loc":{"start":{"line":325,"column":15},"end":{"line":325,"column":39}}},"37":{"name":"toArrayWithCountAsync","line":331,"loc":{"start":{"line":331,"column":15},"end":{"line":331,"column":48}}},"38":{"name":"setParameters","line":337,"loc":{"start":{"line":337,"column":15},"end":{"line":337,"column":46}}},"39":{"name":"(anonymous_39)","line":343,"loc":{"start":{"line":343,"column":40},"end":{"line":343,"column":55}}},"40":{"name":"select","line":350,"loc":{"start":{"line":350,"column":15},"end":{"line":350,"column":40}}},"41":{"name":"skip","line":359,"loc":{"start":{"line":359,"column":15},"end":{"line":359,"column":36}}},"42":{"name":"where","line":364,"loc":{"start":{"line":364,"column":15},"end":{"line":364,"column":38}}},"43":{"name":"withParameters","line":369,"loc":{"start":{"line":369,"column":15},"end":{"line":369,"column":47}}},"44":{"name":"(anonymous_44)","line":375,"loc":{"start":{"line":375,"column":40},"end":{"line":375,"column":55}}}},"statementMap":{"1":{"start":{"line":3,"column":0},"end":{"line":5,"column":3}},"2":{"start":{"line":7,"column":0},"end":{"line":7,"column":564}},"3":{"start":{"line":7,"column":33},"end":{"line":7,"column":349}},"4":{"start":{"line":7,"column":76},"end":{"line":7,"column":347}},"5":{"start":{"line":7,"column":117},"end":{"line":7,"column":143}},"6":{"start":{"line":7,"column":144},"end":{"line":7,"column":199}},"7":{"start":{"line":7,"column":200},"end":{"line":7,"column":231}},"8":{"start":{"line":7,"column":232},"end":{"line":7,"column":286}},"9":{"start":{"line":7,"column":259},"end":{"line":7,"column":286}},"10":{"start":{"line":7,"column":287},"end":{"line":7,"column":345}},"11":{"start":{"line":7,"column":350},"end":{"line":7,"column":559}},"12":{"start":{"line":7,"column":407},"end":{"line":7,"column":475}},"13":{"start":{"line":7,"column":423},"end":{"line":7,"column":475}},"14":{"start":{"line":7,"column":476},"end":{"line":7,"column":536}},"15":{"start":{"line":7,"column":493},"end":{"line":7,"column":536}},"16":{"start":{"line":7,"column":537},"end":{"line":7,"column":556}},"17":{"start":{"line":9,"column":0},"end":{"line":9,"column":42}},"18":{"start":{"line":11,"column":0},"end":{"line":11,"column":55}},"19":{"start":{"line":13,"column":0},"end":{"line":13,"column":56}},"20":{"start":{"line":15,"column":0},"end":{"line":15,"column":69}},"21":{"start":{"line":17,"column":0},"end":{"line":17,"column":60}},"22":{"start":{"line":19,"column":0},"end":{"line":19,"column":73}},"23":{"start":{"line":21,"column":0},"end":{"line":21,"column":74}},"24":{"start":{"line":23,"column":0},"end":{"line":23,"column":87}},"25":{"start":{"line":25,"column":0},"end":{"line":25,"column":52}},"26":{"start":{"line":27,"column":0},"end":{"line":27,"column":65}},"27":{"start":{"line":29,"column":0},"end":{"line":29,"column":95}},"28":{"start":{"line":29,"column":39},"end":{"line":29,"column":93}},"29":{"start":{"line":31,"column":0},"end":{"line":31,"column":153}},"30":{"start":{"line":31,"column":50},"end":{"line":31,"column":151}},"31":{"start":{"line":31,"column":92},"end":{"line":31,"column":149}},"32":{"start":{"line":33,"column":0},"end":{"line":383,"column":4}},"33":{"start":{"line":34,"column":4},"end":{"line":44,"column":5}},"34":{"start":{"line":35,"column":8},"end":{"line":35,"column":91}},"35":{"start":{"line":37,"column":8},"end":{"line":37,"column":41}},"36":{"start":{"line":39,"column":8},"end":{"line":39,"column":37}},"37":{"start":{"line":40,"column":8},"end":{"line":40,"column":29}},"38":{"start":{"line":41,"column":8},"end":{"line":41,"column":27}},"39":{"start":{"line":42,"column":8},"end":{"line":42,"column":64}},"40":{"start":{"line":43,"column":8},"end":{"line":43,"column":32}},"41":{"start":{"line":46,"column":4},"end":{"line":380,"column":8}},"42":{"start":{"line":49,"column":12},"end":{"line":53,"column":13}},"43":{"start":{"line":50,"column":16},"end":{"line":50,"column":47}},"44":{"start":{"line":52,"column":16},"end":{"line":52,"column":78}},"45":{"start":{"line":55,"column":12},"end":{"line":59,"column":13}},"46":{"start":{"line":56,"column":16},"end":{"line":56,"column":45}},"47":{"start":{"line":58,"column":16},"end":{"line":58,"column":75}},"48":{"start":{"line":61,"column":12},"end":{"line":65,"column":13}},"49":{"start":{"line":62,"column":16},"end":{"line":62,"column":45}},"50":{"start":{"line":64,"column":16},"end":{"line":64,"column":82}},"51":{"start":{"line":67,"column":12},"end":{"line":71,"column":13}},"52":{"start":{"line":68,"column":16},"end":{"line":68,"column":51}},"53":{"start":{"line":70,"column":16},"end":{"line":70,"column":82}},"54":{"start":{"line":73,"column":12},"end":{"line":77,"column":13}},"55":{"start":{"line":74,"column":16},"end":{"line":74,"column":49}},"56":{"start":{"line":76,"column":16},"end":{"line":76,"column":80}},"57":{"start":{"line":82,"column":12},"end":{"line":84,"column":13}},"58":{"start":{"line":83,"column":16},"end":{"line":83,"column":54}},"59":{"start":{"line":89,"column":12},"end":{"line":89,"column":26}},"60":{"start":{"line":91,"column":12},"end":{"line":91,"column":44}},"61":{"start":{"line":92,"column":12},"end":{"line":92,"column":48}},"62":{"start":{"line":93,"column":12},"end":{"line":93,"column":46}},"63":{"start":{"line":94,"column":12},"end":{"line":94,"column":42}},"64":{"start":{"line":95,"column":12},"end":{"line":95,"column":42}},"65":{"start":{"line":97,"column":12},"end":{"line":97,"column":75}},"66":{"start":{"line":99,"column":12},"end":{"line":99,"column":24}},"67":{"start":{"line":104,"column":12},"end":{"line":104,"column":108}},"68":{"start":{"line":106,"column":12},"end":{"line":106,"column":57}},"69":{"start":{"line":107,"column":12},"end":{"line":107,"column":41}},"70":{"start":{"line":109,"column":12},"end":{"line":115,"column":13}},"71":{"start":{"line":110,"column":16},"end":{"line":110,"column":85}},"72":{"start":{"line":111,"column":19},"end":{"line":115,"column":13}},"73":{"start":{"line":112,"column":16},"end":{"line":112,"column":41}},"74":{"start":{"line":114,"column":16},"end":{"line":114,"column":90}},"75":{"start":{"line":117,"column":12},"end":{"line":119,"column":13}},"76":{"start":{"line":118,"column":16},"end":{"line":118,"column":84}},"77":{"start":{"line":121,"column":12},"end":{"line":132,"column":13}},"78":{"start":{"line":122,"column":16},"end":{"line":122,"column":46}},"79":{"start":{"line":125,"column":16},"end":{"line":125,"column":66}},"80":{"start":{"line":126,"column":16},"end":{"line":126,"column":64}},"81":{"start":{"line":127,"column":16},"end":{"line":127,"column":73}},"82":{"start":{"line":129,"column":16},"end":{"line":129,"column":74}},"83":{"start":{"line":131,"column":16},"end":{"line":131,"column":54}},"84":{"start":{"line":134,"column":12},"end":{"line":134,"column":36}},"85":{"start":{"line":139,"column":12},"end":{"line":141,"column":13}},"86":{"start":{"line":140,"column":16},"end":{"line":140,"column":72}},"87":{"start":{"line":143,"column":12},"end":{"line":143,"column":57}},"88":{"start":{"line":144,"column":12},"end":{"line":144,"column":69}},"89":{"start":{"line":146,"column":12},"end":{"line":146,"column":36}},"90":{"start":{"line":151,"column":12},"end":{"line":151,"column":108}},"91":{"start":{"line":153,"column":12},"end":{"line":153,"column":41}},"92":{"start":{"line":154,"column":12},"end":{"line":154,"column":44}},"93":{"start":{"line":155,"column":12},"end":{"line":155,"column":57}},"94":{"start":{"line":157,"column":12},"end":{"line":163,"column":13}},"95":{"start":{"line":158,"column":16},"end":{"line":158,"column":101}},"96":{"start":{"line":159,"column":19},"end":{"line":163,"column":13}},"97":{"start":{"line":160,"column":16},"end":{"line":160,"column":57}},"98":{"start":{"line":162,"column":16},"end":{"line":162,"column":107}},"99":{"start":{"line":165,"column":12},"end":{"line":167,"column":13}},"100":{"start":{"line":166,"column":16},"end":{"line":166,"column":84}},"101":{"start":{"line":169,"column":12},"end":{"line":169,"column":69}},"102":{"start":{"line":170,"column":12},"end":{"line":170,"column":61}},"103":{"start":{"line":171,"column":12},"end":{"line":171,"column":57}},"104":{"start":{"line":173,"column":12},"end":{"line":178,"column":13}},"105":{"start":{"line":174,"column":16},"end":{"line":174,"column":56}},"106":{"start":{"line":175,"column":16},"end":{"line":175,"column":40}},"107":{"start":{"line":177,"column":16},"end":{"line":177,"column":28}},"108":{"start":{"line":183,"column":12},"end":{"line":183,"column":102}},"109":{"start":{"line":188,"column":12},"end":{"line":188,"column":29}},"110":{"start":{"line":190,"column":12},"end":{"line":192,"column":15}},"111":{"start":{"line":191,"column":16},"end":{"line":191,"column":61}},"112":{"start":{"line":194,"column":12},"end":{"line":196,"column":13}},"113":{"start":{"line":195,"column":16},"end":{"line":195,"column":154}},"114":{"start":{"line":198,"column":12},"end":{"line":198,"column":57}},"115":{"start":{"line":199,"column":12},"end":{"line":199,"column":53}},"116":{"start":{"line":201,"column":12},"end":{"line":203,"column":15}},"117":{"start":{"line":202,"column":16},"end":{"line":202,"column":53}},"118":{"start":{"line":205,"column":12},"end":{"line":205,"column":36}},"119":{"start":{"line":210,"column":12},"end":{"line":210,"column":30}},"120":{"start":{"line":212,"column":12},"end":{"line":212,"column":51}},"121":{"start":{"line":213,"column":12},"end":{"line":215,"column":15}},"122":{"start":{"line":214,"column":16},"end":{"line":214,"column":103}},"123":{"start":{"line":217,"column":12},"end":{"line":219,"column":13}},"124":{"start":{"line":218,"column":16},"end":{"line":218,"column":154}},"125":{"start":{"line":221,"column":12},"end":{"line":221,"column":57}},"126":{"start":{"line":222,"column":12},"end":{"line":222,"column":53}},"127":{"start":{"line":224,"column":12},"end":{"line":226,"column":15}},"128":{"start":{"line":225,"column":16},"end":{"line":225,"column":52}},"129":{"start":{"line":228,"column":12},"end":{"line":228,"column":36}},"130":{"start":{"line":233,"column":12},"end":{"line":233,"column":66}},"131":{"start":{"line":238,"column":12},"end":{"line":238,"column":91}},"132":{"start":{"line":239,"column":12},"end":{"line":239,"column":47}},"133":{"start":{"line":240,"column":12},"end":{"line":240,"column":29}},"134":{"start":{"line":245,"column":12},"end":{"line":245,"column":42}},"135":{"start":{"line":246,"column":12},"end":{"line":246,"column":50}},"136":{"start":{"line":251,"column":12},"end":{"line":251,"column":30}},"137":{"start":{"line":256,"column":12},"end":{"line":256,"column":30}},"138":{"start":{"line":261,"column":12},"end":{"line":263,"column":13}},"139":{"start":{"line":262,"column":16},"end":{"line":262,"column":73}},"140":{"start":{"line":265,"column":12},"end":{"line":265,"column":62}},"141":{"start":{"line":266,"column":12},"end":{"line":266,"column":45}},"142":{"start":{"line":268,"column":12},"end":{"line":268,"column":58}},"143":{"start":{"line":270,"column":12},"end":{"line":284,"column":13}},"144":{"start":{"line":272,"column":16},"end":{"line":283,"column":17}},"145":{"start":{"line":273,"column":20},"end":{"line":273,"column":75}},"146":{"start":{"line":274,"column":23},"end":{"line":283,"column":17}},"147":{"start":{"line":275,"column":20},"end":{"line":275,"column":87}},"148":{"start":{"line":277,"column":20},"end":{"line":277,"column":73}},"149":{"start":{"line":278,"column":20},"end":{"line":278,"column":81}},"150":{"start":{"line":280,"column":20},"end":{"line":280,"column":88}},"151":{"start":{"line":282,"column":20},"end":{"line":282,"column":66}},"152":{"start":{"line":286,"column":12},"end":{"line":288,"column":15}},"153":{"start":{"line":287,"column":16},"end":{"line":287,"column":71}},"154":{"start":{"line":290,"column":12},"end":{"line":294,"column":15}},"155":{"start":{"line":291,"column":16},"end":{"line":293,"column":17}},"156":{"start":{"line":292,"column":20},"end":{"line":292,"column":72}},"157":{"start":{"line":296,"column":12},"end":{"line":296,"column":41}},"158":{"start":{"line":301,"column":12},"end":{"line":301,"column":65}},"159":{"start":{"line":306,"column":12},"end":{"line":306,"column":73}},"160":{"start":{"line":311,"column":12},"end":{"line":311,"column":73}},"161":{"start":{"line":316,"column":12},"end":{"line":316,"column":74}},"162":{"start":{"line":321,"column":12},"end":{"line":321,"column":66}},"163":{"start":{"line":326,"column":12},"end":{"line":326,"column":42}},"164":{"start":{"line":327,"column":12},"end":{"line":327,"column":52}},"165":{"start":{"line":332,"column":12},"end":{"line":332,"column":42}},"166":{"start":{"line":333,"column":12},"end":{"line":333,"column":61}},"167":{"start":{"line":338,"column":12},"end":{"line":340,"column":13}},"168":{"start":{"line":339,"column":16},"end":{"line":339,"column":60}},"169":{"start":{"line":341,"column":12},"end":{"line":341,"column":51}},"170":{"start":{"line":343,"column":12},"end":{"line":345,"column":15}},"171":{"start":{"line":344,"column":16},"end":{"line":344,"column":46}},"172":{"start":{"line":346,"column":12},"end":{"line":346,"column":24}},"173":{"start":{"line":351,"column":12},"end":{"line":355,"column":13}},"174":{"start":{"line":352,"column":16},"end":{"line":352,"column":50}},"175":{"start":{"line":354,"column":16},"end":{"line":354,"column":51}},"176":{"start":{"line":360,"column":12},"end":{"line":360,"column":66}},"177":{"start":{"line":365,"column":12},"end":{"line":365,"column":66}},"178":{"start":{"line":370,"column":12},"end":{"line":372,"column":13}},"179":{"start":{"line":371,"column":16},"end":{"line":371,"column":58}},"180":{"start":{"line":374,"column":12},"end":{"line":374,"column":56}},"181":{"start":{"line":375,"column":12},"end":{"line":377,"column":15}},"182":{"start":{"line":376,"column":16},"end":{"line":376,"column":46}},"183":{"start":{"line":378,"column":12},"end":{"line":378,"column":24}},"184":{"start":{"line":382,"column":4},"end":{"line":382,"column":21}},"185":{"start":{"line":385,"column":0},"end":{"line":385,"column":28}}},"branchMap":{"1":{"line":7,"type":"binary-expr","locations":[{"start":{"line":7,"column":168},"end":{"line":7,"column":189}},{"start":{"line":7,"column":193},"end":{"line":7,"column":198}}]},"2":{"line":7,"type":"if","locations":[{"start":{"line":7,"column":232},"end":{"line":7,"column":232}},{"start":{"line":7,"column":232},"end":{"line":7,"column":232}}]},"3":{"line":7,"type":"if","locations":[{"start":{"line":7,"column":407},"end":{"line":7,"column":407}},{"start":{"line":7,"column":407},"end":{"line":7,"column":407}}]},"4":{"line":7,"type":"if","locations":[{"start":{"line":7,"column":476},"end":{"line":7,"column":476}},{"start":{"line":7,"column":476},"end":{"line":7,"column":476}}]},"5":{"line":29,"type":"cond-expr","locations":[{"start":{"line":29,"column":70},"end":{"line":29,"column":73}},{"start":{"line":29,"column":76},"end":{"line":29,"column":92}}]},"6":{"line":29,"type":"binary-expr","locations":[{"start":{"line":29,"column":46},"end":{"line":29,"column":49}},{"start":{"line":29,"column":53},"end":{"line":29,"column":67}}]},"7":{"line":31,"type":"if","locations":[{"start":{"line":31,"column":50},"end":{"line":31,"column":50}},{"start":{"line":31,"column":50},"end":{"line":31,"column":50}}]},"8":{"line":35,"type":"cond-expr","locations":[{"start":{"line":35,"column":73},"end":{"line":35,"column":85}},{"start":{"line":35,"column":88},"end":{"line":35,"column":90}}]},"9":{"line":35,"type":"binary-expr","locations":[{"start":{"line":35,"column":20},"end":{"line":35,"column":40}},{"start":{"line":35,"column":44},"end":{"line":35,"column":70}}]},"10":{"line":39,"type":"binary-expr","locations":[{"start":{"line":39,"column":20},"end":{"line":39,"column":24}},{"start":{"line":39,"column":28},"end":{"line":39,"column":36}}]},"11":{"line":42,"type":"binary-expr","locations":[{"start":{"line":42,"column":32},"end":{"line":42,"column":37}},{"start":{"line":42,"column":41},"end":{"line":42,"column":57}},{"start":{"line":42,"column":61},"end":{"line":42,"column":63}}]},"12":{"line":49,"type":"if","locations":[{"start":{"line":49,"column":12},"end":{"line":49,"column":12}},{"start":{"line":49,"column":12},"end":{"line":49,"column":12}}]},"13":{"line":49,"type":"binary-expr","locations":[{"start":{"line":49,"column":16},"end":{"line":49,"column":35}},{"start":{"line":49,"column":39},"end":{"line":49,"column":71}}]},"14":{"line":55,"type":"if","locations":[{"start":{"line":55,"column":12},"end":{"line":55,"column":12}},{"start":{"line":55,"column":12},"end":{"line":55,"column":12}}]},"15":{"line":55,"type":"binary-expr","locations":[{"start":{"line":55,"column":16},"end":{"line":55,"column":34}},{"start":{"line":55,"column":38},"end":{"line":55,"column":68}}]},"16":{"line":61,"type":"if","locations":[{"start":{"line":61,"column":12},"end":{"line":61,"column":12}},{"start":{"line":61,"column":12},"end":{"line":61,"column":12}}]},"17":{"line":61,"type":"binary-expr","locations":[{"start":{"line":61,"column":16},"end":{"line":61,"column":34}},{"start":{"line":61,"column":38},"end":{"line":61,"column":68}}]},"18":{"line":67,"type":"if","locations":[{"start":{"line":67,"column":12},"end":{"line":67,"column":12}},{"start":{"line":67,"column":12},"end":{"line":67,"column":12}}]},"19":{"line":67,"type":"binary-expr","locations":[{"start":{"line":67,"column":16},"end":{"line":67,"column":37}},{"start":{"line":67,"column":41},"end":{"line":67,"column":77}}]},"20":{"line":73,"type":"if","locations":[{"start":{"line":73,"column":12},"end":{"line":73,"column":12}},{"start":{"line":73,"column":12},"end":{"line":73,"column":12}}]},"21":{"line":73,"type":"binary-expr","locations":[{"start":{"line":73,"column":16},"end":{"line":73,"column":36}},{"start":{"line":73,"column":40},"end":{"line":73,"column":74}}]},"22":{"line":82,"type":"if","locations":[{"start":{"line":82,"column":12},"end":{"line":82,"column":12}},{"start":{"line":82,"column":12},"end":{"line":82,"column":12}}]},"23":{"line":104,"type":"cond-expr","locations":[{"start":{"line":104,"column":78},"end":{"line":104,"column":90}},{"start":{"line":104,"column":93},"end":{"line":104,"column":107}}]},"24":{"line":104,"type":"binary-expr","locations":[{"start":{"line":104,"column":25},"end":{"line":104,"column":45}},{"start":{"line":104,"column":49},"end":{"line":104,"column":75}}]},"25":{"line":109,"type":"if","locations":[{"start":{"line":109,"column":12},"end":{"line":109,"column":12}},{"start":{"line":109,"column":12},"end":{"line":109,"column":12}}]},"26":{"line":111,"type":"if","locations":[{"start":{"line":111,"column":19},"end":{"line":111,"column":19}},{"start":{"line":111,"column":19},"end":{"line":111,"column":19}}]},"27":{"line":117,"type":"if","locations":[{"start":{"line":117,"column":12},"end":{"line":117,"column":12}},{"start":{"line":117,"column":12},"end":{"line":117,"column":12}}]},"28":{"line":121,"type":"if","locations":[{"start":{"line":121,"column":12},"end":{"line":121,"column":12}},{"start":{"line":121,"column":12},"end":{"line":121,"column":12}}]},"29":{"line":139,"type":"if","locations":[{"start":{"line":139,"column":12},"end":{"line":139,"column":12}},{"start":{"line":139,"column":12},"end":{"line":139,"column":12}}]},"30":{"line":151,"type":"cond-expr","locations":[{"start":{"line":151,"column":78},"end":{"line":151,"column":90}},{"start":{"line":151,"column":93},"end":{"line":151,"column":107}}]},"31":{"line":151,"type":"binary-expr","locations":[{"start":{"line":151,"column":25},"end":{"line":151,"column":45}},{"start":{"line":151,"column":49},"end":{"line":151,"column":75}}]},"32":{"line":157,"type":"if","locations":[{"start":{"line":157,"column":12},"end":{"line":157,"column":12}},{"start":{"line":157,"column":12},"end":{"line":157,"column":12}}]},"33":{"line":159,"type":"if","locations":[{"start":{"line":159,"column":19},"end":{"line":159,"column":19}},{"start":{"line":159,"column":19},"end":{"line":159,"column":19}}]},"34":{"line":165,"type":"if","locations":[{"start":{"line":165,"column":12},"end":{"line":165,"column":12}},{"start":{"line":165,"column":12},"end":{"line":165,"column":12}}]},"35":{"line":173,"type":"if","locations":[{"start":{"line":173,"column":12},"end":{"line":173,"column":12}},{"start":{"line":173,"column":12},"end":{"line":173,"column":12}}]},"36":{"line":183,"type":"binary-expr","locations":[{"start":{"line":183,"column":19},"end":{"line":183,"column":43}},{"start":{"line":183,"column":47},"end":{"line":183,"column":62}},{"start":{"line":183,"column":66},"end":{"line":183,"column":101}}]},"37":{"line":194,"type":"if","locations":[{"start":{"line":194,"column":12},"end":{"line":194,"column":12}},{"start":{"line":194,"column":12},"end":{"line":194,"column":12}}]},"38":{"line":214,"type":"binary-expr","locations":[{"start":{"line":214,"column":23},"end":{"line":214,"column":56}},{"start":{"line":214,"column":60},"end":{"line":214,"column":102}}]},"39":{"line":217,"type":"if","locations":[{"start":{"line":217,"column":12},"end":{"line":217,"column":12}},{"start":{"line":217,"column":12},"end":{"line":217,"column":12}}]},"40":{"line":238,"type":"binary-expr","locations":[{"start":{"line":238,"column":53},"end":{"line":238,"column":58}},{"start":{"line":238,"column":62},"end":{"line":238,"column":89}}]},"41":{"line":261,"type":"if","locations":[{"start":{"line":261,"column":12},"end":{"line":261,"column":12}},{"start":{"line":261,"column":12},"end":{"line":261,"column":12}}]},"42":{"line":270,"type":"if","locations":[{"start":{"line":270,"column":12},"end":{"line":270,"column":12}},{"start":{"line":270,"column":12},"end":{"line":270,"column":12}}]},"43":{"line":272,"type":"if","locations":[{"start":{"line":272,"column":16},"end":{"line":272,"column":16}},{"start":{"line":272,"column":16},"end":{"line":272,"column":16}}]},"44":{"line":274,"type":"if","locations":[{"start":{"line":274,"column":23},"end":{"line":274,"column":23}},{"start":{"line":274,"column":23},"end":{"line":274,"column":23}}]},"45":{"line":274,"type":"binary-expr","locations":[{"start":{"line":274,"column":27},"end":{"line":274,"column":65}},{"start":{"line":274,"column":69},"end":{"line":274,"column":116}}]},"46":{"line":291,"type":"if","locations":[{"start":{"line":291,"column":16},"end":{"line":291,"column":16}},{"start":{"line":291,"column":16},"end":{"line":291,"column":16}}]},"47":{"line":338,"type":"if","locations":[{"start":{"line":338,"column":12},"end":{"line":338,"column":12}},{"start":{"line":338,"column":12},"end":{"line":338,"column":12}}]},"48":{"line":351,"type":"if","locations":[{"start":{"line":351,"column":12},"end":{"line":351,"column":12}},{"start":{"line":351,"column":12},"end":{"line":351,"column":12}}]},"49":{"line":370,"type":"if","locations":[{"start":{"line":370,"column":12},"end":{"line":370,"column":12}},{"start":{"line":370,"column":12},"end":{"line":370,"column":12}}]}}}}