TN:
SF:/Users/jaredbarnes/LSS/Queryable/lib/OperationExpression.js
FN:7,(anonymous_1)
FN:7,defineProperties
FN:7,(anonymous_3)
FN:13,_interopRequireDefault
FN:15,_classCallCheck
FN:17,_possibleConstructorReturn
FN:19,_inherits
FN:21,(anonymous_8)
FN:24,OperationExpression
FN:36,copy
FN:40,(anonymous_11)
FN:48,isEqualTo
FN:57,(anonymous_13)
FN:63,contains
FN:67,(anonymous_15)
FN:76,(anonymous_16)
FN:82,getMatchingNodes
FN:88,(anonymous_18)
FN:97,(anonymous_19)
FNF:19
FNH:14
FNDA:1,(anonymous_1)
FNDA:1,defineProperties
FNDA:1,(anonymous_3)
FNDA:1,_interopRequireDefault
FNDA:617,_classCallCheck
FNDA:617,_possibleConstructorReturn
FNDA:1,_inherits
FNDA:1,(anonymous_8)
FNDA:617,OperationExpression
FNDA:242,copy
FNDA:74,(anonymous_11)
FNDA:0,isEqualTo
FNDA:0,(anonymous_13)
FNDA:36,contains
FNDA:15,(anonymous_15)
FNDA:19,(anonymous_16)
FNDA:0,getMatchingNodes
FNDA:0,(anonymous_18)
FNDA:0,(anonymous_19)
DA:3,1
DA:7,4
DA:9,1
DA:11,1
DA:13,1
DA:15,617
DA:17,617
DA:19,1
DA:21,1
DA:22,1
DA:24,1
DA:25,617
DA:27,617
DA:29,617
DA:30,617
DA:31,617
DA:34,1
DA:37,242
DA:38,242
DA:40,242
DA:41,74
DA:44,242
DA:49,0
DA:50,0
DA:53,0
DA:54,0
DA:57,0
DA:58,0
DA:64,36
DA:66,36
DA:67,8
DA:68,15
DA:71,8
DA:72,4
DA:76,32
DA:77,19
DA:83,0
DA:85,0
DA:87,0
DA:88,0
DA:89,0
DA:92,0
DA:93,0
DA:97,0
DA:98,0
DA:99,0
DA:103,0
DA:107,1
DA:110,1
LF:49
LH:32
BRDA:7,1,0,4
BRDA:7,1,1,4
BRDA:7,2,0,4
BRDA:7,2,1,0
BRDA:7,3,0,1
BRDA:7,3,1,0
BRDA:7,4,0,0
BRDA:7,4,1,1
BRDA:13,5,0,1
BRDA:13,5,1,0
BRDA:13,6,0,1
BRDA:13,6,1,1
BRDA:15,7,0,0
BRDA:15,7,1,617
BRDA:17,8,0,0
BRDA:17,8,1,617
BRDA:17,9,0,0
BRDA:17,9,1,617
BRDA:17,10,0,617
BRDA:17,10,1,0
BRDA:17,10,2,0
BRDA:19,11,0,0
BRDA:19,11,1,1
BRDA:19,12,0,1
BRDA:19,12,1,0
BRDA:19,13,0,1
BRDA:19,13,1,1
BRDA:19,14,0,1
BRDA:19,14,1,0
BRDA:19,15,0,1
BRDA:19,15,1,0
BRDA:27,16,0,617
BRDA:27,16,1,0
BRDA:49,17,0,0
BRDA:49,17,1,0
BRDA:49,18,0,0
BRDA:49,18,1,0
BRDA:53,19,0,0
BRDA:53,19,1,0
BRDA:66,20,0,8
BRDA:66,20,1,28
BRDA:66,21,0,36
BRDA:66,21,1,8
BRDA:71,22,0,4
BRDA:71,22,1,4
BRDA:85,23,0,0
BRDA:85,23,1,0
BRDA:87,24,0,0
BRDA:87,24,1,0
BRDA:87,25,0,0
BRDA:87,25,1,0
BRDA:92,26,0,0
BRDA:92,26,1,0
BRDA:98,27,0,0
BRDA:98,27,1,0
BRF:55
BRH:25
end_of_record
TN:
SF:/Users/jaredbarnes/LSS/Queryable/lib/Expression.js
FN:7,(anonymous_1)
FN:7,defineProperties
FN:7,(anonymous_3)
FN:9,_classCallCheck
FN:11,(anonymous_5)
FN:12,Expression
FN:20,copy
FN:25,isEqualTo
FNF:8
FNH:6
FNDA:1,(anonymous_1)
FNDA:1,defineProperties
FNDA:1,(anonymous_3)
FNDA:1014,_classCallCheck
FNDA:1,(anonymous_5)
FNDA:1014,Expression
FNDA:0,copy
FNDA:0,isEqualTo
DA:3,1
DA:7,2
DA:9,1014
DA:11,1
DA:12,1
DA:13,1014
DA:15,1014
DA:18,1
DA:21,0
DA:26,0
DA:30,1
DA:33,1
LF:12
LH:10
BRDA:7,1,0,2
BRDA:7,1,1,2
BRDA:7,2,0,2
BRDA:7,2,1,0
BRDA:7,3,0,1
BRDA:7,3,1,0
BRDA:7,4,0,0
BRDA:7,4,1,1
BRDA:9,5,0,0
BRDA:9,5,1,1014
BRF:10
BRH:6
end_of_record
TN:
SF:/Users/jaredbarnes/LSS/Queryable/lib/ExpressionBuilder.js
FN:7,(anonymous_1)
FN:7,defineProperties
FN:7,(anonymous_3)
FN:17,_interopRequireDefault
FN:19,_classCallCheck
FN:21,(anonymous_6)
FN:22,ExpressionBuilder
FN:30,property
FN:36,and
FN:44,or
FN:52,value
FNF:11
FNH:11
FNDA:1,(anonymous_1)
FNDA:1,defineProperties
FNDA:1,(anonymous_3)
FNDA:2,_interopRequireDefault
FNDA:53,_classCallCheck
FNDA:1,(anonymous_6)
FNDA:53,ExpressionBuilder
FNDA:45,property
FNDA:1,and
FNDA:1,or
FNDA:1,value
DA:3,1
DA:7,4
DA:9,1
DA:11,1
DA:13,1
DA:15,1
DA:17,2
DA:19,53
DA:21,1
DA:22,1
DA:23,53
DA:25,53
DA:28,1
DA:31,45
DA:32,45
DA:37,1
DA:38,1
DA:40,1
DA:45,1
DA:46,1
DA:48,1
DA:53,1
DA:54,1
DA:58,1
DA:61,1
LF:25
LH:25
BRDA:7,1,0,4
BRDA:7,1,1,4
BRDA:7,2,0,4
BRDA:7,2,1,0
BRDA:7,3,0,1
BRDA:7,3,1,0
BRDA:7,4,0,0
BRDA:7,4,1,1
BRDA:17,5,0,2
BRDA:17,5,1,0
BRDA:17,6,0,2
BRDA:17,6,1,2
BRDA:19,7,0,0
BRDA:19,7,1,53
BRDA:25,8,0,53
BRDA:25,8,1,21
BRF:16
BRH:11
end_of_record
TN:
SF:/Users/jaredbarnes/LSS/Queryable/lib/OperationExpressionBuilder.js
FN:7,(anonymous_1)
FN:7,defineProperties
FN:7,(anonymous_3)
FN:29,_interopRequireDefault
FN:31,_classCallCheck
FN:33,(anonymous_6)
FN:34,OperationExpressionBuilder
FN:53,_createResultsOperationExpression
FN:77,_createLambdaOperationExpression
FN:99,_createOperationExpression
FN:112,_createPropertyAccessExpression
FN:120,_createPropertyNavigationExpression
FN:128,_getConstant
FN:153,any
FN:158,all
FN:163,contains
FN:168,isEqualTo
FN:173,isNotEqualTo
FN:178,isIn
FN:183,isNotIn
FN:188,isGreaterThan
FN:193,isGreaterThanOrEqualTo
FN:198,isLessThanOrEqualTo
FN:203,isLessThan
FN:208,endsWith
FN:213,startsWith
FN:218,property
FN:225,getExpression
FNF:28
FNH:23
FNDA:1,(anonymous_1)
FNDA:1,defineProperties
FNDA:1,(anonymous_3)
FNDA:5,_interopRequireDefault
FNDA:46,_classCallCheck
FNDA:1,(anonymous_6)
FNDA:46,OperationExpressionBuilder
FNDA:5,_createResultsOperationExpression
FNDA:0,_createLambdaOperationExpression
FNDA:25,_createOperationExpression
FNDA:45,_createPropertyAccessExpression
FNDA:0,_createPropertyNavigationExpression
FNDA:27,_getConstant
FNDA:0,any
FNDA:0,all
FNDA:1,contains
FNDA:17,isEqualTo
FNDA:1,isNotEqualTo
FNDA:3,isIn
FNDA:2,isNotIn
FNDA:1,isGreaterThan
FNDA:1,isGreaterThanOrEqualTo
FNDA:1,isLessThanOrEqualTo
FNDA:1,isLessThan
FNDA:1,endsWith
FNDA:1,startsWith
FNDA:0,property
FNDA:15,getExpression
DA:3,1
DA:7,21
DA:9,1
DA:11,1
DA:13,1
DA:15,1
DA:17,1
DA:19,1
DA:21,1
DA:23,1
DA:25,1
DA:27,1
DA:29,5
DA:31,46
DA:33,1
DA:34,1
DA:35,46
DA:37,46
DA:38,46
DA:39,46
DA:40,46
DA:42,46
DA:43,0
DA:46,46
DA:47,0
DA:51,1
DA:54,5
DA:56,5
DA:57,2
DA:58,2
DA:59,2
DA:61,2
DA:62,2
DA:63,3
DA:64,1
DA:65,1
DA:67,1
DA:69,1
DA:70,1
DA:72,2
DA:78,0
DA:79,0
DA:82,0
DA:84,0
DA:85,0
DA:86,0
DA:88,0
DA:90,0
DA:91,0
DA:93,0
DA:95,0
DA:100,25
DA:102,25
DA:103,25
DA:104,25
DA:106,25
DA:108,25
DA:113,45
DA:114,45
DA:116,45
DA:121,0
DA:122,0
DA:124,0
DA:129,27
DA:130,0
DA:133,27
DA:134,24
DA:135,3
DA:136,0
DA:137,3
DA:138,1
DA:139,2
DA:140,0
DA:141,2
DA:142,0
DA:143,2
DA:144,2
DA:145,0
DA:146,0
DA:148,0
DA:154,0
DA:159,0
DA:164,1
DA:169,17
DA:174,1
DA:179,3
DA:184,2
DA:189,1
DA:194,1
DA:199,1
DA:204,1
DA:209,1
DA:214,1
DA:219,0
DA:220,0
DA:221,0
DA:226,15
DA:227,15
DA:229,15
DA:233,1
DA:236,1
LF:101
LH:73
BRDA:7,1,0,21
BRDA:7,1,1,21
BRDA:7,2,0,21
BRDA:7,2,1,0
BRDA:7,3,0,1
BRDA:7,3,1,0
BRDA:7,4,0,0
BRDA:7,4,1,1
BRDA:29,5,0,5
BRDA:29,5,1,0
BRDA:29,6,0,5
BRDA:29,6,1,5
BRDA:31,7,0,0
BRDA:31,7,1,46
BRDA:40,8,0,46
BRDA:40,8,1,46
BRDA:42,9,0,0
BRDA:42,9,1,46
BRDA:46,10,0,0
BRDA:46,10,1,46
BRDA:56,11,0,2
BRDA:56,11,1,3
BRDA:63,12,0,1
BRDA:63,12,1,2
BRDA:78,13,0,0
BRDA:78,13,1,0
BRDA:129,14,0,0
BRDA:129,14,1,27
BRDA:133,15,0,24
BRDA:133,15,1,3
BRDA:135,16,0,0
BRDA:135,16,1,3
BRDA:137,17,0,1
BRDA:137,17,1,2
BRDA:139,18,0,0
BRDA:139,18,1,2
BRDA:141,19,0,0
BRDA:141,19,1,2
BRDA:143,20,0,2
BRDA:143,20,1,0
BRDA:145,21,0,0
BRDA:145,21,1,0
BRF:42
BRH:26
end_of_record
TN:
SF:/Users/jaredbarnes/LSS/Queryable/lib/ValueExpression.js
FN:7,(anonymous_1)
FN:7,defineProperties
FN:7,(anonymous_3)
FN:13,_interopRequireDefault
FN:15,_classCallCheck
FN:17,_possibleConstructorReturn
FN:19,_inherits
FN:21,(anonymous_8)
FN:24,ValueExpression
FN:36,copy
FN:41,isEqualTo
FN:49,contains
FNF:12
FNH:12
FNDA:1,(anonymous_1)
FNDA:1,defineProperties
FNDA:1,(anonymous_3)
FNDA:1,_interopRequireDefault
FNDA:397,_classCallCheck
FNDA:397,_possibleConstructorReturn
FNDA:1,_inherits
FNDA:1,(anonymous_8)
FNDA:397,ValueExpression
FNDA:149,copy
FNDA:22,isEqualTo
FNDA:22,contains
DA:3,1
DA:7,3
DA:9,1
DA:11,1
DA:13,1
DA:15,397
DA:17,397
DA:19,1
DA:21,1
DA:22,1
DA:24,1
DA:25,397
DA:27,397
DA:29,397
DA:30,397
DA:31,397
DA:34,1
DA:37,149
DA:42,22
DA:43,10
DA:45,12
DA:50,22
DA:54,1
DA:57,1
LF:24
LH:24
BRDA:7,1,0,3
BRDA:7,1,1,3
BRDA:7,2,0,3
BRDA:7,2,1,0
BRDA:7,3,0,1
BRDA:7,3,1,0
BRDA:7,4,0,0
BRDA:7,4,1,1
BRDA:13,5,0,1
BRDA:13,5,1,0
BRDA:13,6,0,1
BRDA:13,6,1,1
BRDA:15,7,0,0
BRDA:15,7,1,397
BRDA:17,8,0,0
BRDA:17,8,1,397
BRDA:17,9,0,0
BRDA:17,9,1,397
BRDA:17,10,0,397
BRDA:17,10,1,0
BRDA:17,10,2,0
BRDA:19,11,0,0
BRDA:19,11,1,1
BRDA:19,12,0,1
BRDA:19,12,1,0
BRDA:19,13,0,1
BRDA:19,13,1,1
BRDA:19,14,0,1
BRDA:19,14,1,0
BRDA:19,15,0,1
BRDA:19,15,1,0
BRDA:27,16,0,397
BRDA:27,16,1,0
BRDA:42,17,0,10
BRDA:42,17,1,12
BRDA:42,18,0,22
BRDA:42,18,1,22
BRDA:42,18,2,14
BRF:38
BRH:24
end_of_record
TN:
SF:/Users/jaredbarnes/LSS/Queryable/lib/Queryable.js
FN:7,(anonymous_1)
FN:7,defineProperties
FN:7,(anonymous_3)
FN:29,_interopRequireDefault
FN:31,_classCallCheck
FN:33,(anonymous_6)
FN:34,Queryable
FN:48,_applyQuery
FN:87,_assertHasProvider
FN:94,_copyQuery
FN:109,_createQueryableFromLambda
FN:110,(anonymous_12)
FN:144,_createQueryableFromNumber
FN:156,_createQueryableFromOrderBy
FN:157,(anonymous_15)
FN:188,and
FN:193,copy
FN:200,countAsync
FN:206,getExpression
FN:211,getQuery
FN:216,include
FN:235,merge
FN:261,(anonymous_23)
FN:265,(anonymous_24)
FN:275,ofType
FN:282,or
FN:287,orderBy
FN:292,orderBy
FN:297,orderByDesc
FN:302,take
FN:307,toArrayAsync
FN:313,toArrayWithCountAsync
FN:319,setParameters
FN:325,(anonymous_34)
FN:332,select
FN:341,(anonymous_36)
FN:359,skip
FN:364,where
FN:369,withParameters
FN:375,(anonymous_40)
FNF:40
FNH:38
FNDA:1,(anonymous_1)
FNDA:1,defineProperties
FNDA:1,(anonymous_3)
FNDA:5,_interopRequireDefault
FNDA:110,_classCallCheck
FNDA:1,(anonymous_6)
FNDA:110,Queryable
FNDA:110,_applyQuery
FNDA:4,_assertHasProvider
FNDA:52,_copyQuery
FNDA:19,_createQueryableFromLambda
FNDA:2,(anonymous_12)
FNDA:4,_createQueryableFromNumber
FNDA:17,_createQueryableFromOrderBy
FNDA:2,(anonymous_15)
FNDA:1,and
FNDA:53,copy
FNDA:1,countAsync
FNDA:0,getExpression
FNDA:86,getQuery
FNDA:5,include
FNDA:8,merge
FNDA:1,(anonymous_23)
FNDA:2,(anonymous_24)
FNDA:1,ofType
FNDA:5,or
FNDA:0,orderBy
FNDA:10,orderBy
FNDA:7,orderByDesc
FNDA:2,take
FNDA:2,toArrayAsync
FNDA:1,toArrayWithCountAsync
FNDA:2,setParameters
FNDA:2,(anonymous_34)
FNDA:3,select
FNDA:3,(anonymous_36)
FNDA:2,skip
FNDA:13,where
FNDA:2,withParameters
FNDA:2,(anonymous_40)
DA:3,1
DA:7,26
DA:9,1
DA:11,1
DA:13,1
DA:15,1
DA:17,1
DA:19,1
DA:21,1
DA:23,1
DA:25,1
DA:27,1
DA:29,5
DA:31,110
DA:33,1
DA:34,1
DA:35,110
DA:37,110
DA:39,110
DA:40,110
DA:41,110
DA:42,110
DA:43,110
DA:46,1
DA:49,110
DA:50,53
DA:52,57
DA:55,110
DA:56,53
DA:58,57
DA:61,110
DA:62,53
DA:64,57
DA:67,110
DA:68,53
DA:70,57
DA:73,110
DA:74,53
DA:76,57
DA:79,110
DA:80,53
DA:82,57
DA:88,4
DA:89,1
DA:95,52
DA:97,52
DA:98,52
DA:99,52
DA:100,52
DA:101,52
DA:102,52
DA:103,52
DA:105,52
DA:110,19
DA:112,19
DA:113,19
DA:115,19
DA:116,17
DA:117,2
DA:118,2
DA:120,0
DA:123,19
DA:124,2
DA:127,17
DA:128,14
DA:131,3
DA:132,3
DA:133,3
DA:135,3
DA:137,3
DA:140,17
DA:145,4
DA:146,2
DA:149,2
DA:150,2
DA:152,2
DA:157,17
DA:159,17
DA:160,17
DA:161,17
DA:163,17
DA:164,15
DA:165,2
DA:166,2
DA:168,0
DA:171,15
DA:172,0
DA:175,15
DA:176,15
DA:177,15
DA:179,15
DA:180,13
DA:181,13
DA:183,2
DA:189,1
DA:194,53
DA:195,53
DA:196,53
DA:201,1
DA:202,1
DA:207,0
DA:212,86
DA:217,5
DA:218,1
DA:221,4
DA:222,4
DA:224,4
DA:226,4
DA:227,4
DA:228,4
DA:230,0
DA:236,8
DA:237,1
DA:240,7
DA:241,7
DA:242,7
DA:243,7
DA:245,7
DA:247,3
DA:248,1
DA:249,2
DA:250,1
DA:252,1
DA:253,1
DA:255,1
DA:257,1
DA:261,7
DA:262,1
DA:265,7
DA:266,2
DA:267,1
DA:271,7
DA:276,1
DA:277,1
DA:278,1
DA:283,5
DA:288,0
DA:293,10
DA:298,7
DA:303,2
DA:308,2
DA:309,1
DA:314,1
DA:315,1
DA:320,2
DA:321,1
DA:323,1
DA:325,1
DA:326,2
DA:328,1
DA:333,3
DA:335,3
DA:336,1
DA:339,2
DA:341,2
DA:342,3
DA:343,0
DA:346,3
DA:348,3
DA:350,3
DA:351,3
DA:355,2
DA:360,2
DA:365,13
DA:370,2
DA:371,1
DA:374,1
DA:375,1
DA:376,2
DA:378,1
DA:382,1
DA:385,1
LF:172
LH:165
BRDA:7,1,0,26
BRDA:7,1,1,26
BRDA:7,2,0,26
BRDA:7,2,1,0
BRDA:7,3,0,1
BRDA:7,3,1,0
BRDA:7,4,0,0
BRDA:7,4,1,1
BRDA:29,5,0,5
BRDA:29,5,1,0
BRDA:29,6,0,5
BRDA:29,6,1,5
BRDA:31,7,0,0
BRDA:31,7,1,110
BRDA:35,8,0,53
BRDA:35,8,1,57
BRDA:35,9,0,110
BRDA:35,9,1,53
BRDA:39,10,0,110
BRDA:39,10,1,54
BRDA:42,11,0,110
BRDA:42,11,1,110
BRDA:42,11,2,57
BRDA:49,12,0,53
BRDA:49,12,1,57
BRDA:49,13,0,110
BRDA:49,13,1,53
BRDA:55,14,0,53
BRDA:55,14,1,57
BRDA:55,15,0,110
BRDA:55,15,1,53
BRDA:61,16,0,53
BRDA:61,16,1,57
BRDA:61,17,0,110
BRDA:61,17,1,53
BRDA:67,18,0,53
BRDA:67,18,1,57
BRDA:67,19,0,110
BRDA:67,19,1,53
BRDA:73,20,0,53
BRDA:73,20,1,57
BRDA:73,21,0,110
BRDA:73,21,1,53
BRDA:79,22,0,53
BRDA:79,22,1,57
BRDA:79,23,0,110
BRDA:79,23,1,53
BRDA:88,24,0,1
BRDA:88,24,1,3
BRDA:110,25,0,17
BRDA:110,25,1,2
BRDA:110,26,0,19
BRDA:110,26,1,19
BRDA:115,27,0,17
BRDA:115,27,1,2
BRDA:117,28,0,2
BRDA:117,28,1,0
BRDA:123,29,0,2
BRDA:123,29,1,17
BRDA:127,30,0,14
BRDA:127,30,1,3
BRDA:145,31,0,2
BRDA:145,31,1,2
BRDA:157,32,0,15
BRDA:157,32,1,2
BRDA:157,33,0,17
BRDA:157,33,1,17
BRDA:163,34,0,15
BRDA:163,34,1,2
BRDA:165,35,0,2
BRDA:165,35,1,0
BRDA:171,36,0,0
BRDA:171,36,1,15
BRDA:179,37,0,13
BRDA:179,37,1,2
BRDA:194,38,0,53
BRDA:194,38,1,8
BRDA:217,39,0,1
BRDA:217,39,1,4
BRDA:226,40,0,4
BRDA:226,40,1,0
BRDA:236,41,0,1
BRDA:236,41,1,7
BRDA:245,42,0,3
BRDA:245,42,1,4
BRDA:247,43,0,1
BRDA:247,43,1,2
BRDA:249,44,0,1
BRDA:249,44,1,1
BRDA:249,45,0,2
BRDA:249,45,1,2
BRDA:266,46,0,1
BRDA:266,46,1,1
BRDA:320,47,0,1
BRDA:320,47,1,1
BRDA:335,48,0,1
BRDA:335,48,1,2
BRDA:342,49,0,0
BRDA:342,49,1,3
BRDA:350,50,0,3
BRDA:350,50,1,0
BRDA:370,51,0,1
BRDA:370,51,1,1
BRF:103
BRH:92
end_of_record
