TN:
SF:/Users/jaredbarnes/LSS/Queryable/lib/ExpressionBuilder.js
FN:7,(anonymous_1)
FN:7,defineProperties
FN:7,(anonymous_3)
FN:17,_interopRequireDefault
FN:19,_classCallCheck
FN:21,(anonymous_6)
FN:22,ExpressionBuilder
FN:30,property
FN:36,and
FN:44,or
FN:52,value
FNF:11
FNH:5
FNDA:1,(anonymous_1)
FNDA:1,defineProperties
FNDA:1,(anonymous_3)
FNDA:2,_interopRequireDefault
FNDA:0,_classCallCheck
FNDA:1,(anonymous_6)
FNDA:0,ExpressionBuilder
FNDA:0,property
FNDA:0,and
FNDA:0,or
FNDA:0,value
DA:3,1
DA:7,4
DA:9,1
DA:11,1
DA:13,1
DA:15,1
DA:17,2
DA:19,1
DA:21,1
DA:22,1
DA:23,0
DA:25,0
DA:28,1
DA:31,0
DA:32,0
DA:37,0
DA:38,0
DA:40,0
DA:45,0
DA:46,0
DA:48,0
DA:53,0
DA:54,0
DA:58,1
DA:61,1
LF:25
LH:13
BRDA:7,1,0,4
BRDA:7,1,1,4
BRDA:7,2,0,4
BRDA:7,2,1,0
BRDA:7,3,0,1
BRDA:7,3,1,0
BRDA:7,4,0,0
BRDA:7,4,1,1
BRDA:17,5,0,2
BRDA:17,5,1,0
BRDA:17,6,0,2
BRDA:17,6,1,2
BRDA:19,7,0,0
BRDA:19,7,1,0
BRDA:25,8,0,0
BRDA:25,8,1,0
BRF:16
BRH:8
end_of_record
TN:
SF:/Users/jaredbarnes/LSS/Queryable/lib/OperationExpressionBuilder.js
FN:7,(anonymous_1)
FN:7,defineProperties
FN:7,(anonymous_3)
FN:17,_interopRequireDefault
FN:19,_classCallCheck
FN:21,(anonymous_6)
FN:22,OperationExpressionBuilder
FN:33,_createArrayOperationExpression
FN:50,_createLambdaOperationExpression
FN:70,_createOperationExpression
FN:84,_getConstant
FN:109,any
FN:114,all
FN:119,isEqualTo
FN:124,isNotEqualTo
FN:129,isIn
FN:134,isNotIn
FN:139,isGreaterThan
FN:144,isGreaterThanOrEqualTo
FN:149,isLessThanOrEqualTo
FN:154,isLessThan
FN:159,endsWith
FN:164,startsWith
FN:169,(anonymous_24)
FN:170,property
FN:174,(anonymous_26)
FN:179,(anonymous_27)
FN:186,getExpression
FNF:28
FNH:6
FNDA:1,(anonymous_1)
FNDA:1,defineProperties
FNDA:1,(anonymous_3)
FNDA:2,_interopRequireDefault
FNDA:0,_classCallCheck
FNDA:1,(anonymous_6)
FNDA:0,OperationExpressionBuilder
FNDA:0,_createArrayOperationExpression
FNDA:0,_createLambdaOperationExpression
FNDA:0,_createOperationExpression
FNDA:0,_getConstant
FNDA:0,any
FNDA:0,all
FNDA:0,isEqualTo
FNDA:0,isNotEqualTo
FNDA:0,isIn
FNDA:0,isNotIn
FNDA:0,isGreaterThan
FNDA:0,isGreaterThanOrEqualTo
FNDA:0,isLessThanOrEqualTo
FNDA:0,isLessThan
FNDA:0,endsWith
FNDA:0,startsWith
FNDA:1,(anonymous_24)
FNDA:0,property
FNDA:0,(anonymous_26)
FNDA:0,(anonymous_27)
FNDA:0,getExpression
DA:3,1
DA:7,18
DA:9,1
DA:11,1
DA:13,1
DA:15,1
DA:17,2
DA:19,1
DA:21,1
DA:22,1
DA:23,0
DA:25,0
DA:26,0
DA:27,0
DA:28,0
DA:31,1
DA:34,0
DA:35,0
DA:37,0
DA:38,0
DA:39,0
DA:40,0
DA:42,0
DA:43,0
DA:45,0
DA:51,0
DA:52,0
DA:55,0
DA:56,0
DA:58,0
DA:59,0
DA:61,0
DA:62,0
DA:64,0
DA:66,0
DA:71,0
DA:72,0
DA:74,0
DA:75,0
DA:76,0
DA:78,0
DA:80,0
DA:85,0
DA:86,0
DA:89,0
DA:90,0
DA:91,0
DA:92,0
DA:93,0
DA:94,0
DA:95,0
DA:96,0
DA:97,0
DA:98,0
DA:99,0
DA:100,0
DA:101,0
DA:102,0
DA:104,0
DA:110,0
DA:115,0
DA:120,0
DA:125,0
DA:130,0
DA:135,0
DA:140,0
DA:145,0
DA:150,0
DA:155,0
DA:160,0
DA:165,0
DA:170,1
DA:171,0
DA:174,1
DA:175,0
DA:178,1
DA:180,0
DA:181,0
DA:182,0
DA:187,0
DA:188,0
DA:190,0
DA:194,1
DA:197,1
LF:84
LH:16
BRDA:7,1,0,18
BRDA:7,1,1,18
BRDA:7,2,0,18
BRDA:7,2,1,0
BRDA:7,3,0,1
BRDA:7,3,1,0
BRDA:7,4,0,0
BRDA:7,4,1,1
BRDA:17,5,0,2
BRDA:17,5,1,0
BRDA:17,6,0,2
BRDA:17,6,1,2
BRDA:19,7,0,0
BRDA:19,7,1,0
BRDA:28,8,0,0
BRDA:28,8,1,0
BRDA:37,9,0,0
BRDA:37,9,1,0
BRDA:51,10,0,0
BRDA:51,10,1,0
BRDA:85,11,0,0
BRDA:85,11,1,0
BRDA:89,12,0,0
BRDA:89,12,1,0
BRDA:91,13,0,0
BRDA:91,13,1,0
BRDA:93,14,0,0
BRDA:93,14,1,0
BRDA:95,15,0,0
BRDA:95,15,1,0
BRDA:97,16,0,0
BRDA:97,16,1,0
BRDA:99,17,0,0
BRDA:99,17,1,0
BRDA:101,18,0,0
BRDA:101,18,1,0
BRF:36
BRH:8
end_of_record
TN:
SF:/Users/jaredbarnes/LSS/Queryable/lib/ValueExpression.js
FN:7,(anonymous_1)
FN:7,defineProperties
FN:7,(anonymous_3)
FN:13,_interopRequireDefault
FN:15,_classCallCheck
FN:17,_possibleConstructorReturn
FN:19,_inherits
FN:21,(anonymous_8)
FN:24,ValueExpression
FN:36,copy
FN:41,isEqualTo
FN:49,contains
FNF:12
FNH:6
FNDA:1,(anonymous_1)
FNDA:1,defineProperties
FNDA:1,(anonymous_3)
FNDA:1,_interopRequireDefault
FNDA:0,_classCallCheck
FNDA:0,_possibleConstructorReturn
FNDA:1,_inherits
FNDA:1,(anonymous_8)
FNDA:0,ValueExpression
FNDA:0,copy
FNDA:0,isEqualTo
FNDA:0,contains
DA:3,1
DA:7,3
DA:9,1
DA:11,1
DA:13,1
DA:15,1
DA:17,1
DA:19,1
DA:21,1
DA:22,1
DA:24,1
DA:25,0
DA:27,0
DA:29,0
DA:30,0
DA:31,0
DA:34,1
DA:37,0
DA:42,0
DA:43,0
DA:45,0
DA:50,0
DA:54,1
DA:57,1
LF:24
LH:14
BRDA:7,1,0,3
BRDA:7,1,1,3
BRDA:7,2,0,3
BRDA:7,2,1,0
BRDA:7,3,0,1
BRDA:7,3,1,0
BRDA:7,4,0,0
BRDA:7,4,1,1
BRDA:13,5,0,1
BRDA:13,5,1,0
BRDA:13,6,0,1
BRDA:13,6,1,1
BRDA:15,7,0,0
BRDA:15,7,1,0
BRDA:17,8,0,0
BRDA:17,8,1,0
BRDA:17,9,0,0
BRDA:17,9,1,0
BRDA:17,10,0,0
BRDA:17,10,1,0
BRDA:17,10,2,0
BRDA:19,11,0,0
BRDA:19,11,1,1
BRDA:19,12,0,1
BRDA:19,12,1,0
BRDA:19,13,0,1
BRDA:19,13,1,1
BRDA:19,14,0,1
BRDA:19,14,1,0
BRDA:19,15,0,1
BRDA:19,15,1,0
BRDA:27,16,0,0
BRDA:27,16,1,0
BRDA:42,17,0,0
BRDA:42,17,1,0
BRDA:42,18,0,0
BRDA:42,18,1,0
BRDA:42,18,2,0
BRF:38
BRH:14
end_of_record
TN:
SF:/Users/jaredbarnes/LSS/Queryable/lib/Expression.js
FN:7,(anonymous_1)
FN:7,defineProperties
FN:7,(anonymous_3)
FN:9,_classCallCheck
FN:11,(anonymous_5)
FN:12,Expression
FN:20,copy
FN:25,isEqualTo
FNF:8
FNH:4
FNDA:1,(anonymous_1)
FNDA:1,defineProperties
FNDA:1,(anonymous_3)
FNDA:0,_classCallCheck
FNDA:1,(anonymous_5)
FNDA:0,Expression
FNDA:0,copy
FNDA:0,isEqualTo
DA:3,1
DA:7,2
DA:9,1
DA:11,1
DA:12,1
DA:13,0
DA:15,0
DA:18,1
DA:21,0
DA:26,0
DA:30,1
DA:33,1
LF:12
LH:8
BRDA:7,1,0,2
BRDA:7,1,1,2
BRDA:7,2,0,2
BRDA:7,2,1,0
BRDA:7,3,0,1
BRDA:7,3,1,0
BRDA:7,4,0,0
BRDA:7,4,1,1
BRDA:9,5,0,0
BRDA:9,5,1,0
BRF:10
BRH:5
end_of_record
TN:
SF:/Users/jaredbarnes/LSS/Queryable/lib/OperationExpression.js
FN:7,(anonymous_1)
FN:7,defineProperties
FN:7,(anonymous_3)
FN:13,_interopRequireDefault
FN:15,_classCallCheck
FN:17,_possibleConstructorReturn
FN:19,_inherits
FN:21,(anonymous_8)
FN:24,OperationExpression
FN:35,copy
FN:39,(anonymous_11)
FN:47,isEqualTo
FN:56,(anonymous_13)
FN:62,contains
FN:66,(anonymous_15)
FN:75,(anonymous_16)
FN:81,getMatchingNodes
FN:87,(anonymous_18)
FN:96,(anonymous_19)
FNF:19
FNH:6
FNDA:1,(anonymous_1)
FNDA:1,defineProperties
FNDA:1,(anonymous_3)
FNDA:1,_interopRequireDefault
FNDA:0,_classCallCheck
FNDA:0,_possibleConstructorReturn
FNDA:1,_inherits
FNDA:1,(anonymous_8)
FNDA:0,OperationExpression
FNDA:0,copy
FNDA:0,(anonymous_11)
FNDA:0,isEqualTo
FNDA:0,(anonymous_13)
FNDA:0,contains
FNDA:0,(anonymous_15)
FNDA:0,(anonymous_16)
FNDA:0,getMatchingNodes
FNDA:0,(anonymous_18)
FNDA:0,(anonymous_19)
DA:3,1
DA:7,4
DA:9,1
DA:11,1
DA:13,1
DA:15,1
DA:17,1
DA:19,1
DA:21,1
DA:22,1
DA:24,1
DA:25,0
DA:27,0
DA:29,0
DA:30,0
DA:33,1
DA:36,0
DA:37,0
DA:39,0
DA:40,0
DA:43,0
DA:48,0
DA:49,0
DA:52,0
DA:53,0
DA:56,0
DA:57,0
DA:63,0
DA:65,0
DA:66,0
DA:67,0
DA:70,0
DA:71,0
DA:75,0
DA:76,0
DA:82,0
DA:84,0
DA:86,0
DA:87,0
DA:88,0
DA:91,0
DA:92,0
DA:96,0
DA:97,0
DA:98,0
DA:102,0
DA:106,1
DA:109,1
LF:48
LH:14
BRDA:7,1,0,4
BRDA:7,1,1,4
BRDA:7,2,0,4
BRDA:7,2,1,0
BRDA:7,3,0,1
BRDA:7,3,1,0
BRDA:7,4,0,0
BRDA:7,4,1,1
BRDA:13,5,0,1
BRDA:13,5,1,0
BRDA:13,6,0,1
BRDA:13,6,1,1
BRDA:15,7,0,0
BRDA:15,7,1,0
BRDA:17,8,0,0
BRDA:17,8,1,0
BRDA:17,9,0,0
BRDA:17,9,1,0
BRDA:17,10,0,0
BRDA:17,10,1,0
BRDA:17,10,2,0
BRDA:19,11,0,0
BRDA:19,11,1,1
BRDA:19,12,0,1
BRDA:19,12,1,0
BRDA:19,13,0,1
BRDA:19,13,1,1
BRDA:19,14,0,1
BRDA:19,14,1,0
BRDA:19,15,0,1
BRDA:19,15,1,0
BRDA:27,16,0,0
BRDA:27,16,1,0
BRDA:48,17,0,0
BRDA:48,17,1,0
BRDA:48,18,0,0
BRDA:48,18,1,0
BRDA:52,19,0,0
BRDA:52,19,1,0
BRDA:65,20,0,0
BRDA:65,20,1,0
BRDA:65,21,0,0
BRDA:65,21,1,0
BRDA:70,22,0,0
BRDA:70,22,1,0
BRDA:84,23,0,0
BRDA:84,23,1,0
BRDA:86,24,0,0
BRDA:86,24,1,0
BRDA:86,25,0,0
BRDA:86,25,1,0
BRDA:91,26,0,0
BRDA:91,26,1,0
BRDA:97,27,0,0
BRDA:97,27,1,0
BRF:55
BRH:14
end_of_record
TN:
SF:/Users/jaredbarnes/LSS/Queryable/lib/Queryable.js
FN:7,(anonymous_1)
FN:7,defineProperties
FN:7,(anonymous_3)
FN:13,_classCallCheck
FN:15,assertHasProvider
FN:21,copyQuery
FN:34,(anonymous_7)
FN:35,Queryable
FN:78,getExpression
FN:83,getQuery
FN:88,or
FN:93,(anonymous_12)
FN:112,where
FN:117,(anonymous_14)
FN:136,and
FN:141,take
FN:153,skip
FN:165,orderByDesc
FN:170,(anonymous_19)
FN:189,orderBy
FN:194,(anonymous_21)
FN:213,setParameters
FN:219,(anonymous_23)
FN:226,withParameters
FN:232,(anonymous_25)
FN:239,include
FN:244,(anonymous_27)
FN:261,merge
FN:283,(anonymous_29)
FN:287,(anonymous_30)
FN:297,toArrayAsync
FN:303,countAsync
FN:309,toArrayWithCountAsync
FN:315,ofType
FN:322,copy
FNF:35
FNH:6
FNDA:1,(anonymous_1)
FNDA:1,defineProperties
FNDA:1,(anonymous_3)
FNDA:41,_classCallCheck
FNDA:0,assertHasProvider
FNDA:0,copyQuery
FNDA:1,(anonymous_7)
FNDA:41,Queryable
FNDA:0,getExpression
FNDA:0,getQuery
FNDA:0,or
FNDA:0,(anonymous_12)
FNDA:0,where
FNDA:0,(anonymous_14)
FNDA:0,and
FNDA:0,take
FNDA:0,skip
FNDA:0,orderByDesc
FNDA:0,(anonymous_19)
FNDA:0,orderBy
FNDA:0,(anonymous_21)
FNDA:0,setParameters
FNDA:0,(anonymous_23)
FNDA:0,withParameters
FNDA:0,(anonymous_25)
FNDA:0,include
FNDA:0,(anonymous_27)
FNDA:0,merge
FNDA:0,(anonymous_29)
FNDA:0,(anonymous_30)
FNDA:0,toArrayAsync
FNDA:0,countAsync
FNDA:0,toArrayWithCountAsync
FNDA:0,ofType
FNDA:0,copy
DA:3,1
DA:7,18
DA:9,1
DA:11,1
DA:13,41
DA:15,1
DA:16,0
DA:17,0
DA:21,1
DA:22,0
DA:24,0
DA:25,0
DA:26,0
DA:27,0
DA:28,0
DA:29,0
DA:31,0
DA:34,1
DA:35,1
DA:36,41
DA:38,41
DA:40,41
DA:41,41
DA:42,41
DA:43,41
DA:45,41
DA:46,0
DA:48,41
DA:51,0
DA:52,0
DA:54,0
DA:57,0
DA:58,0
DA:60,0
DA:63,0
DA:64,0
DA:66,0
DA:69,0
DA:70,0
DA:72,0
DA:76,1
DA:79,0
DA:84,0
DA:89,0
DA:90,0
DA:92,0
DA:93,0
DA:94,0
DA:95,0
DA:96,0
DA:98,0
DA:101,0
DA:102,0
DA:104,0
DA:105,0
DA:108,0
DA:113,0
DA:114,0
DA:116,0
DA:117,0
DA:118,0
DA:119,0
DA:120,0
DA:122,0
DA:125,0
DA:126,0
DA:128,0
DA:129,0
DA:132,0
DA:137,0
DA:142,0
DA:143,0
DA:146,0
DA:147,0
DA:149,0
DA:154,0
DA:155,0
DA:158,0
DA:159,0
DA:161,0
DA:166,0
DA:167,0
DA:169,0
DA:170,0
DA:171,0
DA:172,0
DA:173,0
DA:175,0
DA:178,0
DA:180,0
DA:181,0
DA:182,0
DA:184,0
DA:190,0
DA:191,0
DA:193,0
DA:194,0
DA:195,0
DA:196,0
DA:197,0
DA:199,0
DA:202,0
DA:204,0
DA:205,0
DA:206,0
DA:208,0
DA:214,0
DA:215,0
DA:217,0
DA:219,0
DA:220,0
DA:222,0
DA:227,0
DA:228,0
DA:231,0
DA:232,0
DA:233,0
DA:235,0
DA:240,0
DA:241,0
DA:243,0
DA:244,0
DA:245,0
DA:246,0
DA:247,0
DA:249,0
DA:252,0
DA:253,0
DA:256,0
DA:257,0
DA:262,0
DA:263,0
DA:266,0
DA:267,0
DA:268,0
DA:269,0
DA:271,0
DA:273,0
DA:274,0
DA:275,0
DA:276,0
DA:278,0
DA:279,0
DA:283,0
DA:284,0
DA:287,0
DA:288,0
DA:289,0
DA:293,0
DA:298,0
DA:299,0
DA:304,0
DA:305,0
DA:310,0
DA:311,0
DA:316,0
DA:317,0
DA:318,0
DA:323,0
DA:324,0
DA:325,0
DA:329,1
DA:332,1
LF:163
LH:20
BRDA:7,1,0,18
BRDA:7,1,1,18
BRDA:7,2,0,18
BRDA:7,2,1,0
BRDA:7,3,0,1
BRDA:7,3,1,0
BRDA:7,4,0,0
BRDA:7,4,1,1
BRDA:13,5,0,0
BRDA:13,5,1,41
BRDA:16,6,0,0
BRDA:16,6,1,0
BRDA:38,7,0,41
BRDA:38,7,1,41
BRDA:40,8,0,41
BRDA:40,8,1,41
BRDA:43,9,0,41
BRDA:43,9,1,41
BRDA:43,9,2,41
BRDA:45,10,0,0
BRDA:45,10,1,41
BRDA:45,11,0,41
BRDA:45,11,1,0
BRDA:51,12,0,0
BRDA:51,12,1,0
BRDA:51,13,0,0
BRDA:51,13,1,0
BRDA:57,14,0,0
BRDA:57,14,1,0
BRDA:57,15,0,0
BRDA:57,15,1,0
BRDA:63,16,0,0
BRDA:63,16,1,0
BRDA:63,17,0,0
BRDA:63,17,1,0
BRDA:69,18,0,0
BRDA:69,18,1,0
BRDA:69,19,0,0
BRDA:69,19,1,0
BRDA:92,20,0,0
BRDA:92,20,1,0
BRDA:93,21,0,0
BRDA:93,21,1,0
BRDA:95,22,0,0
BRDA:95,22,1,0
BRDA:101,23,0,0
BRDA:101,23,1,0
BRDA:116,24,0,0
BRDA:116,24,1,0
BRDA:117,25,0,0
BRDA:117,25,1,0
BRDA:119,26,0,0
BRDA:119,26,1,0
BRDA:125,27,0,0
BRDA:125,27,1,0
BRDA:142,28,0,0
BRDA:142,28,1,0
BRDA:154,29,0,0
BRDA:154,29,1,0
BRDA:169,30,0,0
BRDA:169,30,1,0
BRDA:170,31,0,0
BRDA:170,31,1,0
BRDA:172,32,0,0
BRDA:172,32,1,0
BRDA:180,33,0,0
BRDA:180,33,1,0
BRDA:193,34,0,0
BRDA:193,34,1,0
BRDA:194,35,0,0
BRDA:194,35,1,0
BRDA:196,36,0,0
BRDA:196,36,1,0
BRDA:204,37,0,0
BRDA:204,37,1,0
BRDA:214,38,0,0
BRDA:214,38,1,0
BRDA:227,39,0,0
BRDA:227,39,1,0
BRDA:243,40,0,0
BRDA:243,40,1,0
BRDA:244,41,0,0
BRDA:244,41,1,0
BRDA:246,42,0,0
BRDA:246,42,1,0
BRDA:252,43,0,0
BRDA:252,43,1,0
BRDA:262,44,0,0
BRDA:262,44,1,0
BRDA:271,45,0,0
BRDA:271,45,1,0
BRDA:273,46,0,0
BRDA:273,46,1,0
BRDA:275,47,0,0
BRDA:275,47,1,0
BRDA:275,48,0,0
BRDA:275,48,1,0
BRDA:288,49,0,0
BRDA:288,49,1,0
BRDA:323,50,0,0
BRDA:323,50,1,0
BRF:101
BRH:15
end_of_record
